Mplus VERSION 7
MUTHEN & MUTHEN
08/19/2021  11:57 AM

INPUT INSTRUCTIONS

  TITLE:
  RI CLPM - A2;
  DATA:
  FILE = "mplus/modelo_basico_0d9373767802af8792c779fb3d387dfb.dat";

  VARIABLE:
  NAMES = marchw01 marchw02 marchw03 marchw04 marchw05 redesw01 redesw02 redesw03
       redesw04 redesw05;
   MISSING=.;

  ANALYSIS:
  ESTIMATOR = mlr;
      ITERATIONS = 5000;
  MODEL:

      ! Crear los componentes between
        RI_x BY marchw01@1 marchw02@1 marchw03@1 marchw04@1 marchw05@1;
        RI_y BY redesw01@1 redesw02@1 redesw03@1 redesw04@1 redesw05@1;

      ! Crear los componentes within
        cx1 BY marchw01@1;
        cx2 BY marchw02@1;
        cx3 BY marchw03@1;
        cx4 BY marchw04@1;
        cx5 BY marchw05@1;

        cy1 BY redesw01@1;
        cy2 BY redesw02@1;
        cy3 BY redesw03@1;
        cy4 BY redesw04@1;
        cy5 BY redesw05@1;

      ! Constrenir las varianzas del error de medicion a cero
        marchw01 - redesw05@0;

      ! Estimar los efectos lagged (autorregresivos)
        cx2 ON cx1 (a);
        cx3 ON cx2 (a);
        cx4 ON cx3 (a);
        cx5 ON cx4 (a);
        cy2 ON cy1 (b);
        cy3 ON cy2 (b);
        cy4 ON cy3 (b);
        cy5 ON cy4 (b);

      ! Estimar la covarianza entre los componentes within t=1
        cx1 WITH cy1;

      ! Estimar las covarianzas entre los residuos del componente within (innovations)
        cx2 WITH cy2;
        cx3 WITH cy3;
        cx4 WITH cy4;
        cx5 WITH cy5;

      ! Estimar la covarianza entre los RI
        RI_x WITH RI_y;

      ! Fijar la correlacion entre los RI y componentes within t=1 a cero
        RI_x WITH cx1@0 cy1@0;
        RI_y WITH cx1@0 cy1@0;

  OUTPUT:
  CINTERVAL sampstat mod stdyx tech1 tech4;



*** WARNING
  Data set contains cases with missing on all variables.
  These cases were not included in the analysis.
  Number of cases with missing on all variables:  1
   1 WARNING(S) FOUND IN THE INPUT INSTRUCTIONS




RI CLPM - A2;

SUMMARY OF ANALYSIS

Number of groups                                                 1
Number of observations                                        2927

Number of dependent variables                                   10
Number of independent variables                                  0
Number of continuous latent variables                           12

Observed dependent variables

  Continuous
   MARCHW01    MARCHW02    MARCHW03    MARCHW04    MARCHW05    REDESW01
   REDESW02    REDESW03    REDESW04    REDESW05

Continuous latent variables
   RI_X        RI_Y        CX1         CX2         CX3         CX4
   CX5         CY1         CY2         CY3         CY4         CY5


Estimator                                                      MLR
Information matrix                                        OBSERVED
Maximum number of iterations                                  5000
Convergence criterion                                    0.500D-04
Maximum number of steepest descent iterations                   20
Maximum number of iterations for H1                           2000
Convergence criterion for H1                             0.100D-03

Input data file(s)
  mplus/modelo_basico_0d9373767802af8792c779fb3d387dfb.dat

Input data format  FREE


SUMMARY OF DATA

     Number of missing data patterns            23


COVARIANCE COVERAGE OF DATA

Minimum covariance coverage value   0.100


     PROPORTION OF DATA PRESENT


           Covariance Coverage
              MARCHW01      MARCHW02      MARCHW03      MARCHW04      MARCHW05
              ________      ________      ________      ________      ________
 MARCHW01       0.998
 MARCHW02       0.844         0.845
 MARCHW03       0.759         0.719         0.761
 MARCHW04       0.735         0.698         0.682         0.736
 MARCHW05       0.594         0.565         0.554         0.566         0.594
 REDESW01       0.997         0.843         0.758         0.734         0.593
 REDESW02       0.844         0.845         0.719         0.698         0.565
 REDESW03       0.758         0.718         0.760         0.681         0.554
 REDESW04       0.735         0.698         0.682         0.736         0.566
 REDESW05       0.594         0.565         0.554         0.566         0.594


           Covariance Coverage
              REDESW01      REDESW02      REDESW03      REDESW04      REDESW05
              ________      ________      ________      ________      ________
 REDESW01       0.997
 REDESW02       0.843         0.845
 REDESW03       0.757         0.718         0.760
 REDESW04       0.734         0.698         0.681         0.736
 REDESW05       0.593         0.565         0.554         0.566         0.594


SAMPLE STATISTICS


     ESTIMATED SAMPLE STATISTICS


           Means
              MARCHW01      MARCHW02      MARCHW03      MARCHW04      MARCHW05
              ________      ________      ________      ________      ________
      1         1.313         1.218         1.188         1.500         1.192


           Means
              REDESW01      REDESW02      REDESW03      REDESW04      REDESW05
              ________      ________      ________      ________      ________
      1         1.714         1.609         1.605         1.865         1.815


           Covariances
              MARCHW01      MARCHW02      MARCHW03      MARCHW04      MARCHW05
              ________      ________      ________      ________      ________
 MARCHW01       0.602
 MARCHW02       0.208         0.414
 MARCHW03       0.181         0.170         0.351
 MARCHW04       0.277         0.234         0.244         0.984
 MARCHW05       0.127         0.095         0.104         0.309         0.401
 REDESW01       0.374         0.194         0.181         0.346         0.157
 REDESW02       0.209         0.294         0.175         0.329         0.116
 REDESW03       0.229         0.219         0.238         0.360         0.114
 REDESW04       0.259         0.237         0.218         0.565         0.241
 REDESW05       0.248         0.232         0.209         0.442         0.214


           Covariances
              REDESW01      REDESW02      REDESW03      REDESW04      REDESW05
              ________      ________      ________      ________      ________
 REDESW01       1.386
 REDESW02       0.551         1.187
 REDESW03       0.553         0.598         1.131
 REDESW04       0.640         0.642         0.740         1.644
 REDESW05       0.590         0.571         0.622         0.939         1.464


           Correlations
              MARCHW01      MARCHW02      MARCHW03      MARCHW04      MARCHW05
              ________      ________      ________      ________      ________
 MARCHW01       1.000
 MARCHW02       0.417         1.000
 MARCHW03       0.394         0.447         1.000
 MARCHW04       0.360         0.367         0.414         1.000
 MARCHW05       0.258         0.232         0.276         0.492         1.000
 REDESW01       0.410         0.256         0.260         0.297         0.210
 REDESW02       0.247         0.419         0.271         0.304         0.168
 REDESW03       0.278         0.320         0.378         0.342         0.169
 REDESW04       0.261         0.288         0.287         0.445         0.297
 REDESW05       0.264         0.298         0.292         0.368         0.279


           Correlations
              REDESW01      REDESW02      REDESW03      REDESW04      REDESW05
              ________      ________      ________      ________      ________
 REDESW01       1.000
 REDESW02       0.430         1.000
 REDESW03       0.442         0.516         1.000
 REDESW04       0.424         0.460         0.543         1.000
 REDESW05       0.414         0.433         0.484         0.606         1.000


     MAXIMUM LOG-LIKELIHOOD VALUE FOR THE UNRESTRICTED (H1) MODEL IS  -27136.359


THE MODEL ESTIMATION TERMINATED NORMALLY



MODEL FIT INFORMATION

Number of Free Parameters                       30

Loglikelihood

          H0 Value                      -27320.028
          H0 Scaling Correction Factor      2.1812
            for MLR
          H1 Value                      -27136.359
          H1 Scaling Correction Factor      1.9847
            for MLR

Information Criteria

          Akaike (AIC)                   54700.056
          Bayesian (BIC)                 54879.508
          Sample-Size Adjusted BIC       54784.187
            (n* = (n + 2) / 24)

Chi-Square Test of Model Fit

          Value                            202.243*
          Degrees of Freedom                    35
          P-Value                           0.0000
          Scaling Correction Factor         1.8163
            for MLR

*   The chi-square value for MLM, MLMV, MLR, ULSMV, WLSM and WLSMV cannot be used
    for chi-square difference testing in the regular way.  MLM, MLR and WLSM
    chi-square difference testing is described on the Mplus website.  MLMV, WLSMV,
    and ULSMV difference testing is done using the DIFFTEST option.

RMSEA (Root Mean Square Error Of Approximation)

          Estimate                           0.040
          90 Percent C.I.                    0.035  0.046
          Probability RMSEA <= .05           0.998

CFI/TLI

          CFI                                0.953
          TLI                                0.940

Chi-Square Test of Model Fit for the Baseline Model

          Value                           3632.161
          Degrees of Freedom                    45
          P-Value                           0.0000

SRMR (Standardized Root Mean Square Residual)

          Value                              0.070



MODEL RESULTS

                                                    Two-Tailed
                    Estimate       S.E.  Est./S.E.    P-Value

 RI_X     BY
    MARCHW01           1.000      0.000    999.000    999.000
    MARCHW02           1.000      0.000    999.000    999.000
    MARCHW03           1.000      0.000    999.000    999.000
    MARCHW04           1.000      0.000    999.000    999.000
    MARCHW05           1.000      0.000    999.000    999.000

 RI_Y     BY
    REDESW01           1.000      0.000    999.000    999.000
    REDESW02           1.000      0.000    999.000    999.000
    REDESW03           1.000      0.000    999.000    999.000
    REDESW04           1.000      0.000    999.000    999.000
    REDESW05           1.000      0.000    999.000    999.000

 CX1      BY
    MARCHW01           1.000      0.000    999.000    999.000

 CX2      BY
    MARCHW02           1.000      0.000    999.000    999.000

 CX3      BY
    MARCHW03           1.000      0.000    999.000    999.000

 CX4      BY
    MARCHW04           1.000      0.000    999.000    999.000

 CX5      BY
    MARCHW05           1.000      0.000    999.000    999.000

 CY1      BY
    REDESW01           1.000      0.000    999.000    999.000

 CY2      BY
    REDESW02           1.000      0.000    999.000    999.000

 CY3      BY
    REDESW03           1.000      0.000    999.000    999.000

 CY4      BY
    REDESW04           1.000      0.000    999.000    999.000

 CY5      BY
    REDESW05           1.000      0.000    999.000    999.000

 CX2      ON
    CX1                0.150      0.023      6.402      0.000

 CX3      ON
    CX2                0.150      0.023      6.402      0.000

 CX4      ON
    CX3                0.150      0.023      6.402      0.000

 CX5      ON
    CX4                0.150      0.023      6.402      0.000

 CY2      ON
    CY1                0.148      0.022      6.655      0.000

 CY3      ON
    CY2                0.148      0.022      6.655      0.000

 CY4      ON
    CY3                0.148      0.022      6.655      0.000

 CY5      ON
    CY4                0.148      0.022      6.655      0.000

 CX1      WITH
    CY1                0.168      0.022      7.672      0.000

 CX2      WITH
    CY2                0.123      0.017      7.123      0.000

 CX3      WITH
    CY3                0.054      0.015      3.479      0.001

 CX4      WITH
    CY4                0.208      0.027      7.665      0.000

 CX5      WITH
    CY5                0.009      0.017      0.519      0.604

 RI_X     WITH
    RI_Y               0.197      0.016     12.265      0.000
    CX1                0.000      0.000    999.000    999.000
    CY1                0.000      0.000    999.000    999.000

 RI_Y     WITH
    CX1                0.000      0.000    999.000    999.000
    CY1                0.000      0.000    999.000    999.000

 Intercepts
    MARCHW01           1.313      0.014     91.513      0.000
    MARCHW02           1.218      0.013     95.401      0.000
    MARCHW03           1.189      0.012     96.283      0.000
    MARCHW04           1.500      0.021     72.030      0.000
    MARCHW05           1.189      0.014     82.228      0.000
    REDESW01           1.714      0.022     78.695      0.000
    REDESW02           1.610      0.022     74.622      0.000
    REDESW03           1.607      0.022     73.643      0.000
    REDESW04           1.864      0.027     70.116      0.000
    REDESW05           1.818      0.027     67.350      0.000

 Variances
    RI_X               0.144      0.017      8.558      0.000
    RI_Y               0.554      0.028     19.543      0.000
    CX1                0.436      0.028     15.679      0.000
    CY1                0.875      0.037     23.903      0.000

 Residual Variances
    MARCHW01           0.000      0.000    999.000    999.000
    MARCHW02           0.000      0.000    999.000    999.000
    MARCHW03           0.000      0.000    999.000    999.000
    MARCHW04           0.000      0.000    999.000    999.000
    MARCHW05           0.000      0.000    999.000    999.000
    REDESW01           0.000      0.000    999.000    999.000
    REDESW02           0.000      0.000    999.000    999.000
    REDESW03           0.000      0.000    999.000    999.000
    REDESW04           0.000      0.000    999.000    999.000
    REDESW05           0.000      0.000    999.000    999.000
    CX2                0.274      0.020     13.445      0.000
    CX3                0.213      0.020     10.610      0.000
    CX4                0.710      0.037     19.364      0.000
    CX5                0.279      0.024     11.638      0.000
    CY2                0.728      0.036     20.101      0.000
    CY3                0.576      0.032     18.142      0.000
    CY4                0.893      0.040     22.297      0.000
    CY5                0.737      0.038     19.443      0.000


STANDARDIZED MODEL RESULTS


STDYX Standardization

                                                    Two-Tailed
                    Estimate       S.E.  Est./S.E.    P-Value

 RI_X     BY
    MARCHW01           0.498      0.027     18.652      0.000
    MARCHW02           0.580      0.026     22.410      0.000
    MARCHW03           0.630      0.028     22.304      0.000
    MARCHW04           0.410      0.023     17.702      0.000
    MARCHW05           0.573      0.026     21.659      0.000

 RI_Y     BY
    REDESW01           0.623      0.014     45.906      0.000
    REDESW02           0.653      0.014     45.163      0.000
    REDESW03           0.695      0.015     47.573      0.000
    REDESW04           0.616      0.015     41.069      0.000
    REDESW05           0.650      0.015     43.796      0.000

 CX1      BY
    MARCHW01           0.867      0.015     56.457      0.000

 CX2      BY
    MARCHW02           0.814      0.018     44.163      0.000

 CX3      BY
    MARCHW03           0.777      0.023     33.898      0.000

 CX4      BY
    MARCHW04           0.912      0.010     87.794      0.000

 CX5      BY
    MARCHW05           0.820      0.018     44.353      0.000

 CY1      BY
    REDESW01           0.782      0.011     72.499      0.000

 CY2      BY
    REDESW02           0.758      0.012     60.870      0.000

 CY3      BY
    REDESW03           0.719      0.014     50.866      0.000

 CY4      BY
    REDESW04           0.788      0.012     67.167      0.000

 CY5      BY
    REDESW05           0.760      0.013     59.836      0.000

 CX2      ON
    CX1                0.186      0.030      6.271      0.000

 CX3      ON
    CX2                0.170      0.027      6.209      0.000

 CX4      ON
    CX3                0.083      0.014      5.875      0.000

 CX5      ON
    CX4                0.233      0.035      6.564      0.000

 CY2      ON
    CY1                0.160      0.023      7.036      0.000

 CY3      ON
    CY2                0.166      0.026      6.455      0.000

 CY4      ON
    CY3                0.120      0.019      6.403      0.000

 CY5      ON
    CY4                0.162      0.026      6.313      0.000

 CX1      WITH
    CY1                0.272      0.030      9.094      0.000

 CX2      WITH
    CY2                0.276      0.032      8.746      0.000

 CX3      WITH
    CY3                0.154      0.039      3.892      0.000

 CX4      WITH
    CY4                0.261      0.030      8.569      0.000

 CX5      WITH
    CY5                0.020      0.038      0.524      0.601

 RI_X     WITH
    RI_Y               0.698      0.028     25.320      0.000
    CX1                0.000      0.000    999.000    999.000
    CY1                0.000      0.000    999.000    999.000

 RI_Y     WITH
    CX1                0.000      0.000    999.000    999.000
    CY1                0.000      0.000    999.000    999.000

 Intercepts
    MARCHW01           1.724      0.029     58.521      0.000
    MARCHW02           1.861      0.045     41.488      0.000
    MARCHW03           1.973      0.056     35.411      0.000
    MARCHW04           1.619      0.021     78.893      0.000
    MARCHW05           1.794      0.051     34.841      0.000
    REDESW01           1.433      0.014    104.325      0.000
    REDESW02           1.411      0.016     85.996      0.000
    REDESW03           1.501      0.017     86.979      0.000
    REDESW04           1.543      0.016     97.848      0.000
    REDESW05           1.587      0.020     79.210      0.000

 Variances
    RI_X               1.000      0.000    999.000    999.000
    RI_Y               1.000      0.000    999.000    999.000
    CX1                1.000      0.000    999.000    999.000
    CY1                1.000      0.000    999.000    999.000

 Residual Variances
    MARCHW01           0.000    999.000    999.000    999.000
    MARCHW02           0.000    999.000    999.000    999.000
    MARCHW03           0.000    999.000    999.000    999.000
    MARCHW04           0.000    999.000    999.000    999.000
    MARCHW05           0.000    999.000    999.000    999.000
    REDESW01           0.000    999.000    999.000    999.000
    REDESW02           0.000    999.000    999.000    999.000
    REDESW03           0.000    999.000    999.000    999.000
    REDESW04           0.000    999.000    999.000    999.000
    REDESW05           0.000    999.000    999.000    999.000
    CX2                0.966      0.011     87.936      0.000
    CX3                0.971      0.009    103.694      0.000
    CX4                0.993      0.002    424.674      0.000
    CX5                0.946      0.017     57.171      0.000
    CY2                0.974      0.007    133.890      0.000
    CY3                0.972      0.009    113.940      0.000
    CY4                0.986      0.004    220.922      0.000
    CY5                0.974      0.008    117.511      0.000


R-SQUARE

    Observed                                        Two-Tailed
    Variable        Estimate       S.E.  Est./S.E.    P-Value

    MARCHW01           1.000    999.000    999.000    999.000
    MARCHW02           1.000    999.000    999.000    999.000
    MARCHW03           1.000    999.000    999.000    999.000
    MARCHW04           1.000    999.000    999.000    999.000
    MARCHW05           1.000    999.000    999.000    999.000
    REDESW01           1.000    999.000    999.000    999.000
    REDESW02           1.000    999.000    999.000    999.000
    REDESW03           1.000    999.000    999.000    999.000
    REDESW04           1.000    999.000    999.000    999.000
    REDESW05           1.000    999.000    999.000    999.000

     Latent                                         Two-Tailed
    Variable        Estimate       S.E.  Est./S.E.    P-Value

    CX2                0.034      0.011      3.136      0.002
    CX3                0.029      0.009      3.104      0.002
    CX4                0.007      0.002      2.937      0.003
    CX5                0.054      0.017      3.282      0.001
    CY2                0.026      0.007      3.518      0.000
    CY3                0.028      0.009      3.227      0.001
    CY4                0.014      0.004      3.202      0.001
    CY5                0.026      0.008      3.156      0.002


QUALITY OF NUMERICAL RESULTS

     Condition Number for the Information Matrix              0.886E-02
       (ratio of smallest to largest eigenvalue)


CONFIDENCE INTERVALS OF MODEL RESULTS

                  Lower .5%  Lower 2.5%    Lower 5%    Estimate    Upper 5%  Upper 2.5%   Upper .5%

 RI_X     BY
    MARCHW01         1.000       1.000       1.000       1.000       1.000       1.000       1.000
    MARCHW02         1.000       1.000       1.000       1.000       1.000       1.000       1.000
    MARCHW03         1.000       1.000       1.000       1.000       1.000       1.000       1.000
    MARCHW04         1.000       1.000       1.000       1.000       1.000       1.000       1.000
    MARCHW05         1.000       1.000       1.000       1.000       1.000       1.000       1.000

 RI_Y     BY
    REDESW01         1.000       1.000       1.000       1.000       1.000       1.000       1.000
    REDESW02         1.000       1.000       1.000       1.000       1.000       1.000       1.000
    REDESW03         1.000       1.000       1.000       1.000       1.000       1.000       1.000
    REDESW04         1.000       1.000       1.000       1.000       1.000       1.000       1.000
    REDESW05         1.000       1.000       1.000       1.000       1.000       1.000       1.000

 CX1      BY
    MARCHW01         1.000       1.000       1.000       1.000       1.000       1.000       1.000

 CX2      BY
    MARCHW02         1.000       1.000       1.000       1.000       1.000       1.000       1.000

 CX3      BY
    MARCHW03         1.000       1.000       1.000       1.000       1.000       1.000       1.000

 CX4      BY
    MARCHW04         1.000       1.000       1.000       1.000       1.000       1.000       1.000

 CX5      BY
    MARCHW05         1.000       1.000       1.000       1.000       1.000       1.000       1.000

 CY1      BY
    REDESW01         1.000       1.000       1.000       1.000       1.000       1.000       1.000

 CY2      BY
    REDESW02         1.000       1.000       1.000       1.000       1.000       1.000       1.000

 CY3      BY
    REDESW03         1.000       1.000       1.000       1.000       1.000       1.000       1.000

 CY4      BY
    REDESW04         1.000       1.000       1.000       1.000       1.000       1.000       1.000

 CY5      BY
    REDESW05         1.000       1.000       1.000       1.000       1.000       1.000       1.000

 CX2      ON
    CX1              0.089       0.104       0.111       0.150       0.188       0.196       0.210

 CX3      ON
    CX2              0.089       0.104       0.111       0.150       0.188       0.196       0.210

 CX4      ON
    CX3              0.089       0.104       0.111       0.150       0.188       0.196       0.210

 CX5      ON
    CX4              0.089       0.104       0.111       0.150       0.188       0.196       0.210

 CY2      ON
    CY1              0.091       0.104       0.111       0.148       0.184       0.191       0.205

 CY3      ON
    CY2              0.091       0.104       0.111       0.148       0.184       0.191       0.205

 CY4      ON
    CY3              0.091       0.104       0.111       0.148       0.184       0.191       0.205

 CY5      ON
    CY4              0.091       0.104       0.111       0.148       0.184       0.191       0.205

 CX1      WITH
    CY1              0.112       0.125       0.132       0.168       0.204       0.211       0.225

 CX2      WITH
    CY2              0.079       0.089       0.095       0.123       0.152       0.157       0.168

 CX3      WITH
    CY3              0.014       0.023       0.028       0.054       0.079       0.084       0.094

 CX4      WITH
    CY4              0.138       0.155       0.163       0.208       0.253       0.261       0.278

 CX5      WITH
    CY5             -0.035      -0.025      -0.019       0.009       0.037       0.043       0.053

 RI_X     WITH
    RI_Y             0.156       0.166       0.171       0.197       0.224       0.229       0.239
    CX1              0.000       0.000       0.000       0.000       0.000       0.000       0.000
    CY1              0.000       0.000       0.000       0.000       0.000       0.000       0.000

 RI_Y     WITH
    CX1              0.000       0.000       0.000       0.000       0.000       0.000       0.000
    CY1              0.000       0.000       0.000       0.000       0.000       0.000       0.000

 Intercepts
    MARCHW01         1.276       1.285       1.290       1.313       1.337       1.341       1.350
    MARCHW02         1.185       1.193       1.197       1.218       1.239       1.243       1.251
    MARCHW03         1.157       1.165       1.169       1.189       1.209       1.213       1.221
    MARCHW04         1.447       1.460       1.466       1.500       1.535       1.541       1.554
    MARCHW05         1.152       1.161       1.165       1.189       1.213       1.217       1.226
    REDESW01         1.658       1.671       1.678       1.714       1.750       1.757       1.770
    REDESW02         1.554       1.567       1.574       1.610       1.645       1.652       1.665
    REDESW03         1.551       1.564       1.571       1.607       1.643       1.650       1.663
    REDESW04         1.796       1.812       1.821       1.864       1.908       1.916       1.933
    REDESW05         1.748       1.765       1.773       1.818       1.862       1.871       1.887

 Variances
    RI_X             0.101       0.111       0.116       0.144       0.172       0.177       0.187
    RI_Y             0.481       0.499       0.508       0.554       0.601       0.610       0.627
    CX1              0.364       0.382       0.390       0.436       0.482       0.491       0.508
    CY1              0.781       0.804       0.815       0.875       0.936       0.947       0.970

 Residual Variances
    MARCHW01         0.000       0.000       0.000       0.000       0.000       0.000       0.000
    MARCHW02         0.000       0.000       0.000       0.000       0.000       0.000       0.000
    MARCHW03         0.000       0.000       0.000       0.000       0.000       0.000       0.000
    MARCHW04         0.000       0.000       0.000       0.000       0.000       0.000       0.000
    MARCHW05         0.000       0.000       0.000       0.000       0.000       0.000       0.000
    REDESW01         0.000       0.000       0.000       0.000       0.000       0.000       0.000
    REDESW02         0.000       0.000       0.000       0.000       0.000       0.000       0.000
    REDESW03         0.000       0.000       0.000       0.000       0.000       0.000       0.000
    REDESW04         0.000       0.000       0.000       0.000       0.000       0.000       0.000
    REDESW05         0.000       0.000       0.000       0.000       0.000       0.000       0.000
    CX2              0.222       0.234       0.241       0.274       0.308       0.314       0.327
    CX3              0.161       0.173       0.180       0.213       0.246       0.252       0.264
    CX4              0.615       0.638       0.649       0.710       0.770       0.781       0.804
    CX5              0.217       0.232       0.240       0.279       0.318       0.326       0.341
    CY2              0.635       0.657       0.668       0.728       0.787       0.799       0.821
    CY3              0.494       0.514       0.524       0.576       0.629       0.639       0.658
    CY4              0.790       0.815       0.828       0.893       0.959       0.972       0.997
    CY5              0.640       0.663       0.675       0.737       0.800       0.812       0.835


CONFIDENCE INTERVALS OF STANDARDIZED MODEL RESULTS


STDYX Standardization

                  Lower .5%  Lower 2.5%    Lower 5%    Estimate    Upper 5%  Upper 2.5%   Upper .5%

 RI_X     BY
    MARCHW01         0.430       0.446       0.454       0.498       0.542       0.551       0.567
    MARCHW02         0.514       0.529       0.538       0.580       0.623       0.631       0.647
    MARCHW03         0.557       0.575       0.584       0.630       0.676       0.685       0.703
    MARCHW04         0.350       0.364       0.372       0.410       0.448       0.455       0.469
    MARCHW05         0.505       0.521       0.529       0.573       0.616       0.625       0.641

 RI_Y     BY
    REDESW01         0.588       0.596       0.600       0.623       0.645       0.649       0.658
    REDESW02         0.615       0.624       0.629       0.653       0.676       0.681       0.690
    REDESW03         0.658       0.667       0.671       0.695       0.719       0.724       0.733
    REDESW04         0.577       0.587       0.591       0.616       0.641       0.645       0.655
    REDESW05         0.612       0.621       0.626       0.650       0.675       0.679       0.688

 CX1      BY
    MARCHW01         0.827       0.837       0.842       0.867       0.892       0.897       0.907

 CX2      BY
    MARCHW02         0.767       0.778       0.784       0.814       0.845       0.851       0.862

 CX3      BY
    MARCHW03         0.718       0.732       0.739       0.777       0.814       0.822       0.836

 CX4      BY
    MARCHW04         0.885       0.892       0.895       0.912       0.929       0.933       0.939

 CX5      BY
    MARCHW05         0.772       0.783       0.789       0.820       0.850       0.856       0.867

 CY1      BY
    REDESW01         0.755       0.761       0.765       0.782       0.800       0.804       0.810

 CY2      BY
    REDESW02         0.726       0.733       0.737       0.758       0.778       0.782       0.790

 CY3      BY
    REDESW03         0.682       0.691       0.696       0.719       0.742       0.747       0.755

 CY4      BY
    REDESW04         0.758       0.765       0.768       0.788       0.807       0.811       0.818

 CY5      BY
    REDESW05         0.727       0.735       0.739       0.760       0.781       0.785       0.793

 CX2      ON
    CX1              0.109       0.128       0.137       0.186       0.234       0.244       0.262

 CX3      ON
    CX2              0.100       0.117       0.125       0.170       0.216       0.224       0.241

 CX4      ON
    CX3              0.047       0.055       0.060       0.083       0.106       0.111       0.119

 CX5      ON
    CX4              0.142       0.163       0.175       0.233       0.291       0.303       0.324

 CY2      ON
    CY1              0.101       0.115       0.123       0.160       0.197       0.205       0.219

 CY3      ON
    CY2              0.100       0.116       0.124       0.166       0.208       0.216       0.232

 CY4      ON
    CY3              0.071       0.083       0.089       0.120       0.150       0.156       0.168

 CY5      ON
    CY4              0.096       0.112       0.120       0.162       0.204       0.212       0.228

 CX1      WITH
    CY1              0.195       0.214       0.223       0.272       0.322       0.331       0.349

 CX2      WITH
    CY2              0.195       0.214       0.224       0.276       0.328       0.338       0.357

 CX3      WITH
    CY3              0.052       0.076       0.089       0.154       0.218       0.231       0.255

 CX4      WITH
    CY4              0.183       0.202       0.211       0.261       0.311       0.321       0.340

 CX5      WITH
    CY5             -0.077      -0.054      -0.042       0.020       0.082       0.094       0.117

 RI_X     WITH
    RI_Y             0.627       0.644       0.653       0.698       0.744       0.752       0.769
    CX1              0.000       0.000       0.000       0.000       0.000       0.000       0.000
    CY1              0.000       0.000       0.000       0.000       0.000       0.000       0.000

 RI_Y     WITH
    CX1              0.000       0.000       0.000       0.000       0.000       0.000       0.000
    CY1              0.000       0.000       0.000       0.000       0.000       0.000       0.000

 Intercepts
    MARCHW01         1.648       1.667       1.676       1.724       1.773       1.782       1.800
    MARCHW02         1.746       1.773       1.788       1.861       1.935       1.949       1.977
    MARCHW03         1.830       1.864       1.882       1.973       2.065       2.083       2.117
    MARCHW04         1.566       1.579       1.586       1.619       1.653       1.660       1.672
    MARCHW05         1.662       1.693       1.710       1.794       1.879       1.895       1.927
    REDESW01         1.398       1.407       1.411       1.433       1.456       1.460       1.469
    REDESW02         1.369       1.379       1.384       1.411       1.438       1.443       1.453
    REDESW03         1.456       1.467       1.472       1.501       1.529       1.534       1.545
    REDESW04         1.502       1.512       1.517       1.543       1.569       1.573       1.583
    REDESW05         1.536       1.548       1.554       1.587       1.620       1.627       1.639

 Variances
    RI_X             1.000       1.000       1.000       1.000       1.000       1.000       1.000
    RI_Y             1.000       1.000       1.000       1.000       1.000       1.000       1.000
    CX1              1.000       1.000       1.000       1.000       1.000       1.000       1.000
    CY1              1.000       1.000       1.000       1.000       1.000       1.000       1.000

 Residual Variances
    MARCHW01       999.000     999.000     999.000       0.000     999.000     999.000     999.000
    MARCHW02       999.000     999.000     999.000       0.000     999.000     999.000     999.000
    MARCHW03       999.000     999.000     999.000       0.000     999.000     999.000     999.000
    MARCHW04       999.000     999.000     999.000       0.000     999.000     999.000     999.000
    MARCHW05       999.000     999.000     999.000       0.000     999.000     999.000     999.000
    REDESW01       999.000     999.000     999.000       0.000     999.000     999.000     999.000
    REDESW02       999.000     999.000     999.000       0.000     999.000     999.000     999.000
    REDESW03       999.000     999.000     999.000       0.000     999.000     999.000     999.000
    REDESW04       999.000     999.000     999.000       0.000     999.000     999.000     999.000
    REDESW05       999.000     999.000     999.000       0.000     999.000     999.000     999.000
    CX2              0.937       0.944       0.948       0.966       0.984       0.987       0.994
    CX3              0.947       0.953       0.956       0.971       0.986       0.989       0.995
    CX4              0.987       0.989       0.989       0.993       0.997       0.998       0.999
    CX5              0.903       0.913       0.918       0.946       0.973       0.978       0.988
    CY2              0.956       0.960       0.962       0.974       0.986       0.989       0.993
    CY3              0.950       0.956       0.958       0.972       0.986       0.989       0.994
    CY4              0.974       0.977       0.978       0.986       0.993       0.994       0.997
    CY5              0.952       0.958       0.960       0.974       0.987       0.990       0.995


MODEL MODIFICATION INDICES

NOTE:  Modification indices for direct effects of observed dependent variables
regressed on covariates may not be included.  To include these, request
MODINDICES (ALL).

Minimum M.I. value for printing the modification index    10.000

                            M.I.     E.P.C.  Std E.P.C.  StdYX E.P.C.

BY Statements

RI_X     BY MARCHW01       11.342     0.217      0.082        0.108
RI_X     BY MARCHW04       79.976     0.721      0.274        0.295
RI_X     BY MARCHW05       51.409    -0.484     -0.184       -0.277
RI_X     BY REDESW05       12.604     0.371      0.141        0.123
RI_Y     BY MARCHW04       63.946     0.305      0.227        0.245
RI_Y     BY MARCHW05       37.200    -0.188     -0.140       -0.211
RI_Y     BY REDESW02       12.308    -0.147     -0.110       -0.096
RI_Y     BY REDESW05       12.062     0.177      0.132        0.115
CX1      BY MARCHW04       19.026     0.170      0.112        0.121
CX2      BY MARCHW04       11.682     0.177      0.094        0.102
CX2      BY MARCHW05       14.507    -0.166     -0.089       -0.134
CX3      BY MARCHW01       10.382     0.155      0.072        0.095
CX3      BY MARCHW05       10.717    -0.167     -0.078       -0.118
CX4      BY MARCHW01       13.315     0.087      0.073        0.096
CX4      BY REDESW04       10.504    -0.739     -0.625       -0.517
CY1      BY REDESW01       15.807     0.984      0.920        0.770
CY1      BY REDESW02       16.348    -0.144     -0.135       -0.118
CY2      BY REDESW01       16.119    -0.173     -0.150       -0.125
CY3      BY MARCHW05       18.445    -0.126     -0.097       -0.146
CY4      BY REDESW05       25.878     0.218      0.208        0.181
CY5      BY REDESW04       16.672     0.205      0.178        0.147
CY5      BY REDESW05       25.869     1.476      1.284        1.121

ON/BY Statements

RI_X     ON CX4      /
CX4      BY RI_X           21.130     0.074      0.166        0.166
RI_Y     ON CX4      /
CX4      BY RI_Y           18.807     0.123      0.140        0.140
RI_Y     ON CY2      /
CY2      BY RI_Y           10.134    -0.104     -0.121       -0.121
RI_Y     ON CY4      /
CY4      BY RI_Y           23.402     0.134      0.171        0.171
CX1      ON RI_X     /
RI_X     BY CX1            11.197     0.230      0.132        0.132
CX1      ON CX3      /
CX3      BY CX1            10.162     0.163      0.115        0.115
CX1      ON CX4      /
CX4      BY CX1            17.276     0.104      0.133        0.133
CX4      ON RI_X     /
RI_X     BY CX4            63.423     0.667      0.300        0.300
CX4      ON RI_Y     /
RI_Y     BY CX4            51.249     0.285      0.251        0.251
CX4      ON CX1      /
CX1      BY CX4            17.531     0.170      0.133        0.133
CX5      ON RI_X     /
RI_X     BY CX5            51.409    -0.484     -0.338       -0.338
CX5      ON RI_Y     /
RI_Y     BY CX5            37.200    -0.188     -0.258       -0.258
CX5      ON CX2      /
CX2      BY CX5            14.507    -0.166     -0.163       -0.163
CX5      ON CX3      /
CX3      BY CX5            10.717    -0.167     -0.144       -0.144
CX5      ON CY3      /
CY3      BY CX5            18.445    -0.126     -0.178       -0.178
CY1      ON CY2      /
CY2      BY CY1            16.209    -0.170     -0.157       -0.157
CY2      ON RI_Y     /
RI_Y     BY CY2            13.446    -0.163     -0.140       -0.140
CY2      ON CY1      /
CY1      BY CY2            15.812    -0.089     -0.097       -0.097
CY2      ON CY2      /
CY2      BY CY2            15.809    -0.984     -0.984       -0.984
CY4      ON RI_Y     /
RI_Y     BY CY4            12.619     0.170      0.133        0.133
CY4      ON CY5      /
CY5      BY CY4            16.931     0.201      0.184        0.184
CY5      ON RI_X     /
RI_X     BY CY5            12.604     0.371      0.162        0.162
CY5      ON RI_Y     /
RI_Y     BY CY5            12.062     0.177      0.152        0.152
CY5      ON CY4      /
CY4      BY CY5            25.878     0.149      0.163        0.163
CY5      ON CY5      /
CY5      BY CY5            25.869     1.476      1.476        1.476

WITH Statements

MARCHW04 WITH MARCHW01     12.323     0.054      0.054      999.000
REDESW02 WITH REDESW01     15.301    -0.114     -0.114      999.000
REDESW03 WITH MARCHW05     11.990    -0.054     -0.054      999.000
REDESW05 WITH REDESW04     16.352     0.145      0.145      999.000
CX4      WITH RI_X         21.549     0.051      0.160        0.160
CX4      WITH RI_Y         11.466     0.066      0.105        0.105
CX4      WITH CX1          15.197     0.066      0.119        0.119
CX5      WITH RI_X         19.294    -0.040     -0.199       -0.199
CY2      WITH CY1          14.596    -0.114     -0.143       -0.143
CY3      WITH CX5          11.907    -0.055     -0.138       -0.138
CY4      WITH RI_Y         13.814     0.087      0.124        0.124
CY5      WITH CY4          16.352     0.145      0.178        0.178

Variances/Residual Variances

REDESW01                   14.593     0.770      0.770        0.539
REDESW04                   16.349    -0.977     -0.977       -0.669


TECHNICAL 1 OUTPUT


     PARAMETER SPECIFICATION


           NU
              MARCHW01      MARCHW02      MARCHW03      MARCHW04      MARCHW05
              ________      ________      ________      ________      ________
      1           1             2             3             4             5


           NU
              REDESW01      REDESW02      REDESW03      REDESW04      REDESW05
              ________      ________      ________      ________      ________
      1           6             7             8             9            10


           LAMBDA
              RI_X          RI_Y          CX1           CX2           CX3
              ________      ________      ________      ________      ________
 MARCHW01           0             0             0             0             0
 MARCHW02           0             0             0             0             0
 MARCHW03           0             0             0             0             0
 MARCHW04           0             0             0             0             0
 MARCHW05           0             0             0             0             0
 REDESW01           0             0             0             0             0
 REDESW02           0             0             0             0             0
 REDESW03           0             0             0             0             0
 REDESW04           0             0             0             0             0
 REDESW05           0             0             0             0             0


           LAMBDA
              CX4           CX5           CY1           CY2           CY3
              ________      ________      ________      ________      ________
 MARCHW01           0             0             0             0             0
 MARCHW02           0             0             0             0             0
 MARCHW03           0             0             0             0             0
 MARCHW04           0             0             0             0             0
 MARCHW05           0             0             0             0             0
 REDESW01           0             0             0             0             0
 REDESW02           0             0             0             0             0
 REDESW03           0             0             0             0             0
 REDESW04           0             0             0             0             0
 REDESW05           0             0             0             0             0


           LAMBDA
              CY4           CY5
              ________      ________
 MARCHW01           0             0
 MARCHW02           0             0
 MARCHW03           0             0
 MARCHW04           0             0
 MARCHW05           0             0
 REDESW01           0             0
 REDESW02           0             0
 REDESW03           0             0
 REDESW04           0             0
 REDESW05           0             0


           THETA
              MARCHW01      MARCHW02      MARCHW03      MARCHW04      MARCHW05
              ________      ________      ________      ________      ________
 MARCHW01           0
 MARCHW02           0             0
 MARCHW03           0             0             0
 MARCHW04           0             0             0             0
 MARCHW05           0             0             0             0             0
 REDESW01           0             0             0             0             0
 REDESW02           0             0             0             0             0
 REDESW03           0             0             0             0             0
 REDESW04           0             0             0             0             0
 REDESW05           0             0             0             0             0


           THETA
              REDESW01      REDESW02      REDESW03      REDESW04      REDESW05
              ________      ________      ________      ________      ________
 REDESW01           0
 REDESW02           0             0
 REDESW03           0             0             0
 REDESW04           0             0             0             0
 REDESW05           0             0             0             0             0


           ALPHA
              RI_X          RI_Y          CX1           CX2           CX3
              ________      ________      ________      ________      ________
      1           0             0             0             0             0


           ALPHA
              CX4           CX5           CY1           CY2           CY3
              ________      ________      ________      ________      ________
      1           0             0             0             0             0


           ALPHA
              CY4           CY5
              ________      ________
      1           0             0


           BETA
              RI_X          RI_Y          CX1           CX2           CX3
              ________      ________      ________      ________      ________
 RI_X               0             0             0             0             0
 RI_Y               0             0             0             0             0
 CX1                0             0             0             0             0
 CX2                0             0            11             0             0
 CX3                0             0             0            11             0
 CX4                0             0             0             0            11
 CX5                0             0             0             0             0
 CY1                0             0             0             0             0
 CY2                0             0             0             0             0
 CY3                0             0             0             0             0
 CY4                0             0             0             0             0
 CY5                0             0             0             0             0


           BETA
              CX4           CX5           CY1           CY2           CY3
              ________      ________      ________      ________      ________
 RI_X               0             0             0             0             0
 RI_Y               0             0             0             0             0
 CX1                0             0             0             0             0
 CX2                0             0             0             0             0
 CX3                0             0             0             0             0
 CX4                0             0             0             0             0
 CX5               11             0             0             0             0
 CY1                0             0             0             0             0
 CY2                0             0            12             0             0
 CY3                0             0             0            12             0
 CY4                0             0             0             0            12
 CY5                0             0             0             0             0


           BETA
              CY4           CY5
              ________      ________
 RI_X               0             0
 RI_Y               0             0
 CX1                0             0
 CX2                0             0
 CX3                0             0
 CX4                0             0
 CX5                0             0
 CY1                0             0
 CY2                0             0
 CY3                0             0
 CY4                0             0
 CY5               12             0


           PSI
              RI_X          RI_Y          CX1           CX2           CX3
              ________      ________      ________      ________      ________
 RI_X              13
 RI_Y              14            15
 CX1                0             0            16
 CX2                0             0             0            17
 CX3                0             0             0             0            18
 CX4                0             0             0             0             0
 CX5                0             0             0             0             0
 CY1                0             0            21             0             0
 CY2                0             0             0            23             0
 CY3                0             0             0             0            25
 CY4                0             0             0             0             0
 CY5                0             0             0             0             0


           PSI
              CX4           CX5           CY1           CY2           CY3
              ________      ________      ________      ________      ________
 CX4               19
 CX5                0            20
 CY1                0             0            22
 CY2                0             0             0            24
 CY3                0             0             0             0            26
 CY4               27             0             0             0             0
 CY5                0            29             0             0             0


           PSI
              CY4           CY5
              ________      ________
 CY4               28
 CY5                0            30


     STARTING VALUES


           NU
              MARCHW01      MARCHW02      MARCHW03      MARCHW04      MARCHW05
              ________      ________      ________      ________      ________
      1         1.313         1.215         1.184         1.499         1.203


           NU
              REDESW01      REDESW02      REDESW03      REDESW04      REDESW05
              ________      ________      ________      ________      ________
      1         1.714         1.605         1.593         1.859         1.837


           LAMBDA
              RI_X          RI_Y          CX1           CX2           CX3
              ________      ________      ________      ________      ________
 MARCHW01       1.000         0.000         1.000         0.000         0.000
 MARCHW02       1.000         0.000         0.000         1.000         0.000
 MARCHW03       1.000         0.000         0.000         0.000         1.000
 MARCHW04       1.000         0.000         0.000         0.000         0.000
 MARCHW05       1.000         0.000         0.000         0.000         0.000
 REDESW01       0.000         1.000         0.000         0.000         0.000
 REDESW02       0.000         1.000         0.000         0.000         0.000
 REDESW03       0.000         1.000         0.000         0.000         0.000
 REDESW04       0.000         1.000         0.000         0.000         0.000
 REDESW05       0.000         1.000         0.000         0.000         0.000


           LAMBDA
              CX4           CX5           CY1           CY2           CY3
              ________      ________      ________      ________      ________
 MARCHW01       0.000         0.000         0.000         0.000         0.000
 MARCHW02       0.000         0.000         0.000         0.000         0.000
 MARCHW03       0.000         0.000         0.000         0.000         0.000
 MARCHW04       1.000         0.000         0.000         0.000         0.000
 MARCHW05       0.000         1.000         0.000         0.000         0.000
 REDESW01       0.000         0.000         1.000         0.000         0.000
 REDESW02       0.000         0.000         0.000         1.000         0.000
 REDESW03       0.000         0.000         0.000         0.000         1.000
 REDESW04       0.000         0.000         0.000         0.000         0.000
 REDESW05       0.000         0.000         0.000         0.000         0.000


           LAMBDA
              CY4           CY5
              ________      ________
 MARCHW01       0.000         0.000
 MARCHW02       0.000         0.000
 MARCHW03       0.000         0.000
 MARCHW04       0.000         0.000
 MARCHW05       0.000         0.000
 REDESW01       0.000         0.000
 REDESW02       0.000         0.000
 REDESW03       0.000         0.000
 REDESW04       1.000         0.000
 REDESW05       0.000         1.000


           THETA
              MARCHW01      MARCHW02      MARCHW03      MARCHW04      MARCHW05
              ________      ________      ________      ________      ________
 MARCHW01       0.000
 MARCHW02       0.000         0.000
 MARCHW03       0.000         0.000         0.000
 MARCHW04       0.000         0.000         0.000         0.000
 MARCHW05       0.000         0.000         0.000         0.000         0.000
 REDESW01       0.000         0.000         0.000         0.000         0.000
 REDESW02       0.000         0.000         0.000         0.000         0.000
 REDESW03       0.000         0.000         0.000         0.000         0.000
 REDESW04       0.000         0.000         0.000         0.000         0.000
 REDESW05       0.000         0.000         0.000         0.000         0.000


           THETA
              REDESW01      REDESW02      REDESW03      REDESW04      REDESW05
              ________      ________      ________      ________      ________
 REDESW01       0.000
 REDESW02       0.000         0.000
 REDESW03       0.000         0.000         0.000
 REDESW04       0.000         0.000         0.000         0.000
 REDESW05       0.000         0.000         0.000         0.000         0.000


           ALPHA
              RI_X          RI_Y          CX1           CX2           CX3
              ________      ________      ________      ________      ________
      1         0.000         0.000         0.000         0.000         0.000


           ALPHA
              CX4           CX5           CY1           CY2           CY3
              ________      ________      ________      ________      ________
      1         0.000         0.000         0.000         0.000         0.000


           ALPHA
              CY4           CY5
              ________      ________
      1         0.000         0.000


           BETA
              RI_X          RI_Y          CX1           CX2           CX3
              ________      ________      ________      ________      ________
 RI_X           0.000         0.000         0.000         0.000         0.000
 RI_Y           0.000         0.000         0.000         0.000         0.000
 CX1            0.000         0.000         0.000         0.000         0.000
 CX2            0.000         0.000         0.000         0.000         0.000
 CX3            0.000         0.000         0.000         0.000         0.000
 CX4            0.000         0.000         0.000         0.000         0.000
 CX5            0.000         0.000         0.000         0.000         0.000
 CY1            0.000         0.000         0.000         0.000         0.000
 CY2            0.000         0.000         0.000         0.000         0.000
 CY3            0.000         0.000         0.000         0.000         0.000
 CY4            0.000         0.000         0.000         0.000         0.000
 CY5            0.000         0.000         0.000         0.000         0.000


           BETA
              CX4           CX5           CY1           CY2           CY3
              ________      ________      ________      ________      ________
 RI_X           0.000         0.000         0.000         0.000         0.000
 RI_Y           0.000         0.000         0.000         0.000         0.000
 CX1            0.000         0.000         0.000         0.000         0.000
 CX2            0.000         0.000         0.000         0.000         0.000
 CX3            0.000         0.000         0.000         0.000         0.000
 CX4            0.000         0.000         0.000         0.000         0.000
 CX5            0.000         0.000         0.000         0.000         0.000
 CY1            0.000         0.000         0.000         0.000         0.000
 CY2            0.000         0.000         0.000         0.000         0.000
 CY3            0.000         0.000         0.000         0.000         0.000
 CY4            0.000         0.000         0.000         0.000         0.000
 CY5            0.000         0.000         0.000         0.000         0.000


           BETA
              CY4           CY5
              ________      ________
 RI_X           0.000         0.000
 RI_Y           0.000         0.000
 CX1            0.000         0.000
 CX2            0.000         0.000
 CX3            0.000         0.000
 CX4            0.000         0.000
 CX5            0.000         0.000
 CY1            0.000         0.000
 CY2            0.000         0.000
 CY3            0.000         0.000
 CY4            0.000         0.000
 CY5            0.000         0.000


           PSI
              RI_X          RI_Y          CX1           CX2           CX3
              ________      ________      ________      ________      ________
 RI_X           0.050
 RI_Y           0.000         0.050
 CX1            0.000         0.000         0.050
 CX2            0.000         0.000         0.000         0.050
 CX3            0.000         0.000         0.000         0.000         0.050
 CX4            0.000         0.000         0.000         0.000         0.000
 CX5            0.000         0.000         0.000         0.000         0.000
 CY1            0.000         0.000         0.000         0.000         0.000
 CY2            0.000         0.000         0.000         0.000         0.000
 CY3            0.000         0.000         0.000         0.000         0.000
 CY4            0.000         0.000         0.000         0.000         0.000
 CY5            0.000         0.000         0.000         0.000         0.000


           PSI
              CX4           CX5           CY1           CY2           CY3
              ________      ________      ________      ________      ________
 CX4            0.050
 CX5            0.000         0.050
 CY1            0.000         0.000         0.050
 CY2            0.000         0.000         0.000         0.050
 CY3            0.000         0.000         0.000         0.000         0.050
 CY4            0.000         0.000         0.000         0.000         0.000
 CY5            0.000         0.000         0.000         0.000         0.000


           PSI
              CY4           CY5
              ________      ________
 CY4            0.050
 CY5            0.000         0.050


TECHNICAL 4 OUTPUT


     ESTIMATES DERIVED FROM THE MODEL


           ESTIMATED MEANS FOR THE LATENT VARIABLES
              RI_X          RI_Y          CX1           CX2           CX3
              ________      ________      ________      ________      ________
      1         0.000         0.000         0.000         0.000         0.000


           ESTIMATED MEANS FOR THE LATENT VARIABLES
              CX4           CX5           CY1           CY2           CY3
              ________      ________      ________      ________      ________
      1         0.000         0.000         0.000         0.000         0.000


           ESTIMATED MEANS FOR THE LATENT VARIABLES
              CY4           CY5
              ________      ________
      1         0.000         0.000


           ESTIMATED COVARIANCE MATRIX FOR THE LATENT VARIABLES
              RI_X          RI_Y          CX1           CX2           CX3
              ________      ________      ________      ________      ________
 RI_X           0.144
 RI_Y           0.197         0.554
 CX1            0.000         0.000         0.436
 CX2            0.000         0.000         0.065         0.284
 CX3            0.000         0.000         0.010         0.043         0.219
 CX4            0.000         0.000         0.001         0.006         0.033
 CX5            0.000         0.000         0.000         0.001         0.005
 CY1            0.000         0.000         0.168         0.025         0.004
 CY2            0.000         0.000         0.025         0.127         0.019
 CY3            0.000         0.000         0.004         0.019         0.057
 CY4            0.000         0.000         0.001         0.003         0.008
 CY5            0.000         0.000         0.000         0.000         0.001


           ESTIMATED COVARIANCE MATRIX FOR THE LATENT VARIABLES
              CX4           CX5           CY1           CY2           CY3
              ________      ________      ________      ________      ________
 CX4            0.714
 CX5            0.107         0.295
 CY1            0.001         0.000         0.875
 CY2            0.003         0.000         0.129         0.747
 CY3            0.008         0.001         0.019         0.110         0.593
 CY4            0.209         0.031         0.003         0.016         0.088
 CY5            0.031         0.014         0.000         0.002         0.013


           ESTIMATED COVARIANCE MATRIX FOR THE LATENT VARIABLES
              CY4           CY5
              ________      ________
 CY4            0.906
 CY5            0.134         0.757


           ESTIMATED CORRELATION MATRIX FOR THE LATENT VARIABLES
              RI_X          RI_Y          CX1           CX2           CX3
              ________      ________      ________      ________      ________
 RI_X           1.000
 RI_Y           0.698         1.000
 CX1            0.000         0.000         1.000
 CX2            0.000         0.000         0.186         1.000
 CX3            0.000         0.000         0.032         0.170         1.000
 CX4            0.000         0.000         0.003         0.014         0.083
 CX5            0.000         0.000         0.001         0.003         0.019
 CY1            0.000         0.000         0.272         0.051         0.009
 CY2            0.000         0.000         0.044         0.276         0.047
 CY3            0.000         0.000         0.007         0.046         0.157
 CY4            0.000         0.000         0.001         0.005         0.019
 CY5            0.000         0.000         0.000         0.001         0.003


           ESTIMATED CORRELATION MATRIX FOR THE LATENT VARIABLES
              CX4           CX5           CY1           CY2           CY3
              ________      ________      ________      ________      ________
 CX4            1.000
 CX5            0.233         1.000
 CY1            0.001         0.000         1.000
 CY2            0.004         0.001         0.160         1.000
 CY3            0.013         0.003         0.027         0.166         1.000
 CY4            0.260         0.061         0.003         0.020         0.120
 CY5            0.042         0.029         0.001         0.003         0.019


           ESTIMATED CORRELATION MATRIX FOR THE LATENT VARIABLES
              CY4           CY5
              ________      ________
 CY4            1.000
 CY5            0.162         1.000


     Beginning Time:  11:57:55
        Ending Time:  11:57:55
       Elapsed Time:  00:00:00



MUTHEN & MUTHEN
3463 Stoner Ave.
Los Angeles, CA  90066

Tel: (310) 391-9971
Fax: (310) 391-8971
Web: www.StatModel.com
Support: Support@StatModel.com

Copyright (c) 1998-2012 Muthen & Muthen
