Mplus VERSION 7
MUTHEN & MUTHEN
08/19/2021   1:31 PM

INPUT INSTRUCTIONS

  TITLE:
  RI CLPM - B1;
  DATA:
  FILE = "mplus/modelo_basico_0d9373767802af8792c779fb3d387dfb.dat";

  VARIABLE:
  NAMES = marchw01 marchw02 marchw03 marchw04 marchw05 redesw01 redesw02 redesw03
       redesw04 redesw05;
   MISSING=.;

  ANALYSIS:
  ESTIMATOR = mlr;
      ITERATIONS = 5000;
  MODEL:

      ! Crear los componentes between
        RI_x BY marchw01@1 marchw02@1 marchw03@1 marchw04@1 marchw05@1;
        RI_y BY redesw01@1 redesw02@1 redesw03@1 redesw04@1 redesw05@1;

      ! Crear los componentes within
        cx1 BY marchw01@1;
        cx2 BY marchw02@1;
        cx3 BY marchw03@1;
        cx4 BY marchw04@1;
        cx5 BY marchw05@1;

        cy1 BY redesw01@1;
        cy2 BY redesw02@1;
        cy3 BY redesw03@1;
        cy4 BY redesw04@1;
        cy5 BY redesw05@1;

      ! Constrenir las varianzas del error de medicion a cero
        marchw01 - redesw05@0;

      ! Estimar los efectos lagged
        cx2 ON cx1;
        cx3 ON cx2;
        cx4 ON cx3;
        cx5 ON cx4;
        cy2 ON cx1 cy1;
        cy3 ON cx2 cy2;
        cy4 ON cx3 cy3;
        cy5 ON cx4 cy4;

      ! Estimar la covarianza entre los componentes within t=1
        cx1 WITH cy1;

      ! Estimar las covarianzas entre los residuos del componente within (innovations)
        cx2 WITH cy2;
        cx3 WITH cy3;
        cx4 WITH cy4;
        cx5 WITH cy5;

      ! Estimar la covarianza entre los RI
        RI_x WITH RI_y;

      ! Fijar la correlacion entre los RI y componentes within t=1 a cero
        RI_x WITH cx1@0 cy1@0;
        RI_y WITH cx1@0 cy1@0;

  OUTPUT:
  CINTERVAL sampstat mod stdyx tech1 tech4;



*** WARNING
  Data set contains cases with missing on all variables.
  These cases were not included in the analysis.
  Number of cases with missing on all variables:  1
   1 WARNING(S) FOUND IN THE INPUT INSTRUCTIONS




RI CLPM - B1;

SUMMARY OF ANALYSIS

Number of groups                                                 1
Number of observations                                        2927

Number of dependent variables                                   10
Number of independent variables                                  0
Number of continuous latent variables                           12

Observed dependent variables

  Continuous
   MARCHW01    MARCHW02    MARCHW03    MARCHW04    MARCHW05    REDESW01
   REDESW02    REDESW03    REDESW04    REDESW05

Continuous latent variables
   RI_X        RI_Y        CX1         CX2         CX3         CX4
   CX5         CY1         CY2         CY3         CY4         CY5


Estimator                                                      MLR
Information matrix                                        OBSERVED
Maximum number of iterations                                  5000
Convergence criterion                                    0.500D-04
Maximum number of steepest descent iterations                   20
Maximum number of iterations for H1                           2000
Convergence criterion for H1                             0.100D-03

Input data file(s)
  mplus/modelo_basico_0d9373767802af8792c779fb3d387dfb.dat

Input data format  FREE


SUMMARY OF DATA

     Number of missing data patterns            23


COVARIANCE COVERAGE OF DATA

Minimum covariance coverage value   0.100


     PROPORTION OF DATA PRESENT


           Covariance Coverage
              MARCHW01      MARCHW02      MARCHW03      MARCHW04      MARCHW05
              ________      ________      ________      ________      ________
 MARCHW01       0.998
 MARCHW02       0.844         0.845
 MARCHW03       0.759         0.719         0.761
 MARCHW04       0.735         0.698         0.682         0.736
 MARCHW05       0.594         0.565         0.554         0.566         0.594
 REDESW01       0.997         0.843         0.758         0.734         0.593
 REDESW02       0.844         0.845         0.719         0.698         0.565
 REDESW03       0.758         0.718         0.760         0.681         0.554
 REDESW04       0.735         0.698         0.682         0.736         0.566
 REDESW05       0.594         0.565         0.554         0.566         0.594


           Covariance Coverage
              REDESW01      REDESW02      REDESW03      REDESW04      REDESW05
              ________      ________      ________      ________      ________
 REDESW01       0.997
 REDESW02       0.843         0.845
 REDESW03       0.757         0.718         0.760
 REDESW04       0.734         0.698         0.681         0.736
 REDESW05       0.593         0.565         0.554         0.566         0.594


SAMPLE STATISTICS


     ESTIMATED SAMPLE STATISTICS


           Means
              MARCHW01      MARCHW02      MARCHW03      MARCHW04      MARCHW05
              ________      ________      ________      ________      ________
      1         1.313         1.218         1.188         1.500         1.192


           Means
              REDESW01      REDESW02      REDESW03      REDESW04      REDESW05
              ________      ________      ________      ________      ________
      1         1.714         1.609         1.605         1.865         1.815


           Covariances
              MARCHW01      MARCHW02      MARCHW03      MARCHW04      MARCHW05
              ________      ________      ________      ________      ________
 MARCHW01       0.602
 MARCHW02       0.208         0.414
 MARCHW03       0.181         0.170         0.351
 MARCHW04       0.277         0.234         0.244         0.984
 MARCHW05       0.127         0.095         0.104         0.309         0.401
 REDESW01       0.374         0.194         0.181         0.346         0.157
 REDESW02       0.209         0.294         0.175         0.329         0.116
 REDESW03       0.229         0.219         0.238         0.360         0.114
 REDESW04       0.259         0.237         0.218         0.565         0.241
 REDESW05       0.248         0.232         0.209         0.442         0.214


           Covariances
              REDESW01      REDESW02      REDESW03      REDESW04      REDESW05
              ________      ________      ________      ________      ________
 REDESW01       1.386
 REDESW02       0.551         1.187
 REDESW03       0.553         0.598         1.131
 REDESW04       0.640         0.642         0.740         1.644
 REDESW05       0.590         0.571         0.622         0.939         1.464


           Correlations
              MARCHW01      MARCHW02      MARCHW03      MARCHW04      MARCHW05
              ________      ________      ________      ________      ________
 MARCHW01       1.000
 MARCHW02       0.417         1.000
 MARCHW03       0.394         0.447         1.000
 MARCHW04       0.360         0.367         0.414         1.000
 MARCHW05       0.258         0.232         0.276         0.492         1.000
 REDESW01       0.410         0.256         0.260         0.297         0.210
 REDESW02       0.247         0.419         0.271         0.304         0.168
 REDESW03       0.278         0.320         0.378         0.342         0.169
 REDESW04       0.261         0.288         0.287         0.445         0.297
 REDESW05       0.264         0.298         0.292         0.368         0.279


           Correlations
              REDESW01      REDESW02      REDESW03      REDESW04      REDESW05
              ________      ________      ________      ________      ________
 REDESW01       1.000
 REDESW02       0.430         1.000
 REDESW03       0.442         0.516         1.000
 REDESW04       0.424         0.460         0.543         1.000
 REDESW05       0.414         0.433         0.484         0.606         1.000


     MAXIMUM LOG-LIKELIHOOD VALUE FOR THE UNRESTRICTED (H1) MODEL IS  -27136.359


THE MODEL ESTIMATION TERMINATED NORMALLY



MODEL FIT INFORMATION

Number of Free Parameters                       40

Loglikelihood

          H0 Value                      -27277.318
          H0 Scaling Correction Factor      2.1342
            for MLR
          H1 Value                      -27136.359
          H1 Scaling Correction Factor      1.9847
            for MLR

Information Criteria

          Akaike (AIC)                   54634.637
          Bayesian (BIC)                 54873.906
          Sample-Size Adjusted BIC       54746.811
            (n* = (n + 2) / 24)

Chi-Square Test of Model Fit

          Value                            161.499*
          Degrees of Freedom                    25
          P-Value                           0.0000
          Scaling Correction Factor         1.7456
            for MLR

*   The chi-square value for MLM, MLMV, MLR, ULSMV, WLSM and WLSMV cannot be used
    for chi-square difference testing in the regular way.  MLM, MLR and WLSM
    chi-square difference testing is described on the Mplus website.  MLMV, WLSMV,
    and ULSMV difference testing is done using the DIFFTEST option.

RMSEA (Root Mean Square Error Of Approximation)

          Estimate                           0.043
          90 Percent C.I.                    0.037  0.050
          Probability RMSEA <= .05           0.958

CFI/TLI

          CFI                                0.962
          TLI                                0.932

Chi-Square Test of Model Fit for the Baseline Model

          Value                           3632.161
          Degrees of Freedom                    45
          P-Value                           0.0000

SRMR (Standardized Root Mean Square Residual)

          Value                              0.060



MODEL RESULTS

                                                    Two-Tailed
                    Estimate       S.E.  Est./S.E.    P-Value

 RI_X     BY
    MARCHW01           1.000      0.000    999.000    999.000
    MARCHW02           1.000      0.000    999.000    999.000
    MARCHW03           1.000      0.000    999.000    999.000
    MARCHW04           1.000      0.000    999.000    999.000
    MARCHW05           1.000      0.000    999.000    999.000

 RI_Y     BY
    REDESW01           1.000      0.000    999.000    999.000
    REDESW02           1.000      0.000    999.000    999.000
    REDESW03           1.000      0.000    999.000    999.000
    REDESW04           1.000      0.000    999.000    999.000
    REDESW05           1.000      0.000    999.000    999.000

 CX1      BY
    MARCHW01           1.000      0.000    999.000    999.000

 CX2      BY
    MARCHW02           1.000      0.000    999.000    999.000

 CX3      BY
    MARCHW03           1.000      0.000    999.000    999.000

 CX4      BY
    MARCHW04           1.000      0.000    999.000    999.000

 CX5      BY
    MARCHW05           1.000      0.000    999.000    999.000

 CY1      BY
    REDESW01           1.000      0.000    999.000    999.000

 CY2      BY
    REDESW02           1.000      0.000    999.000    999.000

 CY3      BY
    REDESW03           1.000      0.000    999.000    999.000

 CY4      BY
    REDESW04           1.000      0.000    999.000    999.000

 CY5      BY
    REDESW05           1.000      0.000    999.000    999.000

 CX2      ON
    CX1                0.130      0.041      3.176      0.001

 CX3      ON
    CX2                0.131      0.056      2.352      0.019

 CX4      ON
    CX3                0.262      0.083      3.156      0.002

 CX5      ON
    CX4                0.180      0.031      5.748      0.000

 CY2      ON
    CX1                0.010      0.041      0.240      0.811
    CY1                0.011      0.034      0.324      0.746

 CY3      ON
    CX2                0.104      0.059      1.766      0.077
    CY2                0.078      0.040      1.936      0.053

 CY4      ON
    CX3                0.010      0.074      0.130      0.896
    CY3                0.198      0.046      4.280      0.000

 CY5      ON
    CX4                0.080      0.032      2.472      0.013
    CY4                0.290      0.034      8.633      0.000

 CX1      WITH
    CY1                0.165      0.022      7.419      0.000

 CX2      WITH
    CY2                0.118      0.017      6.750      0.000

 CX3      WITH
    CY3                0.061      0.017      3.635      0.000

 CX4      WITH
    CY4                0.228      0.029      7.962      0.000

 CX5      WITH
    CY5                0.018      0.017      1.023      0.306

 RI_X     WITH
    RI_Y               0.185      0.017     11.074      0.000
    CX1                0.000      0.000    999.000    999.000
    CY1                0.000      0.000    999.000    999.000

 RI_Y     WITH
    CX1                0.000      0.000    999.000    999.000
    CY1                0.000      0.000    999.000    999.000

 Intercepts
    MARCHW01           1.313      0.014     91.515      0.000
    MARCHW02           1.218      0.013     95.193      0.000
    MARCHW03           1.189      0.012     96.459      0.000
    MARCHW04           1.500      0.021     72.038      0.000
    MARCHW05           1.188      0.014     84.834      0.000
    REDESW01           1.714      0.022     78.691      0.000
    REDESW02           1.609      0.022     74.592      0.000
    REDESW03           1.607      0.022     73.641      0.000
    REDESW04           1.865      0.027     70.131      0.000
    REDESW05           1.815      0.027     67.605      0.000

 Variances
    RI_X               0.140      0.018      7.563      0.000
    RI_Y               0.552      0.028     19.721      0.000
    CX1                0.434      0.030     14.590      0.000
    CY1                0.827      0.036     22.980      0.000

 Residual Variances
    MARCHW01           0.000      0.000    999.000    999.000
    MARCHW02           0.000      0.000    999.000    999.000
    MARCHW03           0.000      0.000    999.000    999.000
    MARCHW04           0.000      0.000    999.000    999.000
    MARCHW05           0.000      0.000    999.000    999.000
    REDESW01           0.000      0.000    999.000    999.000
    REDESW02           0.000      0.000    999.000    999.000
    REDESW03           0.000      0.000    999.000    999.000
    REDESW04           0.000      0.000    999.000    999.000
    REDESW05           0.000      0.000    999.000    999.000
    CX2                0.272      0.022     12.548      0.000
    CX3                0.213      0.022      9.909      0.000
    CX4                0.727      0.037     19.622      0.000
    CX5                0.280      0.025     11.087      0.000
    CY2                0.655      0.036     17.995      0.000
    CY3                0.580      0.033     17.678      0.000
    CY4                0.942      0.039     24.193      0.000
    CY5                0.762      0.038     20.096      0.000


STANDARDIZED MODEL RESULTS


STDYX Standardization

                                                    Two-Tailed
                    Estimate       S.E.  Est./S.E.    P-Value

 RI_X     BY
    MARCHW01           0.493      0.031     15.781      0.000
    MARCHW02           0.577      0.032     18.084      0.000
    MARCHW03           0.625      0.035     18.045      0.000
    MARCHW04           0.398      0.026     15.336      0.000
    MARCHW05           0.561      0.028     19.761      0.000

 RI_Y     BY
    REDESW01           0.633      0.014     44.818      0.000
    REDESW02           0.676      0.015     45.753      0.000
    REDESW03           0.696      0.015     47.271      0.000
    REDESW04           0.603      0.014     42.873      0.000
    REDESW05           0.626      0.015     42.996      0.000

 CX1      BY
    MARCHW01           0.870      0.018     49.057      0.000

 CX2      BY
    MARCHW02           0.817      0.023     36.179      0.000

 CX3      BY
    MARCHW03           0.781      0.028     28.161      0.000

 CX4      BY
    MARCHW04           0.917      0.011     81.467      0.000

 CX5      BY
    MARCHW05           0.828      0.019     43.096      0.000

 CY1      BY
    REDESW01           0.774      0.012     67.132      0.000

 CY2      BY
    REDESW02           0.736      0.014     54.237      0.000

 CY3      BY
    REDESW03           0.718      0.014     50.387      0.000

 CY4      BY
    REDESW04           0.798      0.011     74.961      0.000

 CY5      BY
    REDESW05           0.780      0.012     66.855      0.000

 CX2      ON
    CX1                0.162      0.050      3.233      0.001

 CX3      ON
    CX2                0.149      0.062      2.389      0.017

 CX4      ON
    CX3                0.142      0.047      3.043      0.002

 CX5      ON
    CX4                0.281      0.043      6.462      0.000

 CY2      ON
    CX1                0.008      0.034      0.239      0.811
    CY1                0.012      0.039      0.325      0.745

 CY3      ON
    CX2                0.071      0.041      1.746      0.081
    CY2                0.083      0.043      1.935      0.053

 CY4      ON
    CX3                0.005      0.035      0.130      0.897
    CY3                0.155      0.037      4.199      0.000

 CY5      ON
    CX4                0.074      0.030      2.439      0.015
    CY4                0.307      0.035      8.903      0.000

 CX1      WITH
    CY1                0.275      0.031      8.881      0.000

 CX2      WITH
    CY2                0.280      0.034      8.279      0.000

 CX3      WITH
    CY3                0.173      0.041      4.183      0.000

 CX4      WITH
    CY4                0.276      0.031      8.936      0.000

 CX5      WITH
    CY5                0.038      0.036      1.042      0.298

 RI_X     WITH
    RI_Y               0.667      0.030     22.561      0.000
    CX1                0.000      0.000    999.000    999.000
    CY1                0.000      0.000    999.000    999.000

 RI_Y     WITH
    CX1                0.000      0.000    999.000    999.000
    CY1                0.000      0.000    999.000    999.000

 Intercepts
    MARCHW01           1.734      0.029     59.239      0.000
    MARCHW02           1.881      0.046     40.631      0.000
    MARCHW03           1.988      0.059     33.820      0.000
    MARCHW04           1.598      0.020     78.719      0.000
    MARCHW05           1.783      0.060     29.756      0.000
    REDESW01           1.459      0.013    115.906      0.000
    REDESW02           1.464      0.015     95.401      0.000
    REDESW03           1.504      0.017     88.569      0.000
    REDESW04           1.513      0.015    101.691      0.000
    REDESW05           1.528      0.019     81.373      0.000

 Variances
    RI_X               1.000      0.000    999.000    999.000
    RI_Y               1.000      0.000    999.000    999.000
    CX1                1.000      0.000    999.000    999.000
    CY1                1.000      0.000    999.000    999.000

 Residual Variances
    MARCHW01           0.000    999.000    999.000    999.000
    MARCHW02           0.000    999.000    999.000    999.000
    MARCHW03           0.000    999.000    999.000    999.000
    MARCHW04           0.000    999.000    999.000    999.000
    MARCHW05           0.000    999.000    999.000    999.000
    REDESW01           0.000    999.000    999.000    999.000
    REDESW02           0.000    999.000    999.000    999.000
    REDESW03           0.000    999.000    999.000    999.000
    REDESW04           0.000    999.000    999.000    999.000
    REDESW05           0.000    999.000    999.000    999.000
    CX2                0.974      0.016     59.638      0.000
    CX3                0.978      0.019     52.750      0.000
    CX4                0.980      0.013     73.734      0.000
    CX5                0.921      0.024     37.704      0.000
    CY2                1.000      0.001    863.633      0.000
    CY3                0.985      0.010     94.929      0.000
    CY4                0.976      0.012     84.161      0.000
    CY5                0.888      0.021     41.394      0.000


R-SQUARE

    Observed                                        Two-Tailed
    Variable        Estimate       S.E.  Est./S.E.    P-Value

    MARCHW01           1.000    999.000    999.000    999.000
    MARCHW02           1.000    999.000    999.000    999.000
    MARCHW03           1.000    999.000    999.000    999.000
    MARCHW04           1.000    999.000    999.000    999.000
    MARCHW05           1.000    999.000    999.000    999.000
    REDESW01           1.000    999.000    999.000    999.000
    REDESW02           1.000    999.000    999.000    999.000
    REDESW03           1.000    999.000    999.000    999.000
    REDESW04           1.000    999.000    999.000    999.000
    REDESW05           1.000    999.000    999.000    999.000

     Latent                                         Two-Tailed
    Variable        Estimate       S.E.  Est./S.E.    P-Value

    CX2                0.026      0.016      1.616      0.106
    CX3                0.022      0.019      1.195      0.232
    CX4                0.020      0.013      1.521      0.128
    CX5                0.079      0.024      3.231      0.001
    CY2                0.000      0.001      0.239      0.811
    CY3                0.015      0.010      1.462      0.144
    CY4                0.024      0.012      2.088      0.037
    CY5                0.112      0.021      5.246      0.000


QUALITY OF NUMERICAL RESULTS

     Condition Number for the Information Matrix              0.291E-02
       (ratio of smallest to largest eigenvalue)


CONFIDENCE INTERVALS OF MODEL RESULTS

                  Lower .5%  Lower 2.5%    Lower 5%    Estimate    Upper 5%  Upper 2.5%   Upper .5%

 RI_X     BY
    MARCHW01         1.000       1.000       1.000       1.000       1.000       1.000       1.000
    MARCHW02         1.000       1.000       1.000       1.000       1.000       1.000       1.000
    MARCHW03         1.000       1.000       1.000       1.000       1.000       1.000       1.000
    MARCHW04         1.000       1.000       1.000       1.000       1.000       1.000       1.000
    MARCHW05         1.000       1.000       1.000       1.000       1.000       1.000       1.000

 RI_Y     BY
    REDESW01         1.000       1.000       1.000       1.000       1.000       1.000       1.000
    REDESW02         1.000       1.000       1.000       1.000       1.000       1.000       1.000
    REDESW03         1.000       1.000       1.000       1.000       1.000       1.000       1.000
    REDESW04         1.000       1.000       1.000       1.000       1.000       1.000       1.000
    REDESW05         1.000       1.000       1.000       1.000       1.000       1.000       1.000

 CX1      BY
    MARCHW01         1.000       1.000       1.000       1.000       1.000       1.000       1.000

 CX2      BY
    MARCHW02         1.000       1.000       1.000       1.000       1.000       1.000       1.000

 CX3      BY
    MARCHW03         1.000       1.000       1.000       1.000       1.000       1.000       1.000

 CX4      BY
    MARCHW04         1.000       1.000       1.000       1.000       1.000       1.000       1.000

 CX5      BY
    MARCHW05         1.000       1.000       1.000       1.000       1.000       1.000       1.000

 CY1      BY
    REDESW01         1.000       1.000       1.000       1.000       1.000       1.000       1.000

 CY2      BY
    REDESW02         1.000       1.000       1.000       1.000       1.000       1.000       1.000

 CY3      BY
    REDESW03         1.000       1.000       1.000       1.000       1.000       1.000       1.000

 CY4      BY
    REDESW04         1.000       1.000       1.000       1.000       1.000       1.000       1.000

 CY5      BY
    REDESW05         1.000       1.000       1.000       1.000       1.000       1.000       1.000

 CX2      ON
    CX1              0.025       0.050       0.063       0.130       0.198       0.211       0.236

 CX3      ON
    CX2             -0.013       0.022       0.040       0.131       0.223       0.241       0.275

 CX4      ON
    CX3              0.048       0.099       0.126       0.262       0.399       0.425       0.476

 CX5      ON
    CX4              0.099       0.119       0.128       0.180       0.232       0.241       0.261

 CY2      ON
    CX1             -0.096      -0.071      -0.058       0.010       0.078       0.091       0.116
    CY1             -0.077      -0.056      -0.045       0.011       0.068       0.078       0.100

 CY3      ON
    CX2             -0.048      -0.011       0.007       0.104       0.200       0.219       0.255
    CY2             -0.026      -0.001       0.012       0.078       0.145       0.157       0.182

 CY4      ON
    CX3             -0.182      -0.136      -0.112       0.010       0.132       0.155       0.201
    CY3              0.079       0.107       0.122       0.198       0.274       0.289       0.317

 CY5      ON
    CX4             -0.003       0.017       0.027       0.080       0.133       0.143       0.163
    CY4              0.203       0.224       0.235       0.290       0.345       0.356       0.376

 CX1      WITH
    CY1              0.107       0.121       0.128       0.165       0.201       0.208       0.222

 CX2      WITH
    CY2              0.073       0.084       0.089       0.118       0.147       0.152       0.163

 CX3      WITH
    CY3              0.018       0.028       0.033       0.061       0.088       0.094       0.104

 CX4      WITH
    CY4              0.155       0.172       0.181       0.228       0.276       0.285       0.302

 CX5      WITH
    CY5             -0.027      -0.016      -0.011       0.018       0.046       0.051       0.062

 RI_X     WITH
    RI_Y             0.142       0.152       0.158       0.185       0.213       0.218       0.228
    CX1              0.000       0.000       0.000       0.000       0.000       0.000       0.000
    CY1              0.000       0.000       0.000       0.000       0.000       0.000       0.000

 RI_Y     WITH
    CX1              0.000       0.000       0.000       0.000       0.000       0.000       0.000
    CY1              0.000       0.000       0.000       0.000       0.000       0.000       0.000

 Intercepts
    MARCHW01         1.276       1.285       1.290       1.313       1.337       1.341       1.350
    MARCHW02         1.185       1.193       1.197       1.218       1.239       1.243       1.251
    MARCHW03         1.157       1.165       1.168       1.189       1.209       1.213       1.220
    MARCHW04         1.447       1.460       1.466       1.500       1.535       1.541       1.554
    MARCHW05         1.152       1.161       1.165       1.188       1.212       1.216       1.225
    REDESW01         1.658       1.671       1.678       1.714       1.750       1.756       1.770
    REDESW02         1.553       1.567       1.573       1.609       1.644       1.651       1.665
    REDESW03         1.551       1.564       1.571       1.607       1.643       1.650       1.663
    REDESW04         1.796       1.812       1.821       1.865       1.908       1.917       1.933
    REDESW05         1.746       1.763       1.771       1.815       1.860       1.868       1.885

 Variances
    RI_X             0.092       0.103       0.109       0.140       0.170       0.176       0.187
    RI_Y             0.480       0.498       0.506       0.552       0.598       0.607       0.625
    CX1              0.357       0.376       0.385       0.434       0.483       0.492       0.511
    CY1              0.735       0.757       0.768       0.827       0.887       0.898       0.920

 Residual Variances
    MARCHW01         0.000       0.000       0.000       0.000       0.000       0.000       0.000
    MARCHW02         0.000       0.000       0.000       0.000       0.000       0.000       0.000
    MARCHW03         0.000       0.000       0.000       0.000       0.000       0.000       0.000
    MARCHW04         0.000       0.000       0.000       0.000       0.000       0.000       0.000
    MARCHW05         0.000       0.000       0.000       0.000       0.000       0.000       0.000
    REDESW01         0.000       0.000       0.000       0.000       0.000       0.000       0.000
    REDESW02         0.000       0.000       0.000       0.000       0.000       0.000       0.000
    REDESW03         0.000       0.000       0.000       0.000       0.000       0.000       0.000
    REDESW04         0.000       0.000       0.000       0.000       0.000       0.000       0.000
    REDESW05         0.000       0.000       0.000       0.000       0.000       0.000       0.000
    CX2              0.216       0.229       0.236       0.272       0.308       0.314       0.328
    CX3              0.158       0.171       0.178       0.213       0.248       0.255       0.268
    CX4              0.631       0.654       0.666       0.727       0.788       0.799       0.822
    CX5              0.215       0.231       0.239       0.280       0.322       0.330       0.346
    CY2              0.561       0.583       0.595       0.655       0.715       0.726       0.748
    CY3              0.495       0.516       0.526       0.580       0.634       0.644       0.664
    CY4              0.842       0.866       0.878       0.942       1.007       1.019       1.043
    CY5              0.665       0.688       0.700       0.762       0.825       0.837       0.860


CONFIDENCE INTERVALS OF STANDARDIZED MODEL RESULTS


STDYX Standardization

                  Lower .5%  Lower 2.5%    Lower 5%    Estimate    Upper 5%  Upper 2.5%   Upper .5%

 RI_X     BY
    MARCHW01         0.413       0.432       0.442       0.493       0.545       0.555       0.574
    MARCHW02         0.495       0.515       0.525       0.577       0.630       0.640       0.660
    MARCHW03         0.536       0.557       0.568       0.625       0.682       0.693       0.714
    MARCHW04         0.331       0.347       0.355       0.398       0.441       0.449       0.465
    MARCHW05         0.488       0.505       0.514       0.561       0.607       0.616       0.634

 RI_Y     BY
    REDESW01         0.596       0.605       0.610       0.633       0.656       0.660       0.669
    REDESW02         0.638       0.647       0.652       0.676       0.701       0.705       0.715
    REDESW03         0.658       0.667       0.672       0.696       0.720       0.725       0.734
    REDESW04         0.567       0.576       0.580       0.603       0.626       0.631       0.639
    REDESW05         0.588       0.597       0.602       0.626       0.650       0.654       0.663

 CX1      BY
    MARCHW01         0.824       0.835       0.841       0.870       0.899       0.905       0.916

 CX2      BY
    MARCHW02         0.758       0.772       0.779       0.817       0.854       0.861       0.875

 CX3      BY
    MARCHW03         0.709       0.726       0.735       0.781       0.826       0.835       0.852

 CX4      BY
    MARCHW04         0.888       0.895       0.899       0.917       0.936       0.939       0.946

 CX5      BY
    MARCHW05         0.779       0.790       0.796       0.828       0.860       0.866       0.878

 CY1      BY
    REDESW01         0.745       0.752       0.755       0.774       0.793       0.797       0.804

 CY2      BY
    REDESW02         0.702       0.710       0.714       0.736       0.759       0.763       0.771

 CY3      BY
    REDESW03         0.682       0.690       0.695       0.718       0.742       0.746       0.755

 CY4      BY
    REDESW04         0.770       0.777       0.780       0.798       0.815       0.818       0.825

 CY5      BY
    REDESW05         0.750       0.757       0.761       0.780       0.799       0.803       0.810

 CX2      ON
    CX1              0.033       0.064       0.080       0.162       0.245       0.261       0.292

 CX3      ON
    CX2             -0.012       0.027       0.046       0.149       0.251       0.271       0.309

 CX4      ON
    CX3              0.022       0.051       0.065       0.142       0.219       0.234       0.263

 CX5      ON
    CX4              0.169       0.196       0.209       0.281       0.352       0.366       0.393

 CY2      ON
    CX1             -0.079      -0.058      -0.047       0.008       0.063       0.074       0.095
    CY1             -0.087      -0.063      -0.051       0.012       0.076       0.088       0.112

 CY3      ON
    CX2             -0.034      -0.009       0.004       0.071       0.139       0.151       0.177
    CY2             -0.027      -0.001       0.012       0.083       0.153       0.166       0.192

 CY4      ON
    CX3             -0.086      -0.065      -0.053       0.005       0.063       0.074       0.096
    CY3              0.060       0.082       0.094       0.155       0.215       0.227       0.250

 CY5      ON
    CX4             -0.004       0.015       0.024       0.074       0.124       0.134       0.153
    CY4              0.218       0.240       0.250       0.307       0.364       0.375       0.396

 CX1      WITH
    CY1              0.195       0.214       0.224       0.275       0.326       0.335       0.354

 CX2      WITH
    CY2              0.193       0.213       0.224       0.280       0.335       0.346       0.367

 CX3      WITH
    CY3              0.066       0.092       0.105       0.173       0.241       0.254       0.280

 CX4      WITH
    CY4              0.196       0.216       0.225       0.276       0.327       0.337       0.356

 CX5      WITH
    CY5             -0.056      -0.033      -0.022       0.038       0.098       0.109       0.132

 RI_X     WITH
    RI_Y             0.591       0.609       0.618       0.667       0.715       0.725       0.743
    CX1              0.000       0.000       0.000       0.000       0.000       0.000       0.000
    CY1              0.000       0.000       0.000       0.000       0.000       0.000       0.000

 RI_Y     WITH
    CX1              0.000       0.000       0.000       0.000       0.000       0.000       0.000
    CY1              0.000       0.000       0.000       0.000       0.000       0.000       0.000

 Intercepts
    MARCHW01         1.658       1.677       1.686       1.734       1.782       1.791       1.809
    MARCHW02         1.762       1.790       1.805       1.881       1.957       1.972       2.000
    MARCHW03         1.837       1.873       1.891       1.988       2.085       2.103       2.139
    MARCHW04         1.546       1.559       1.565       1.598       1.632       1.638       1.651
    MARCHW05         1.629       1.666       1.685       1.783       1.882       1.901       1.938
    REDESW01         1.427       1.434       1.438       1.459       1.480       1.484       1.491
    REDESW02         1.425       1.434       1.439       1.464       1.490       1.494       1.504
    REDESW03         1.461       1.471       1.476       1.504       1.532       1.538       1.548
    REDESW04         1.475       1.484       1.489       1.513       1.538       1.542       1.552
    REDESW05         1.480       1.491       1.497       1.528       1.559       1.565       1.576

 Variances
    RI_X             1.000       1.000       1.000       1.000       1.000       1.000       1.000
    RI_Y             1.000       1.000       1.000       1.000       1.000       1.000       1.000
    CX1              1.000       1.000       1.000       1.000       1.000       1.000       1.000
    CY1              1.000       1.000       1.000       1.000       1.000       1.000       1.000

 Residual Variances
    MARCHW01       999.000     999.000     999.000       0.000     999.000     999.000     999.000
    MARCHW02       999.000     999.000     999.000       0.000     999.000     999.000     999.000
    MARCHW03       999.000     999.000     999.000       0.000     999.000     999.000     999.000
    MARCHW04       999.000     999.000     999.000       0.000     999.000     999.000     999.000
    MARCHW05       999.000     999.000     999.000       0.000     999.000     999.000     999.000
    REDESW01       999.000     999.000     999.000       0.000     999.000     999.000     999.000
    REDESW02       999.000     999.000     999.000       0.000     999.000     999.000     999.000
    REDESW03       999.000     999.000     999.000       0.000     999.000     999.000     999.000
    REDESW04       999.000     999.000     999.000       0.000     999.000     999.000     999.000
    REDESW05       999.000     999.000     999.000       0.000     999.000     999.000     999.000
    CX2              0.932       0.942       0.947       0.974       1.000       1.006       1.016
    CX3              0.930       0.942       0.947       0.978       1.008       1.014       1.026
    CX4              0.946       0.954       0.958       0.980       1.002       1.006       1.014
    CX5              0.858       0.873       0.881       0.921       0.961       0.969       0.984
    CY2              0.997       0.997       0.998       1.000       1.002       1.002       1.003
    CY3              0.958       0.964       0.968       0.985       1.002       1.005       1.012
    CY4              0.946       0.953       0.957       0.976       0.995       0.999       1.006
    CY5              0.832       0.846       0.852       0.888       0.923       0.930       0.943


MODEL MODIFICATION INDICES

NOTE:  Modification indices for direct effects of observed dependent variables
regressed on covariates may not be included.  To include these, request
MODINDICES (ALL).

Minimum M.I. value for printing the modification index    10.000

                            M.I.     E.P.C.  Std E.P.C.  StdYX E.P.C.

BY Statements

RI_X     BY MARCHW01       19.526     0.326      0.122        0.161
RI_X     BY MARCHW04       85.045     0.843      0.315        0.336
RI_X     BY MARCHW05       79.965    -0.707     -0.264       -0.397
RI_Y     BY MARCHW04       65.719     0.309      0.230        0.245
RI_Y     BY MARCHW05       39.251    -0.192     -0.143       -0.214
CX1      BY MARCHW02       14.536    -0.765     -0.504       -0.778
CX1      BY MARCHW04       24.228     0.190      0.125        0.133
CX2      BY MARCHW03       11.008    -0.696     -0.368       -0.616
CX2      BY MARCHW04       14.572     0.194      0.103        0.109
CX2      BY MARCHW05       18.022    -0.188     -0.099       -0.149
CX3      BY MARCHW01       13.296     0.186      0.087        0.114
CX3      BY MARCHW04       11.083     0.954      0.446        0.475
CX3      BY MARCHW05       12.897    -0.187     -0.087       -0.131
CX4      BY MARCHW01       18.187     0.100      0.086        0.113
CX4      BY MARCHW03       22.511    -0.402     -0.346       -0.579
CY3      BY MARCHW03       12.312    -0.474     -0.363       -0.608
CY3      BY MARCHW04       16.898     0.156      0.120        0.127
CY3      BY MARCHW05       15.649    -0.115     -0.088       -0.132

ON/BY Statements

RI_X     ON CX1      /
CX1      BY RI_X           14.105     0.104      0.184        0.184
RI_X     ON CX4      /
CX4      BY RI_X           21.830     0.095      0.220        0.220
RI_X     ON CX5      /
CX5      BY RI_X           29.117    -0.248     -0.366       -0.366
RI_Y     ON CX4      /
CX4      BY RI_Y           21.795     0.132      0.153        0.153
CX1      ON RI_X     /
RI_X     BY CX1            20.907     0.362      0.206        0.206
CX1      ON RI_Y     /
RI_Y     BY CX1            10.293     0.109      0.123        0.123
CX1      ON CX3      /
CX3      BY CX1            13.621     0.193      0.137        0.137
CX1      ON CX4      /
CX4      BY CX1            23.211     0.118      0.154        0.154
CX3      ON CX1      /
CX1      BY CX3            11.156     0.088      0.124        0.124
CX3      ON CX4      /
CX4      BY CX3            22.512    -0.402     -0.741       -0.741
CX4      ON RI_X     /
RI_X     BY CX4            65.963     0.808      0.351        0.351
CX4      ON RI_Y     /
RI_Y     BY CX4            50.881     0.288      0.249        0.249
CX4      ON CX1      /
CX1      BY CX4            22.339     0.192      0.147        0.147
CX4      ON CX2      /
CX2      BY CX4            10.681     0.178      0.109        0.109
CX4      ON CY3      /
CY3      BY CX4            11.606     0.137      0.122        0.122
CX4      ON CY4      /
CY4      BY CX4            11.605     0.691      0.789        0.789
CX5      ON RI_X     /
RI_X     BY CX5            79.965    -0.707     -0.479       -0.479
CX5      ON RI_Y     /
RI_Y     BY CX5            39.251    -0.192     -0.259       -0.259
CX5      ON CX2      /
CX2      BY CX5            18.022    -0.188     -0.180       -0.180
CX5      ON CX3      /
CX3      BY CX5            12.897    -0.187     -0.158       -0.158
CX5      ON CY3      /
CY3      BY CX5            15.649    -0.115     -0.160       -0.160

WITH Statements

MARCHW04 WITH MARCHW01     15.096     0.059      0.059      999.000
REDESW03 WITH MARCHW04     12.631     0.074      0.074      999.000
CX1      WITH RI_X         15.337     0.046      0.186        0.186
CX3      WITH CX1          11.275     0.036      0.120        0.120
CX4      WITH RI_X         15.921     0.055      0.172        0.172
CX4      WITH RI_Y         19.089     0.086      0.136        0.136
CX4      WITH CX1          17.725     0.070      0.125        0.125
CX4      WITH CX3          20.735    -0.274     -0.696       -0.696
CX5      WITH RI_X         41.880    -0.073     -0.368       -0.368

Variances/Residual Variances

MARCHW03                   20.973     1.054      1.054        2.948


TECHNICAL 1 OUTPUT


     PARAMETER SPECIFICATION


           NU
              MARCHW01      MARCHW02      MARCHW03      MARCHW04      MARCHW05
              ________      ________      ________      ________      ________
      1           1             2             3             4             5


           NU
              REDESW01      REDESW02      REDESW03      REDESW04      REDESW05
              ________      ________      ________      ________      ________
      1           6             7             8             9            10


           LAMBDA
              RI_X          RI_Y          CX1           CX2           CX3
              ________      ________      ________      ________      ________
 MARCHW01           0             0             0             0             0
 MARCHW02           0             0             0             0             0
 MARCHW03           0             0             0             0             0
 MARCHW04           0             0             0             0             0
 MARCHW05           0             0             0             0             0
 REDESW01           0             0             0             0             0
 REDESW02           0             0             0             0             0
 REDESW03           0             0             0             0             0
 REDESW04           0             0             0             0             0
 REDESW05           0             0             0             0             0


           LAMBDA
              CX4           CX5           CY1           CY2           CY3
              ________      ________      ________      ________      ________
 MARCHW01           0             0             0             0             0
 MARCHW02           0             0             0             0             0
 MARCHW03           0             0             0             0             0
 MARCHW04           0             0             0             0             0
 MARCHW05           0             0             0             0             0
 REDESW01           0             0             0             0             0
 REDESW02           0             0             0             0             0
 REDESW03           0             0             0             0             0
 REDESW04           0             0             0             0             0
 REDESW05           0             0             0             0             0


           LAMBDA
              CY4           CY5
              ________      ________
 MARCHW01           0             0
 MARCHW02           0             0
 MARCHW03           0             0
 MARCHW04           0             0
 MARCHW05           0             0
 REDESW01           0             0
 REDESW02           0             0
 REDESW03           0             0
 REDESW04           0             0
 REDESW05           0             0


           THETA
              MARCHW01      MARCHW02      MARCHW03      MARCHW04      MARCHW05
              ________      ________      ________      ________      ________
 MARCHW01           0
 MARCHW02           0             0
 MARCHW03           0             0             0
 MARCHW04           0             0             0             0
 MARCHW05           0             0             0             0             0
 REDESW01           0             0             0             0             0
 REDESW02           0             0             0             0             0
 REDESW03           0             0             0             0             0
 REDESW04           0             0             0             0             0
 REDESW05           0             0             0             0             0


           THETA
              REDESW01      REDESW02      REDESW03      REDESW04      REDESW05
              ________      ________      ________      ________      ________
 REDESW01           0
 REDESW02           0             0
 REDESW03           0             0             0
 REDESW04           0             0             0             0
 REDESW05           0             0             0             0             0


           ALPHA
              RI_X          RI_Y          CX1           CX2           CX3
              ________      ________      ________      ________      ________
      1           0             0             0             0             0


           ALPHA
              CX4           CX5           CY1           CY2           CY3
              ________      ________      ________      ________      ________
      1           0             0             0             0             0


           ALPHA
              CY4           CY5
              ________      ________
      1           0             0


           BETA
              RI_X          RI_Y          CX1           CX2           CX3
              ________      ________      ________      ________      ________
 RI_X               0             0             0             0             0
 RI_Y               0             0             0             0             0
 CX1                0             0             0             0             0
 CX2                0             0            11             0             0
 CX3                0             0             0            12             0
 CX4                0             0             0             0            13
 CX5                0             0             0             0             0
 CY1                0             0             0             0             0
 CY2                0             0            15             0             0
 CY3                0             0             0            17             0
 CY4                0             0             0             0            19
 CY5                0             0             0             0             0


           BETA
              CX4           CX5           CY1           CY2           CY3
              ________      ________      ________      ________      ________
 RI_X               0             0             0             0             0
 RI_Y               0             0             0             0             0
 CX1                0             0             0             0             0
 CX2                0             0             0             0             0
 CX3                0             0             0             0             0
 CX4                0             0             0             0             0
 CX5               14             0             0             0             0
 CY1                0             0             0             0             0
 CY2                0             0            16             0             0
 CY3                0             0             0            18             0
 CY4                0             0             0             0            20
 CY5               21             0             0             0             0


           BETA
              CY4           CY5
              ________      ________
 RI_X               0             0
 RI_Y               0             0
 CX1                0             0
 CX2                0             0
 CX3                0             0
 CX4                0             0
 CX5                0             0
 CY1                0             0
 CY2                0             0
 CY3                0             0
 CY4                0             0
 CY5               22             0


           PSI
              RI_X          RI_Y          CX1           CX2           CX3
              ________      ________      ________      ________      ________
 RI_X              23
 RI_Y              24            25
 CX1                0             0            26
 CX2                0             0             0            27
 CX3                0             0             0             0            28
 CX4                0             0             0             0             0
 CX5                0             0             0             0             0
 CY1                0             0            31             0             0
 CY2                0             0             0            33             0
 CY3                0             0             0             0            35
 CY4                0             0             0             0             0
 CY5                0             0             0             0             0


           PSI
              CX4           CX5           CY1           CY2           CY3
              ________      ________      ________      ________      ________
 CX4               29
 CX5                0            30
 CY1                0             0            32
 CY2                0             0             0            34
 CY3                0             0             0             0            36
 CY4               37             0             0             0             0
 CY5                0            39             0             0             0


           PSI
              CY4           CY5
              ________      ________
 CY4               38
 CY5                0            40


     STARTING VALUES


           NU
              MARCHW01      MARCHW02      MARCHW03      MARCHW04      MARCHW05
              ________      ________      ________      ________      ________
      1         1.313         1.215         1.184         1.499         1.203


           NU
              REDESW01      REDESW02      REDESW03      REDESW04      REDESW05
              ________      ________      ________      ________      ________
      1         1.714         1.605         1.593         1.859         1.837


           LAMBDA
              RI_X          RI_Y          CX1           CX2           CX3
              ________      ________      ________      ________      ________
 MARCHW01       1.000         0.000         1.000         0.000         0.000
 MARCHW02       1.000         0.000         0.000         1.000         0.000
 MARCHW03       1.000         0.000         0.000         0.000         1.000
 MARCHW04       1.000         0.000         0.000         0.000         0.000
 MARCHW05       1.000         0.000         0.000         0.000         0.000
 REDESW01       0.000         1.000         0.000         0.000         0.000
 REDESW02       0.000         1.000         0.000         0.000         0.000
 REDESW03       0.000         1.000         0.000         0.000         0.000
 REDESW04       0.000         1.000         0.000         0.000         0.000
 REDESW05       0.000         1.000         0.000         0.000         0.000


           LAMBDA
              CX4           CX5           CY1           CY2           CY3
              ________      ________      ________      ________      ________
 MARCHW01       0.000         0.000         0.000         0.000         0.000
 MARCHW02       0.000         0.000         0.000         0.000         0.000
 MARCHW03       0.000         0.000         0.000         0.000         0.000
 MARCHW04       1.000         0.000         0.000         0.000         0.000
 MARCHW05       0.000         1.000         0.000         0.000         0.000
 REDESW01       0.000         0.000         1.000         0.000         0.000
 REDESW02       0.000         0.000         0.000         1.000         0.000
 REDESW03       0.000         0.000         0.000         0.000         1.000
 REDESW04       0.000         0.000         0.000         0.000         0.000
 REDESW05       0.000         0.000         0.000         0.000         0.000


           LAMBDA
              CY4           CY5
              ________      ________
 MARCHW01       0.000         0.000
 MARCHW02       0.000         0.000
 MARCHW03       0.000         0.000
 MARCHW04       0.000         0.000
 MARCHW05       0.000         0.000
 REDESW01       0.000         0.000
 REDESW02       0.000         0.000
 REDESW03       0.000         0.000
 REDESW04       1.000         0.000
 REDESW05       0.000         1.000


           THETA
              MARCHW01      MARCHW02      MARCHW03      MARCHW04      MARCHW05
              ________      ________      ________      ________      ________
 MARCHW01       0.000
 MARCHW02       0.000         0.000
 MARCHW03       0.000         0.000         0.000
 MARCHW04       0.000         0.000         0.000         0.000
 MARCHW05       0.000         0.000         0.000         0.000         0.000
 REDESW01       0.000         0.000         0.000         0.000         0.000
 REDESW02       0.000         0.000         0.000         0.000         0.000
 REDESW03       0.000         0.000         0.000         0.000         0.000
 REDESW04       0.000         0.000         0.000         0.000         0.000
 REDESW05       0.000         0.000         0.000         0.000         0.000


           THETA
              REDESW01      REDESW02      REDESW03      REDESW04      REDESW05
              ________      ________      ________      ________      ________
 REDESW01       0.000
 REDESW02       0.000         0.000
 REDESW03       0.000         0.000         0.000
 REDESW04       0.000         0.000         0.000         0.000
 REDESW05       0.000         0.000         0.000         0.000         0.000


           ALPHA
              RI_X          RI_Y          CX1           CX2           CX3
              ________      ________      ________      ________      ________
      1         0.000         0.000         0.000         0.000         0.000


           ALPHA
              CX4           CX5           CY1           CY2           CY3
              ________      ________      ________      ________      ________
      1         0.000         0.000         0.000         0.000         0.000


           ALPHA
              CY4           CY5
              ________      ________
      1         0.000         0.000


           BETA
              RI_X          RI_Y          CX1           CX2           CX3
              ________      ________      ________      ________      ________
 RI_X           0.000         0.000         0.000         0.000         0.000
 RI_Y           0.000         0.000         0.000         0.000         0.000
 CX1            0.000         0.000         0.000         0.000         0.000
 CX2            0.000         0.000         0.000         0.000         0.000
 CX3            0.000         0.000         0.000         0.000         0.000
 CX4            0.000         0.000         0.000         0.000         0.000
 CX5            0.000         0.000         0.000         0.000         0.000
 CY1            0.000         0.000         0.000         0.000         0.000
 CY2            0.000         0.000         0.000         0.000         0.000
 CY3            0.000         0.000         0.000         0.000         0.000
 CY4            0.000         0.000         0.000         0.000         0.000
 CY5            0.000         0.000         0.000         0.000         0.000


           BETA
              CX4           CX5           CY1           CY2           CY3
              ________      ________      ________      ________      ________
 RI_X           0.000         0.000         0.000         0.000         0.000
 RI_Y           0.000         0.000         0.000         0.000         0.000
 CX1            0.000         0.000         0.000         0.000         0.000
 CX2            0.000         0.000         0.000         0.000         0.000
 CX3            0.000         0.000         0.000         0.000         0.000
 CX4            0.000         0.000         0.000         0.000         0.000
 CX5            0.000         0.000         0.000         0.000         0.000
 CY1            0.000         0.000         0.000         0.000         0.000
 CY2            0.000         0.000         0.000         0.000         0.000
 CY3            0.000         0.000         0.000         0.000         0.000
 CY4            0.000         0.000         0.000         0.000         0.000
 CY5            0.000         0.000         0.000         0.000         0.000


           BETA
              CY4           CY5
              ________      ________
 RI_X           0.000         0.000
 RI_Y           0.000         0.000
 CX1            0.000         0.000
 CX2            0.000         0.000
 CX3            0.000         0.000
 CX4            0.000         0.000
 CX5            0.000         0.000
 CY1            0.000         0.000
 CY2            0.000         0.000
 CY3            0.000         0.000
 CY4            0.000         0.000
 CY5            0.000         0.000


           PSI
              RI_X          RI_Y          CX1           CX2           CX3
              ________      ________      ________      ________      ________
 RI_X           0.050
 RI_Y           0.000         0.050
 CX1            0.000         0.000         0.050
 CX2            0.000         0.000         0.000         0.050
 CX3            0.000         0.000         0.000         0.000         0.050
 CX4            0.000         0.000         0.000         0.000         0.000
 CX5            0.000         0.000         0.000         0.000         0.000
 CY1            0.000         0.000         0.000         0.000         0.000
 CY2            0.000         0.000         0.000         0.000         0.000
 CY3            0.000         0.000         0.000         0.000         0.000
 CY4            0.000         0.000         0.000         0.000         0.000
 CY5            0.000         0.000         0.000         0.000         0.000


           PSI
              CX4           CX5           CY1           CY2           CY3
              ________      ________      ________      ________      ________
 CX4            0.050
 CX5            0.000         0.050
 CY1            0.000         0.000         0.050
 CY2            0.000         0.000         0.000         0.050
 CY3            0.000         0.000         0.000         0.000         0.050
 CY4            0.000         0.000         0.000         0.000         0.000
 CY5            0.000         0.000         0.000         0.000         0.000


           PSI
              CY4           CY5
              ________      ________
 CY4            0.050
 CY5            0.000         0.050


TECHNICAL 4 OUTPUT


     ESTIMATES DERIVED FROM THE MODEL


           ESTIMATED MEANS FOR THE LATENT VARIABLES
              RI_X          RI_Y          CX1           CX2           CX3
              ________      ________      ________      ________      ________
      1         0.000         0.000         0.000         0.000         0.000


           ESTIMATED MEANS FOR THE LATENT VARIABLES
              CX4           CX5           CY1           CY2           CY3
              ________      ________      ________      ________      ________
      1         0.000         0.000         0.000         0.000         0.000


           ESTIMATED MEANS FOR THE LATENT VARIABLES
              CY4           CY5
              ________      ________
      1         0.000         0.000


           ESTIMATED COVARIANCE MATRIX FOR THE LATENT VARIABLES
              RI_X          RI_Y          CX1           CX2           CX3
              ________      ________      ________      ________      ________
 RI_X           0.140
 RI_Y           0.185         0.552
 CX1            0.000         0.000         0.434
 CX2            0.000         0.000         0.057         0.279
 CX3            0.000         0.000         0.007         0.037         0.218
 CX4            0.000         0.000         0.002         0.010         0.057
 CX5            0.000         0.000         0.000         0.002         0.010
 CY1            0.000         0.000         0.165         0.021         0.003
 CY2            0.000         0.000         0.006         0.119         0.016
 CY3            0.000         0.000         0.006         0.038         0.066
 CY4            0.000         0.000         0.001         0.008         0.015
 CY5            0.000         0.000         0.001         0.003         0.009


           ESTIMATED COVARIANCE MATRIX FOR THE LATENT VARIABLES
              CX4           CX5           CY1           CY2           CY3
              ________      ________      ________      ________      ________
 CX4            0.742
 CX5            0.134         0.305
 CY1            0.001         0.000         0.827
 CY2            0.004         0.001         0.011         0.655
 CY3            0.017         0.003         0.003         0.064         0.589
 CY4            0.232         0.042         0.001         0.013         0.117
 CY5            0.127         0.040         0.000         0.004         0.035


           ESTIMATED COVARIANCE MATRIX FOR THE LATENT VARIABLES
              CY4           CY5
              ________      ________
 CY4            0.966
 CY5            0.298         0.859


           ESTIMATED CORRELATION MATRIX FOR THE LATENT VARIABLES
              RI_X          RI_Y          CX1           CX2           CX3
              ________      ________      ________      ________      ________
 RI_X           1.000
 RI_Y           0.667         1.000
 CX1            0.000         0.000         1.000
 CX2            0.000         0.000         0.162         1.000
 CX3            0.000         0.000         0.024         0.149         1.000
 CX4            0.000         0.000         0.003         0.021         0.142
 CX5            0.000         0.000         0.001         0.006         0.040
 CY1            0.000         0.000         0.275         0.045         0.007
 CY2            0.000         0.000         0.011         0.278         0.041
 CY3            0.000         0.000         0.013         0.094         0.184
 CY4            0.000         0.000         0.002         0.015         0.033
 CY5            0.000         0.000         0.001         0.006         0.021


           ESTIMATED CORRELATION MATRIX FOR THE LATENT VARIABLES
              CX4           CX5           CY1           CY2           CY3
              ________      ________      ________      ________      ________
 CX4            1.000
 CX5            0.281         1.000
 CY1            0.001         0.000         1.000
 CY2            0.006         0.002         0.015         1.000
 CY3            0.026         0.007         0.004         0.102         1.000
 CY4            0.275         0.077         0.001         0.016         0.156
 CY5            0.159         0.079         0.000         0.005         0.050


           ESTIMATED CORRELATION MATRIX FOR THE LATENT VARIABLES
              CY4           CY5
              ________      ________
 CY4            1.000
 CY5            0.328         1.000


     Beginning Time:  13:31:27
        Ending Time:  13:31:27
       Elapsed Time:  00:00:00



MUTHEN & MUTHEN
3463 Stoner Ave.
Los Angeles, CA  90066

Tel: (310) 391-9971
Fax: (310) 391-8971
Web: www.StatModel.com
Support: Support@StatModel.com

Copyright (c) 1998-2012 Muthen & Muthen
