Mplus VERSION 7
MUTHEN & MUTHEN
08/19/2021   1:31 PM

INPUT INSTRUCTIONS

  TITLE:
  RI CLPM - B2;
  DATA:
  FILE = "mplus/modelo_basico_0d9373767802af8792c779fb3d387dfb.dat";

  VARIABLE:
  NAMES = marchw01 marchw02 marchw03 marchw04 marchw05 redesw01 redesw02 redesw03
       redesw04 redesw05;
   MISSING=.;

  ANALYSIS:
  ESTIMATOR = mlr;
      ITERATIONS = 5000;
  MODEL:

      ! Crear los componentes between
        RI_x BY marchw01@1 marchw02@1 marchw03@1 marchw04@1 marchw05@1;
        RI_y BY redesw01@1 redesw02@1 redesw03@1 redesw04@1 redesw05@1;

      ! Crear los componentes within
        cx1 BY marchw01@1;
        cx2 BY marchw02@1;
        cx3 BY marchw03@1;
        cx4 BY marchw04@1;
        cx5 BY marchw05@1;

        cy1 BY redesw01@1;
        cy2 BY redesw02@1;
        cy3 BY redesw03@1;
        cy4 BY redesw04@1;
        cy5 BY redesw05@1;

      ! Constrenir las varianzas del error de medicion a cero
        marchw01 - redesw05@0;

      ! Estimar los efectos lagged
        cx2 ON cx1 (a);
        cx3 ON cx2 (a);
        cx4 ON cx3 (a);
        cx5 ON cx4 (a);
        cy2 ON cx1 cy1 (c b);
        cy3 ON cx2 cy2 (c b);
        cy4 ON cx3 cy3 (c b);
        cy5 ON cx4 cy4 (c b);

      ! Estimar la covarianza entre los componentes within t=1
        cx1 WITH cy1;

      ! Estimar las covarianzas entre los residuos del componente within (innovations)
        cx2 WITH cy2;
        cx3 WITH cy3;
        cx4 WITH cy4;
        cx5 WITH cy5;

      ! Estimar la covarianza entre los RI
        RI_x WITH RI_y;

      ! Fijar la correlacion entre los RI y componentes within t=1 a cero
        RI_x WITH cx1@0 cy1@0;
        RI_y WITH cx1@0 cy1@0;

  OUTPUT:
  CINTERVAL sampstat mod stdyx tech1 tech4;



*** WARNING
  Data set contains cases with missing on all variables.
  These cases were not included in the analysis.
  Number of cases with missing on all variables:  1
   1 WARNING(S) FOUND IN THE INPUT INSTRUCTIONS




RI CLPM - B2;

SUMMARY OF ANALYSIS

Number of groups                                                 1
Number of observations                                        2927

Number of dependent variables                                   10
Number of independent variables                                  0
Number of continuous latent variables                           12

Observed dependent variables

  Continuous
   MARCHW01    MARCHW02    MARCHW03    MARCHW04    MARCHW05    REDESW01
   REDESW02    REDESW03    REDESW04    REDESW05

Continuous latent variables
   RI_X        RI_Y        CX1         CX2         CX3         CX4
   CX5         CY1         CY2         CY3         CY4         CY5


Estimator                                                      MLR
Information matrix                                        OBSERVED
Maximum number of iterations                                  5000
Convergence criterion                                    0.500D-04
Maximum number of steepest descent iterations                   20
Maximum number of iterations for H1                           2000
Convergence criterion for H1                             0.100D-03

Input data file(s)
  mplus/modelo_basico_0d9373767802af8792c779fb3d387dfb.dat

Input data format  FREE


SUMMARY OF DATA

     Number of missing data patterns            23


COVARIANCE COVERAGE OF DATA

Minimum covariance coverage value   0.100


     PROPORTION OF DATA PRESENT


           Covariance Coverage
              MARCHW01      MARCHW02      MARCHW03      MARCHW04      MARCHW05
              ________      ________      ________      ________      ________
 MARCHW01       0.998
 MARCHW02       0.844         0.845
 MARCHW03       0.759         0.719         0.761
 MARCHW04       0.735         0.698         0.682         0.736
 MARCHW05       0.594         0.565         0.554         0.566         0.594
 REDESW01       0.997         0.843         0.758         0.734         0.593
 REDESW02       0.844         0.845         0.719         0.698         0.565
 REDESW03       0.758         0.718         0.760         0.681         0.554
 REDESW04       0.735         0.698         0.682         0.736         0.566
 REDESW05       0.594         0.565         0.554         0.566         0.594


           Covariance Coverage
              REDESW01      REDESW02      REDESW03      REDESW04      REDESW05
              ________      ________      ________      ________      ________
 REDESW01       0.997
 REDESW02       0.843         0.845
 REDESW03       0.757         0.718         0.760
 REDESW04       0.734         0.698         0.681         0.736
 REDESW05       0.593         0.565         0.554         0.566         0.594


SAMPLE STATISTICS


     ESTIMATED SAMPLE STATISTICS


           Means
              MARCHW01      MARCHW02      MARCHW03      MARCHW04      MARCHW05
              ________      ________      ________      ________      ________
      1         1.313         1.218         1.188         1.500         1.192


           Means
              REDESW01      REDESW02      REDESW03      REDESW04      REDESW05
              ________      ________      ________      ________      ________
      1         1.714         1.609         1.605         1.865         1.815


           Covariances
              MARCHW01      MARCHW02      MARCHW03      MARCHW04      MARCHW05
              ________      ________      ________      ________      ________
 MARCHW01       0.602
 MARCHW02       0.208         0.414
 MARCHW03       0.181         0.170         0.351
 MARCHW04       0.277         0.234         0.244         0.984
 MARCHW05       0.127         0.095         0.104         0.309         0.401
 REDESW01       0.374         0.194         0.181         0.346         0.157
 REDESW02       0.209         0.294         0.175         0.329         0.116
 REDESW03       0.229         0.219         0.238         0.360         0.114
 REDESW04       0.259         0.237         0.218         0.565         0.241
 REDESW05       0.248         0.232         0.209         0.442         0.214


           Covariances
              REDESW01      REDESW02      REDESW03      REDESW04      REDESW05
              ________      ________      ________      ________      ________
 REDESW01       1.386
 REDESW02       0.551         1.187
 REDESW03       0.553         0.598         1.131
 REDESW04       0.640         0.642         0.740         1.644
 REDESW05       0.590         0.571         0.622         0.939         1.464


           Correlations
              MARCHW01      MARCHW02      MARCHW03      MARCHW04      MARCHW05
              ________      ________      ________      ________      ________
 MARCHW01       1.000
 MARCHW02       0.417         1.000
 MARCHW03       0.394         0.447         1.000
 MARCHW04       0.360         0.367         0.414         1.000
 MARCHW05       0.258         0.232         0.276         0.492         1.000
 REDESW01       0.410         0.256         0.260         0.297         0.210
 REDESW02       0.247         0.419         0.271         0.304         0.168
 REDESW03       0.278         0.320         0.378         0.342         0.169
 REDESW04       0.261         0.288         0.287         0.445         0.297
 REDESW05       0.264         0.298         0.292         0.368         0.279


           Correlations
              REDESW01      REDESW02      REDESW03      REDESW04      REDESW05
              ________      ________      ________      ________      ________
 REDESW01       1.000
 REDESW02       0.430         1.000
 REDESW03       0.442         0.516         1.000
 REDESW04       0.424         0.460         0.543         1.000
 REDESW05       0.414         0.433         0.484         0.606         1.000


     MAXIMUM LOG-LIKELIHOOD VALUE FOR THE UNRESTRICTED (H1) MODEL IS  -27136.359


THE MODEL ESTIMATION TERMINATED NORMALLY



MODEL FIT INFORMATION

Number of Free Parameters                       31

Loglikelihood

          H0 Value                      -27316.214
          H0 Scaling Correction Factor      2.1624
            for MLR
          H1 Value                      -27136.359
          H1 Scaling Correction Factor      1.9847
            for MLR

Information Criteria

          Akaike (AIC)                   54694.428
          Bayesian (BIC)                 54879.862
          Sample-Size Adjusted BIC       54781.363
            (n* = (n + 2) / 24)

Chi-Square Test of Model Fit

          Value                            197.348*
          Degrees of Freedom                    34
          P-Value                           0.0000
          Scaling Correction Factor         1.8227
            for MLR

*   The chi-square value for MLM, MLMV, MLR, ULSMV, WLSM and WLSMV cannot be used
    for chi-square difference testing in the regular way.  MLM, MLR and WLSM
    chi-square difference testing is described on the Mplus website.  MLMV, WLSMV,
    and ULSMV difference testing is done using the DIFFTEST option.

RMSEA (Root Mean Square Error Of Approximation)

          Estimate                           0.041
          90 Percent C.I.                    0.035  0.046
          Probability RMSEA <= .05           0.998

CFI/TLI

          CFI                                0.954
          TLI                                0.940

Chi-Square Test of Model Fit for the Baseline Model

          Value                           3632.161
          Degrees of Freedom                    45
          P-Value                           0.0000

SRMR (Standardized Root Mean Square Residual)

          Value                              0.069



MODEL RESULTS

                                                    Two-Tailed
                    Estimate       S.E.  Est./S.E.    P-Value

 RI_X     BY
    MARCHW01           1.000      0.000    999.000    999.000
    MARCHW02           1.000      0.000    999.000    999.000
    MARCHW03           1.000      0.000    999.000    999.000
    MARCHW04           1.000      0.000    999.000    999.000
    MARCHW05           1.000      0.000    999.000    999.000

 RI_Y     BY
    REDESW01           1.000      0.000    999.000    999.000
    REDESW02           1.000      0.000    999.000    999.000
    REDESW03           1.000      0.000    999.000    999.000
    REDESW04           1.000      0.000    999.000    999.000
    REDESW05           1.000      0.000    999.000    999.000

 CX1      BY
    MARCHW01           1.000      0.000    999.000    999.000

 CX2      BY
    MARCHW02           1.000      0.000    999.000    999.000

 CX3      BY
    MARCHW03           1.000      0.000    999.000    999.000

 CX4      BY
    MARCHW04           1.000      0.000    999.000    999.000

 CX5      BY
    MARCHW05           1.000      0.000    999.000    999.000

 CY1      BY
    REDESW01           1.000      0.000    999.000    999.000

 CY2      BY
    REDESW02           1.000      0.000    999.000    999.000

 CY3      BY
    REDESW03           1.000      0.000    999.000    999.000

 CY4      BY
    REDESW04           1.000      0.000    999.000    999.000

 CY5      BY
    REDESW05           1.000      0.000    999.000    999.000

 CX2      ON
    CX1                0.159      0.025      6.417      0.000

 CX3      ON
    CX2                0.159      0.025      6.417      0.000

 CX4      ON
    CX3                0.159      0.025      6.417      0.000

 CX5      ON
    CX4                0.159      0.025      6.417      0.000

 CY2      ON
    CX1                0.054      0.024      2.212      0.027
    CY1                0.137      0.023      6.026      0.000

 CY3      ON
    CX2                0.054      0.024      2.212      0.027
    CY2                0.137      0.023      6.026      0.000

 CY4      ON
    CX3                0.054      0.024      2.212      0.027
    CY3                0.137      0.023      6.026      0.000

 CY5      ON
    CX4                0.054      0.024      2.212      0.027
    CY4                0.137      0.023      6.026      0.000

 CX1      WITH
    CY1                0.174      0.022      7.856      0.000

 CX2      WITH
    CY2                0.129      0.017      7.391      0.000

 CX3      WITH
    CY3                0.058      0.016      3.702      0.000

 CX4      WITH
    CY4                0.217      0.028      7.708      0.000

 CX5      WITH
    CY5                0.009      0.017      0.537      0.591

 RI_X     WITH
    RI_Y               0.190      0.016     11.651      0.000
    CX1                0.000      0.000    999.000    999.000
    CY1                0.000      0.000    999.000    999.000

 RI_Y     WITH
    CX1                0.000      0.000    999.000    999.000
    CY1                0.000      0.000    999.000    999.000

 Intercepts
    MARCHW01           1.313      0.014     91.514      0.000
    MARCHW02           1.218      0.013     95.407      0.000
    MARCHW03           1.189      0.012     96.270      0.000
    MARCHW04           1.500      0.021     72.012      0.000
    MARCHW05           1.189      0.014     82.306      0.000
    REDESW01           1.714      0.022     78.694      0.000
    REDESW02           1.610      0.022     74.619      0.000
    REDESW03           1.607      0.022     73.642      0.000
    REDESW04           1.865      0.027     70.106      0.000
    REDESW05           1.817      0.027     67.375      0.000

 Variances
    RI_X               0.141      0.017      8.319      0.000
    RI_Y               0.552      0.028     19.608      0.000
    CX1                0.439      0.028     15.574      0.000
    CY1                0.875      0.037     23.913      0.000

 Residual Variances
    MARCHW01           0.000      0.000    999.000    999.000
    MARCHW02           0.000      0.000    999.000    999.000
    MARCHW03           0.000      0.000    999.000    999.000
    MARCHW04           0.000      0.000    999.000    999.000
    MARCHW05           0.000      0.000    999.000    999.000
    REDESW01           0.000      0.000    999.000    999.000
    REDESW02           0.000      0.000    999.000    999.000
    REDESW03           0.000      0.000    999.000    999.000
    REDESW04           0.000      0.000    999.000    999.000
    REDESW05           0.000      0.000    999.000    999.000
    CX2                0.277      0.021     13.394      0.000
    CX3                0.214      0.020     10.556      0.000
    CX4                0.715      0.037     19.161      0.000
    CX5                0.277      0.024     11.661      0.000
    CY2                0.728      0.036     20.140      0.000
    CY3                0.576      0.032     18.137      0.000
    CY4                0.896      0.040     22.337      0.000
    CY5                0.734      0.038     19.285      0.000


STANDARDIZED MODEL RESULTS


STDYX Standardization

                                                    Two-Tailed
                    Estimate       S.E.  Est./S.E.    P-Value

 RI_X     BY
    MARCHW01           0.494      0.027     17.983      0.000
    MARCHW02           0.574      0.027     21.435      0.000
    MARCHW03           0.625      0.029     21.357      0.000
    MARCHW04           0.405      0.024     17.069      0.000
    MARCHW05           0.569      0.027     20.761      0.000

 RI_Y     BY
    REDESW01           0.622      0.014     45.976      0.000
    REDESW02           0.651      0.014     45.227      0.000
    REDESW03           0.694      0.015     47.677      0.000
    REDESW04           0.615      0.015     41.134      0.000
    REDESW05           0.649      0.015     43.893      0.000

 CX1      BY
    MARCHW01           0.870      0.016     55.842      0.000

 CX2      BY
    MARCHW02           0.819      0.019     43.623      0.000

 CX3      BY
    MARCHW03           0.781      0.023     33.399      0.000

 CX4      BY
    MARCHW04           0.914      0.011     87.069      0.000

 CX5      BY
    MARCHW05           0.822      0.019     43.388      0.000

 CY1      BY
    REDESW01           0.783      0.011     72.890      0.000

 CY2      BY
    REDESW02           0.759      0.012     61.371      0.000

 CY3      BY
    REDESW03           0.720      0.014     51.200      0.000

 CY4      BY
    REDESW04           0.789      0.012     67.732      0.000

 CY5      BY
    REDESW05           0.760      0.013     60.200      0.000

 CX2      ON
    CX1                0.196      0.031      6.313      0.000

 CX3      ON
    CX2                0.181      0.029      6.219      0.000

 CX4      ON
    CX3                0.088      0.015      5.879      0.000

 CX5      ON
    CX4                0.248      0.038      6.603      0.000

 CY2      ON
    CX1                0.041      0.019      2.203      0.028
    CY1                0.148      0.023      6.324      0.000

 CY3      ON
    CX2                0.037      0.017      2.183      0.029
    CY2                0.154      0.026      5.879      0.000

 CY4      ON
    CX3                0.026      0.012      2.174      0.030
    CY3                0.111      0.019      5.825      0.000

 CY5      ON
    CX4                0.052      0.024      2.171      0.030
    CY4                0.150      0.026      5.782      0.000

 CX1      WITH
    CY1                0.281      0.030      9.427      0.000

 CX2      WITH
    CY2                0.287      0.031      9.197      0.000

 CX3      WITH
    CY3                0.167      0.040      4.184      0.000

 CX4      WITH
    CY4                0.271      0.031      8.697      0.000

 CX5      WITH
    CY5                0.020      0.037      0.542      0.588

 RI_X     WITH
    RI_Y               0.680      0.028     24.353      0.000
    CX1                0.000      0.000    999.000    999.000
    CY1                0.000      0.000    999.000    999.000

 RI_Y     WITH
    CX1                0.000      0.000    999.000    999.000
    CY1                0.000      0.000    999.000    999.000

 Intercepts
    MARCHW01           1.724      0.029     58.559      0.000
    MARCHW02           1.859      0.045     41.277      0.000
    MARCHW03           1.975      0.056     35.260      0.000
    MARCHW04           1.616      0.021     77.951      0.000
    MARCHW05           1.799      0.052     34.813      0.000
    REDESW01           1.435      0.014    104.465      0.000
    REDESW02           1.412      0.016     86.114      0.000
    REDESW03           1.502      0.017     87.154      0.000
    REDESW04           1.543      0.016     97.993      0.000
    REDESW05           1.589      0.020     78.747      0.000

 Variances
    RI_X               1.000      0.000    999.000    999.000
    RI_Y               1.000      0.000    999.000    999.000
    CX1                1.000      0.000    999.000    999.000
    CY1                1.000      0.000    999.000    999.000

 Residual Variances
    MARCHW01           0.000    999.000    999.000    999.000
    MARCHW02           0.000    999.000    999.000    999.000
    MARCHW03           0.000    999.000    999.000    999.000
    MARCHW04           0.000    999.000    999.000    999.000
    MARCHW05           0.000    999.000    999.000    999.000
    REDESW01           0.000    999.000    999.000    999.000
    REDESW02           0.000    999.000    999.000    999.000
    REDESW03           0.000    999.000    999.000    999.000
    REDESW04           0.000    999.000    999.000    999.000
    REDESW05           0.000    999.000    999.000    999.000
    CX2                0.961      0.012     78.763      0.000
    CX3                0.967      0.011     91.513      0.000
    CX4                0.992      0.003    376.754      0.000
    CX5                0.938      0.019     50.264      0.000
    CY2                0.973      0.007    134.093      0.000
    CY3                0.972      0.008    115.003      0.000
    CY4                0.986      0.004    231.872      0.000
    CY5                0.970      0.009    110.125      0.000


R-SQUARE

    Observed                                        Two-Tailed
    Variable        Estimate       S.E.  Est./S.E.    P-Value

    MARCHW01           1.000    999.000    999.000    999.000
    MARCHW02           1.000    999.000    999.000    999.000
    MARCHW03           1.000    999.000    999.000    999.000
    MARCHW04           1.000    999.000    999.000    999.000
    MARCHW05           1.000    999.000    999.000    999.000
    REDESW01           1.000    999.000    999.000    999.000
    REDESW02           1.000    999.000    999.000    999.000
    REDESW03           1.000    999.000    999.000    999.000
    REDESW04           1.000    999.000    999.000    999.000
    REDESW05           1.000    999.000    999.000    999.000

     Latent                                         Two-Tailed
    Variable        Estimate       S.E.  Est./S.E.    P-Value

    CX2                0.039      0.012      3.156      0.002
    CX3                0.033      0.011      3.110      0.002
    CX4                0.008      0.003      2.940      0.003
    CX5                0.062      0.019      3.302      0.001
    CY2                0.027      0.007      3.723      0.000
    CY3                0.028      0.008      3.371      0.001
    CY4                0.014      0.004      3.284      0.001
    CY5                0.030      0.009      3.351      0.001


QUALITY OF NUMERICAL RESULTS

     Condition Number for the Information Matrix              0.889E-02
       (ratio of smallest to largest eigenvalue)


CONFIDENCE INTERVALS OF MODEL RESULTS

                  Lower .5%  Lower 2.5%    Lower 5%    Estimate    Upper 5%  Upper 2.5%   Upper .5%

 RI_X     BY
    MARCHW01         1.000       1.000       1.000       1.000       1.000       1.000       1.000
    MARCHW02         1.000       1.000       1.000       1.000       1.000       1.000       1.000
    MARCHW03         1.000       1.000       1.000       1.000       1.000       1.000       1.000
    MARCHW04         1.000       1.000       1.000       1.000       1.000       1.000       1.000
    MARCHW05         1.000       1.000       1.000       1.000       1.000       1.000       1.000

 RI_Y     BY
    REDESW01         1.000       1.000       1.000       1.000       1.000       1.000       1.000
    REDESW02         1.000       1.000       1.000       1.000       1.000       1.000       1.000
    REDESW03         1.000       1.000       1.000       1.000       1.000       1.000       1.000
    REDESW04         1.000       1.000       1.000       1.000       1.000       1.000       1.000
    REDESW05         1.000       1.000       1.000       1.000       1.000       1.000       1.000

 CX1      BY
    MARCHW01         1.000       1.000       1.000       1.000       1.000       1.000       1.000

 CX2      BY
    MARCHW02         1.000       1.000       1.000       1.000       1.000       1.000       1.000

 CX3      BY
    MARCHW03         1.000       1.000       1.000       1.000       1.000       1.000       1.000

 CX4      BY
    MARCHW04         1.000       1.000       1.000       1.000       1.000       1.000       1.000

 CX5      BY
    MARCHW05         1.000       1.000       1.000       1.000       1.000       1.000       1.000

 CY1      BY
    REDESW01         1.000       1.000       1.000       1.000       1.000       1.000       1.000

 CY2      BY
    REDESW02         1.000       1.000       1.000       1.000       1.000       1.000       1.000

 CY3      BY
    REDESW03         1.000       1.000       1.000       1.000       1.000       1.000       1.000

 CY4      BY
    REDESW04         1.000       1.000       1.000       1.000       1.000       1.000       1.000

 CY5      BY
    REDESW05         1.000       1.000       1.000       1.000       1.000       1.000       1.000

 CX2      ON
    CX1              0.095       0.110       0.118       0.159       0.200       0.207       0.223

 CX3      ON
    CX2              0.095       0.110       0.118       0.159       0.200       0.207       0.223

 CX4      ON
    CX3              0.095       0.110       0.118       0.159       0.200       0.207       0.223

 CX5      ON
    CX4              0.095       0.110       0.118       0.159       0.200       0.207       0.223

 CY2      ON
    CX1             -0.009       0.006       0.014       0.054       0.093       0.101       0.116
    CY1              0.078       0.092       0.100       0.137       0.174       0.182       0.196

 CY3      ON
    CX2             -0.009       0.006       0.014       0.054       0.093       0.101       0.116
    CY2              0.078       0.092       0.100       0.137       0.174       0.182       0.196

 CY4      ON
    CX3             -0.009       0.006       0.014       0.054       0.093       0.101       0.116
    CY3              0.078       0.092       0.100       0.137       0.174       0.182       0.196

 CY5      ON
    CX4             -0.009       0.006       0.014       0.054       0.093       0.101       0.116
    CY4              0.078       0.092       0.100       0.137       0.174       0.182       0.196

 CX1      WITH
    CY1              0.117       0.131       0.138       0.174       0.211       0.218       0.231

 CX2      WITH
    CY2              0.084       0.095       0.100       0.129       0.158       0.163       0.174

 CX3      WITH
    CY3              0.018       0.027       0.032       0.058       0.084       0.089       0.099

 CX4      WITH
    CY4              0.145       0.162       0.171       0.217       0.264       0.272       0.290

 CX5      WITH
    CY5             -0.035      -0.024      -0.019       0.009       0.037       0.042       0.053

 RI_X     WITH
    RI_Y             0.148       0.158       0.163       0.190       0.217       0.222       0.232
    CX1              0.000       0.000       0.000       0.000       0.000       0.000       0.000
    CY1              0.000       0.000       0.000       0.000       0.000       0.000       0.000

 RI_Y     WITH
    CX1              0.000       0.000       0.000       0.000       0.000       0.000       0.000
    CY1              0.000       0.000       0.000       0.000       0.000       0.000       0.000

 Intercepts
    MARCHW01         1.276       1.285       1.290       1.313       1.337       1.341       1.350
    MARCHW02         1.185       1.193       1.197       1.218       1.239       1.243       1.251
    MARCHW03         1.157       1.165       1.169       1.189       1.209       1.213       1.221
    MARCHW04         1.447       1.460       1.466       1.500       1.535       1.541       1.554
    MARCHW05         1.152       1.161       1.165       1.189       1.213       1.217       1.226
    REDESW01         1.658       1.671       1.678       1.714       1.750       1.757       1.770
    REDESW02         1.554       1.567       1.574       1.610       1.645       1.652       1.665
    REDESW03         1.551       1.564       1.571       1.607       1.643       1.650       1.663
    REDESW04         1.796       1.812       1.821       1.865       1.908       1.917       1.933
    REDESW05         1.748       1.764       1.773       1.817       1.861       1.870       1.886

 Variances
    RI_X             0.098       0.108       0.113       0.141       0.169       0.175       0.185
    RI_Y             0.479       0.497       0.505       0.552       0.598       0.607       0.624
    CX1              0.366       0.384       0.393       0.439       0.485       0.494       0.511
    CY1              0.780       0.803       0.814       0.875       0.935       0.946       0.969

 Residual Variances
    MARCHW01         0.000       0.000       0.000       0.000       0.000       0.000       0.000
    MARCHW02         0.000       0.000       0.000       0.000       0.000       0.000       0.000
    MARCHW03         0.000       0.000       0.000       0.000       0.000       0.000       0.000
    MARCHW04         0.000       0.000       0.000       0.000       0.000       0.000       0.000
    MARCHW05         0.000       0.000       0.000       0.000       0.000       0.000       0.000
    REDESW01         0.000       0.000       0.000       0.000       0.000       0.000       0.000
    REDESW02         0.000       0.000       0.000       0.000       0.000       0.000       0.000
    REDESW03         0.000       0.000       0.000       0.000       0.000       0.000       0.000
    REDESW04         0.000       0.000       0.000       0.000       0.000       0.000       0.000
    REDESW05         0.000       0.000       0.000       0.000       0.000       0.000       0.000
    CX2              0.223       0.236       0.243       0.277       0.311       0.317       0.330
    CX3              0.162       0.174       0.180       0.214       0.247       0.253       0.266
    CX4              0.619       0.642       0.654       0.715       0.777       0.789       0.812
    CX5              0.216       0.231       0.238       0.277       0.316       0.324       0.338
    CY2              0.635       0.658       0.669       0.728       0.788       0.799       0.822
    CY3              0.494       0.513       0.523       0.576       0.628       0.638       0.657
    CY4              0.792       0.817       0.830       0.896       0.962       0.974       0.999
    CY5              0.636       0.660       0.672       0.734       0.797       0.809       0.832


CONFIDENCE INTERVALS OF STANDARDIZED MODEL RESULTS


STDYX Standardization

                  Lower .5%  Lower 2.5%    Lower 5%    Estimate    Upper 5%  Upper 2.5%   Upper .5%

 RI_X     BY
    MARCHW01         0.423       0.440       0.448       0.494       0.539       0.547       0.564
    MARCHW02         0.505       0.522       0.530       0.574       0.618       0.626       0.643
    MARCHW03         0.549       0.567       0.576       0.625       0.673       0.682       0.700
    MARCHW04         0.344       0.358       0.366       0.405       0.444       0.451       0.466
    MARCHW05         0.498       0.515       0.524       0.569       0.614       0.623       0.639

 RI_Y     BY
    REDESW01         0.587       0.595       0.600       0.622       0.644       0.648       0.657
    REDESW02         0.614       0.623       0.628       0.651       0.675       0.680       0.688
    REDESW03         0.657       0.666       0.670       0.694       0.718       0.723       0.732
    REDESW04         0.576       0.585       0.590       0.615       0.639       0.644       0.653
    REDESW05         0.611       0.620       0.625       0.649       0.674       0.678       0.687

 CX1      BY
    MARCHW01         0.830       0.839       0.844       0.870       0.895       0.900       0.910

 CX2      BY
    MARCHW02         0.771       0.782       0.788       0.819       0.850       0.856       0.867

 CX3      BY
    MARCHW03         0.721       0.735       0.743       0.781       0.819       0.827       0.841

 CX4      BY
    MARCHW04         0.887       0.894       0.897       0.914       0.932       0.935       0.941

 CX5      BY
    MARCHW05         0.774       0.785       0.791       0.822       0.854       0.860       0.871

 CY1      BY
    REDESW01         0.755       0.762       0.765       0.783       0.801       0.804       0.811

 CY2      BY
    REDESW02         0.727       0.735       0.738       0.759       0.779       0.783       0.791

 CY3      BY
    REDESW03         0.683       0.692       0.696       0.720       0.743       0.747       0.756

 CY4      BY
    REDESW04         0.759       0.766       0.770       0.789       0.808       0.812       0.819

 CY5      BY
    REDESW05         0.728       0.736       0.740       0.760       0.781       0.785       0.793

 CX2      ON
    CX1              0.116       0.135       0.145       0.196       0.247       0.257       0.276

 CX3      ON
    CX2              0.106       0.124       0.133       0.181       0.229       0.238       0.256

 CX4      ON
    CX3              0.049       0.059       0.063       0.088       0.113       0.117       0.127

 CX5      ON
    CX4              0.151       0.175       0.186       0.248       0.310       0.322       0.345

 CY2      ON
    CX1             -0.007       0.005       0.010       0.041       0.072       0.077       0.089
    CY1              0.088       0.102       0.110       0.148       0.187       0.194       0.208

 CY3      ON
    CX2             -0.007       0.004       0.009       0.037       0.065       0.071       0.081
    CY2              0.087       0.103       0.111       0.154       0.197       0.205       0.221

 CY4      ON
    CX3             -0.005       0.003       0.006       0.026       0.046       0.050       0.058
    CY3              0.062       0.073       0.079       0.111       0.142       0.148       0.160

 CY5      ON
    CX4             -0.010       0.005       0.013       0.052       0.092       0.099       0.114
    CY4              0.083       0.099       0.107       0.150       0.193       0.201       0.217

 CX1      WITH
    CY1              0.204       0.223       0.232       0.281       0.330       0.340       0.358

 CX2      WITH
    CY2              0.207       0.226       0.236       0.287       0.339       0.349       0.368

 CX3      WITH
    CY3              0.064       0.089       0.101       0.167       0.232       0.245       0.269

 CX4      WITH
    CY4              0.191       0.210       0.220       0.271       0.323       0.332       0.352

 CX5      WITH
    CY5             -0.076      -0.053      -0.041       0.020       0.081       0.093       0.116

 RI_X     WITH
    RI_Y             0.608       0.625       0.634       0.680       0.726       0.735       0.752
    CX1              0.000       0.000       0.000       0.000       0.000       0.000       0.000
    CY1              0.000       0.000       0.000       0.000       0.000       0.000       0.000

 RI_Y     WITH
    CX1              0.000       0.000       0.000       0.000       0.000       0.000       0.000
    CY1              0.000       0.000       0.000       0.000       0.000       0.000       0.000

 Intercepts
    MARCHW01         1.648       1.666       1.676       1.724       1.773       1.782       1.800
    MARCHW02         1.743       1.771       1.785       1.859       1.933       1.947       1.975
    MARCHW03         1.831       1.865       1.883       1.975       2.067       2.085       2.119
    MARCHW04         1.562       1.575       1.582       1.616       1.650       1.656       1.669
    MARCHW05         1.666       1.698       1.714       1.799       1.884       1.900       1.932
    REDESW01         1.400       1.408       1.412       1.435       1.458       1.462       1.470
    REDESW02         1.369       1.379       1.385       1.412       1.439       1.444       1.454
    REDESW03         1.458       1.468       1.474       1.502       1.531       1.536       1.547
    REDESW04         1.503       1.512       1.517       1.543       1.569       1.574       1.584
    REDESW05         1.537       1.549       1.555       1.589       1.622       1.628       1.640

 Variances
    RI_X             1.000       1.000       1.000       1.000       1.000       1.000       1.000
    RI_Y             1.000       1.000       1.000       1.000       1.000       1.000       1.000
    CX1              1.000       1.000       1.000       1.000       1.000       1.000       1.000
    CY1              1.000       1.000       1.000       1.000       1.000       1.000       1.000

 Residual Variances
    MARCHW01       999.000     999.000     999.000       0.000     999.000     999.000     999.000
    MARCHW02       999.000     999.000     999.000       0.000     999.000     999.000     999.000
    MARCHW03       999.000     999.000     999.000       0.000     999.000     999.000     999.000
    MARCHW04       999.000     999.000     999.000       0.000     999.000     999.000     999.000
    MARCHW05       999.000     999.000     999.000       0.000     999.000     999.000     999.000
    REDESW01       999.000     999.000     999.000       0.000     999.000     999.000     999.000
    REDESW02       999.000     999.000     999.000       0.000     999.000     999.000     999.000
    REDESW03       999.000     999.000     999.000       0.000     999.000     999.000     999.000
    REDESW04       999.000     999.000     999.000       0.000     999.000     999.000     999.000
    REDESW05       999.000     999.000     999.000       0.000     999.000     999.000     999.000
    CX2              0.930       0.938       0.941       0.961       0.982       0.985       0.993
    CX3              0.940       0.946       0.950       0.967       0.985       0.988       0.994
    CX4              0.985       0.987       0.988       0.992       0.997       0.997       0.999
    CX5              0.890       0.902       0.908       0.938       0.969       0.975       0.986
    CY2              0.954       0.959       0.961       0.973       0.985       0.987       0.992
    CY3              0.950       0.955       0.958       0.972       0.985       0.988       0.993
    CY4              0.975       0.978       0.979       0.986       0.993       0.994       0.997
    CY5              0.948       0.953       0.956       0.970       0.985       0.988       0.993


MODEL MODIFICATION INDICES

NOTE:  Modification indices for direct effects of observed dependent variables
regressed on covariates may not be included.  To include these, request
MODINDICES (ALL).

Minimum M.I. value for printing the modification index    10.000

                            M.I.     E.P.C.  Std E.P.C.  StdYX E.P.C.

BY Statements

RI_X     BY MARCHW01       11.999     0.231      0.087        0.114
RI_X     BY MARCHW04       75.245     0.718      0.270        0.291
RI_X     BY MARCHW05       49.524    -0.489     -0.184       -0.278
RI_X     BY REDESW05       10.460     0.346      0.130        0.114
RI_Y     BY MARCHW04       57.692     0.293      0.218        0.235
RI_Y     BY MARCHW05       33.682    -0.181     -0.135       -0.204
RI_Y     BY REDESW02       12.688    -0.151     -0.112       -0.098
CX1      BY MARCHW04       20.474     0.176      0.116        0.125
CX2      BY MARCHW04       13.352     0.188      0.101        0.109
CX2      BY MARCHW05       14.652    -0.166     -0.089       -0.135
CX3      BY MARCHW01       10.886     0.158      0.074        0.098
CX3      BY MARCHW05       11.551    -0.173     -0.081       -0.123
CX4      BY MARCHW01       14.064     0.089      0.076        0.099
CY1      BY REDESW01       16.119     1.075      1.006        0.842
CY1      BY REDESW02       16.561    -0.146     -0.136       -0.119
CY2      BY REDESW01       13.358    -0.160     -0.139       -0.116
CY3      BY MARCHW04       12.911     0.136      0.105        0.113
CY3      BY MARCHW05       18.220    -0.126     -0.097       -0.146
CY4      BY REDESW05       25.328     0.216      0.206        0.180
CY5      BY REDESW04       20.389     0.231      0.201        0.167
CY5      BY REDESW05       26.751     1.435      1.248        1.091

ON/BY Statements

RI_X     ON CX4      /
CX4      BY RI_X           20.712     0.073      0.166        0.166
RI_Y     ON CX4      /
CX4      BY RI_Y           17.941     0.120      0.137        0.137
RI_Y     ON CY4      /
CY4      BY RI_Y           23.727     0.134      0.173        0.173
CX1      ON RI_X     /
RI_X     BY CX1            10.829     0.233      0.132        0.132
CX1      ON CX3      /
CX3      BY CX1            10.283     0.163      0.116        0.116
CX1      ON CX4      /
CX4      BY CX1            19.008     0.109      0.140        0.140
CX4      ON RI_X     /
RI_X     BY CX4            60.513     0.670      0.297        0.297
CX4      ON RI_Y     /
RI_Y     BY CX4            47.183     0.277      0.242        0.242
CX4      ON CX1      /
CX1      BY CX4            19.117     0.178      0.139        0.139
CX4      ON CX2      /
CX2      BY CX4            10.171     0.175      0.111        0.111
CX5      ON RI_X     /
RI_X     BY CX5            49.524    -0.489     -0.338       -0.338
CX5      ON RI_Y     /
RI_Y     BY CX5            33.682    -0.181     -0.248       -0.248
CX5      ON CX2      /
CX2      BY CX5            14.652    -0.166     -0.164       -0.164
CX5      ON CX3      /
CX3      BY CX5            11.551    -0.173     -0.150       -0.150
CX5      ON CY3      /
CY3      BY CX5            18.220    -0.126     -0.178       -0.178
CY1      ON CY2      /
CY2      BY CY1            13.578    -0.159     -0.147       -0.147
CY2      ON RI_Y     /
RI_Y     BY CY2            13.743    -0.165     -0.142       -0.142
CY2      ON CY1      /
CY1      BY CY2            16.132    -0.091     -0.098       -0.098
CY2      ON CY2      /
CY2      BY CY2            17.111    -1.005     -1.005       -1.005
CY4      ON RI_Y     /
RI_Y     BY CY4            13.245     0.176      0.137        0.137
CY4      ON CY5      /
CY5      BY CY4            20.707     0.228      0.208        0.208
CY5      ON RI_X     /
RI_X     BY CY5            10.460     0.346      0.149        0.149
CY5      ON CY4      /
CY4      BY CY5            25.328     0.148      0.162        0.162
CY5      ON CY5      /
CY5      BY CY5            26.751     1.435      1.435        1.435

WITH Statements

MARCHW04 WITH MARCHW01     12.113     0.054      0.054      999.000
REDESW02 WITH REDESW01     13.048    -0.108     -0.108      999.000
REDESW03 WITH MARCHW05     10.922    -0.051     -0.051      999.000
REDESW05 WITH REDESW04     20.146     0.164      0.164      999.000
CX4      WITH RI_X         21.122     0.051      0.160        0.160
CX4      WITH RI_Y         10.413     0.063      0.100        0.100
CX4      WITH CX1          15.735     0.068      0.120        0.120
CX5      WITH RI_X         19.849    -0.040     -0.204       -0.204
CY2      WITH CY1          12.519    -0.107     -0.134       -0.134
CY3      WITH CX5          10.734    -0.052     -0.131       -0.131
CY4      WITH RI_Y         14.198     0.089      0.126        0.126
CY5      WITH CY4          20.145     0.164      0.202        0.202

Variances/Residual Variances

REDESW01                   12.514     0.780      0.780        0.547
REDESW04                   20.141    -1.195     -1.195       -0.818


TECHNICAL 1 OUTPUT


     PARAMETER SPECIFICATION


           NU
              MARCHW01      MARCHW02      MARCHW03      MARCHW04      MARCHW05
              ________      ________      ________      ________      ________
      1           1             2             3             4             5


           NU
              REDESW01      REDESW02      REDESW03      REDESW04      REDESW05
              ________      ________      ________      ________      ________
      1           6             7             8             9            10


           LAMBDA
              RI_X          RI_Y          CX1           CX2           CX3
              ________      ________      ________      ________      ________
 MARCHW01           0             0             0             0             0
 MARCHW02           0             0             0             0             0
 MARCHW03           0             0             0             0             0
 MARCHW04           0             0             0             0             0
 MARCHW05           0             0             0             0             0
 REDESW01           0             0             0             0             0
 REDESW02           0             0             0             0             0
 REDESW03           0             0             0             0             0
 REDESW04           0             0             0             0             0
 REDESW05           0             0             0             0             0


           LAMBDA
              CX4           CX5           CY1           CY2           CY3
              ________      ________      ________      ________      ________
 MARCHW01           0             0             0             0             0
 MARCHW02           0             0             0             0             0
 MARCHW03           0             0             0             0             0
 MARCHW04           0             0             0             0             0
 MARCHW05           0             0             0             0             0
 REDESW01           0             0             0             0             0
 REDESW02           0             0             0             0             0
 REDESW03           0             0             0             0             0
 REDESW04           0             0             0             0             0
 REDESW05           0             0             0             0             0


           LAMBDA
              CY4           CY5
              ________      ________
 MARCHW01           0             0
 MARCHW02           0             0
 MARCHW03           0             0
 MARCHW04           0             0
 MARCHW05           0             0
 REDESW01           0             0
 REDESW02           0             0
 REDESW03           0             0
 REDESW04           0             0
 REDESW05           0             0


           THETA
              MARCHW01      MARCHW02      MARCHW03      MARCHW04      MARCHW05
              ________      ________      ________      ________      ________
 MARCHW01           0
 MARCHW02           0             0
 MARCHW03           0             0             0
 MARCHW04           0             0             0             0
 MARCHW05           0             0             0             0             0
 REDESW01           0             0             0             0             0
 REDESW02           0             0             0             0             0
 REDESW03           0             0             0             0             0
 REDESW04           0             0             0             0             0
 REDESW05           0             0             0             0             0


           THETA
              REDESW01      REDESW02      REDESW03      REDESW04      REDESW05
              ________      ________      ________      ________      ________
 REDESW01           0
 REDESW02           0             0
 REDESW03           0             0             0
 REDESW04           0             0             0             0
 REDESW05           0             0             0             0             0


           ALPHA
              RI_X          RI_Y          CX1           CX2           CX3
              ________      ________      ________      ________      ________
      1           0             0             0             0             0


           ALPHA
              CX4           CX5           CY1           CY2           CY3
              ________      ________      ________      ________      ________
      1           0             0             0             0             0


           ALPHA
              CY4           CY5
              ________      ________
      1           0             0


           BETA
              RI_X          RI_Y          CX1           CX2           CX3
              ________      ________      ________      ________      ________
 RI_X               0             0             0             0             0
 RI_Y               0             0             0             0             0
 CX1                0             0             0             0             0
 CX2                0             0            11             0             0
 CX3                0             0             0            11             0
 CX4                0             0             0             0            11
 CX5                0             0             0             0             0
 CY1                0             0             0             0             0
 CY2                0             0            12             0             0
 CY3                0             0             0            12             0
 CY4                0             0             0             0            12
 CY5                0             0             0             0             0


           BETA
              CX4           CX5           CY1           CY2           CY3
              ________      ________      ________      ________      ________
 RI_X               0             0             0             0             0
 RI_Y               0             0             0             0             0
 CX1                0             0             0             0             0
 CX2                0             0             0             0             0
 CX3                0             0             0             0             0
 CX4                0             0             0             0             0
 CX5               11             0             0             0             0
 CY1                0             0             0             0             0
 CY2                0             0            13             0             0
 CY3                0             0             0            13             0
 CY4                0             0             0             0            13
 CY5               12             0             0             0             0


           BETA
              CY4           CY5
              ________      ________
 RI_X               0             0
 RI_Y               0             0
 CX1                0             0
 CX2                0             0
 CX3                0             0
 CX4                0             0
 CX5                0             0
 CY1                0             0
 CY2                0             0
 CY3                0             0
 CY4                0             0
 CY5               13             0


           PSI
              RI_X          RI_Y          CX1           CX2           CX3
              ________      ________      ________      ________      ________
 RI_X              14
 RI_Y              15            16
 CX1                0             0            17
 CX2                0             0             0            18
 CX3                0             0             0             0            19
 CX4                0             0             0             0             0
 CX5                0             0             0             0             0
 CY1                0             0            22             0             0
 CY2                0             0             0            24             0
 CY3                0             0             0             0            26
 CY4                0             0             0             0             0
 CY5                0             0             0             0             0


           PSI
              CX4           CX5           CY1           CY2           CY3
              ________      ________      ________      ________      ________
 CX4               20
 CX5                0            21
 CY1                0             0            23
 CY2                0             0             0            25
 CY3                0             0             0             0            27
 CY4               28             0             0             0             0
 CY5                0            30             0             0             0


           PSI
              CY4           CY5
              ________      ________
 CY4               29
 CY5                0            31


     STARTING VALUES


           NU
              MARCHW01      MARCHW02      MARCHW03      MARCHW04      MARCHW05
              ________      ________      ________      ________      ________
      1         1.313         1.215         1.184         1.499         1.203


           NU
              REDESW01      REDESW02      REDESW03      REDESW04      REDESW05
              ________      ________      ________      ________      ________
      1         1.714         1.605         1.593         1.859         1.837


           LAMBDA
              RI_X          RI_Y          CX1           CX2           CX3
              ________      ________      ________      ________      ________
 MARCHW01       1.000         0.000         1.000         0.000         0.000
 MARCHW02       1.000         0.000         0.000         1.000         0.000
 MARCHW03       1.000         0.000         0.000         0.000         1.000
 MARCHW04       1.000         0.000         0.000         0.000         0.000
 MARCHW05       1.000         0.000         0.000         0.000         0.000
 REDESW01       0.000         1.000         0.000         0.000         0.000
 REDESW02       0.000         1.000         0.000         0.000         0.000
 REDESW03       0.000         1.000         0.000         0.000         0.000
 REDESW04       0.000         1.000         0.000         0.000         0.000
 REDESW05       0.000         1.000         0.000         0.000         0.000


           LAMBDA
              CX4           CX5           CY1           CY2           CY3
              ________      ________      ________      ________      ________
 MARCHW01       0.000         0.000         0.000         0.000         0.000
 MARCHW02       0.000         0.000         0.000         0.000         0.000
 MARCHW03       0.000         0.000         0.000         0.000         0.000
 MARCHW04       1.000         0.000         0.000         0.000         0.000
 MARCHW05       0.000         1.000         0.000         0.000         0.000
 REDESW01       0.000         0.000         1.000         0.000         0.000
 REDESW02       0.000         0.000         0.000         1.000         0.000
 REDESW03       0.000         0.000         0.000         0.000         1.000
 REDESW04       0.000         0.000         0.000         0.000         0.000
 REDESW05       0.000         0.000         0.000         0.000         0.000


           LAMBDA
              CY4           CY5
              ________      ________
 MARCHW01       0.000         0.000
 MARCHW02       0.000         0.000
 MARCHW03       0.000         0.000
 MARCHW04       0.000         0.000
 MARCHW05       0.000         0.000
 REDESW01       0.000         0.000
 REDESW02       0.000         0.000
 REDESW03       0.000         0.000
 REDESW04       1.000         0.000
 REDESW05       0.000         1.000


           THETA
              MARCHW01      MARCHW02      MARCHW03      MARCHW04      MARCHW05
              ________      ________      ________      ________      ________
 MARCHW01       0.000
 MARCHW02       0.000         0.000
 MARCHW03       0.000         0.000         0.000
 MARCHW04       0.000         0.000         0.000         0.000
 MARCHW05       0.000         0.000         0.000         0.000         0.000
 REDESW01       0.000         0.000         0.000         0.000         0.000
 REDESW02       0.000         0.000         0.000         0.000         0.000
 REDESW03       0.000         0.000         0.000         0.000         0.000
 REDESW04       0.000         0.000         0.000         0.000         0.000
 REDESW05       0.000         0.000         0.000         0.000         0.000


           THETA
              REDESW01      REDESW02      REDESW03      REDESW04      REDESW05
              ________      ________      ________      ________      ________
 REDESW01       0.000
 REDESW02       0.000         0.000
 REDESW03       0.000         0.000         0.000
 REDESW04       0.000         0.000         0.000         0.000
 REDESW05       0.000         0.000         0.000         0.000         0.000


           ALPHA
              RI_X          RI_Y          CX1           CX2           CX3
              ________      ________      ________      ________      ________
      1         0.000         0.000         0.000         0.000         0.000


           ALPHA
              CX4           CX5           CY1           CY2           CY3
              ________      ________      ________      ________      ________
      1         0.000         0.000         0.000         0.000         0.000


           ALPHA
              CY4           CY5
              ________      ________
      1         0.000         0.000


           BETA
              RI_X          RI_Y          CX1           CX2           CX3
              ________      ________      ________      ________      ________
 RI_X           0.000         0.000         0.000         0.000         0.000
 RI_Y           0.000         0.000         0.000         0.000         0.000
 CX1            0.000         0.000         0.000         0.000         0.000
 CX2            0.000         0.000         0.000         0.000         0.000
 CX3            0.000         0.000         0.000         0.000         0.000
 CX4            0.000         0.000         0.000         0.000         0.000
 CX5            0.000         0.000         0.000         0.000         0.000
 CY1            0.000         0.000         0.000         0.000         0.000
 CY2            0.000         0.000         0.000         0.000         0.000
 CY3            0.000         0.000         0.000         0.000         0.000
 CY4            0.000         0.000         0.000         0.000         0.000
 CY5            0.000         0.000         0.000         0.000         0.000


           BETA
              CX4           CX5           CY1           CY2           CY3
              ________      ________      ________      ________      ________
 RI_X           0.000         0.000         0.000         0.000         0.000
 RI_Y           0.000         0.000         0.000         0.000         0.000
 CX1            0.000         0.000         0.000         0.000         0.000
 CX2            0.000         0.000         0.000         0.000         0.000
 CX3            0.000         0.000         0.000         0.000         0.000
 CX4            0.000         0.000         0.000         0.000         0.000
 CX5            0.000         0.000         0.000         0.000         0.000
 CY1            0.000         0.000         0.000         0.000         0.000
 CY2            0.000         0.000         0.000         0.000         0.000
 CY3            0.000         0.000         0.000         0.000         0.000
 CY4            0.000         0.000         0.000         0.000         0.000
 CY5            0.000         0.000         0.000         0.000         0.000


           BETA
              CY4           CY5
              ________      ________
 RI_X           0.000         0.000
 RI_Y           0.000         0.000
 CX1            0.000         0.000
 CX2            0.000         0.000
 CX3            0.000         0.000
 CX4            0.000         0.000
 CX5            0.000         0.000
 CY1            0.000         0.000
 CY2            0.000         0.000
 CY3            0.000         0.000
 CY4            0.000         0.000
 CY5            0.000         0.000


           PSI
              RI_X          RI_Y          CX1           CX2           CX3
              ________      ________      ________      ________      ________
 RI_X           0.050
 RI_Y           0.000         0.050
 CX1            0.000         0.000         0.050
 CX2            0.000         0.000         0.000         0.050
 CX3            0.000         0.000         0.000         0.000         0.050
 CX4            0.000         0.000         0.000         0.000         0.000
 CX5            0.000         0.000         0.000         0.000         0.000
 CY1            0.000         0.000         0.000         0.000         0.000
 CY2            0.000         0.000         0.000         0.000         0.000
 CY3            0.000         0.000         0.000         0.000         0.000
 CY4            0.000         0.000         0.000         0.000         0.000
 CY5            0.000         0.000         0.000         0.000         0.000


           PSI
              CX4           CX5           CY1           CY2           CY3
              ________      ________      ________      ________      ________
 CX4            0.050
 CX5            0.000         0.050
 CY1            0.000         0.000         0.050
 CY2            0.000         0.000         0.000         0.050
 CY3            0.000         0.000         0.000         0.000         0.050
 CY4            0.000         0.000         0.000         0.000         0.000
 CY5            0.000         0.000         0.000         0.000         0.000


           PSI
              CY4           CY5
              ________      ________
 CY4            0.050
 CY5            0.000         0.050


TECHNICAL 4 OUTPUT


     ESTIMATES DERIVED FROM THE MODEL


           ESTIMATED MEANS FOR THE LATENT VARIABLES
              RI_X          RI_Y          CX1           CX2           CX3
              ________      ________      ________      ________      ________
      1         0.000         0.000         0.000         0.000         0.000


           ESTIMATED MEANS FOR THE LATENT VARIABLES
              CX4           CX5           CY1           CY2           CY3
              ________      ________      ________      ________      ________
      1         0.000         0.000         0.000         0.000         0.000


           ESTIMATED MEANS FOR THE LATENT VARIABLES
              CY4           CY5
              ________      ________
      1         0.000         0.000


           ESTIMATED COVARIANCE MATRIX FOR THE LATENT VARIABLES
              RI_X          RI_Y          CX1           CX2           CX3
              ________      ________      ________      ________      ________
 RI_X           0.141
 RI_Y           0.190         0.552
 CX1            0.000         0.000         0.439
 CX2            0.000         0.000         0.070         0.288
 CX3            0.000         0.000         0.011         0.046         0.221
 CX4            0.000         0.000         0.002         0.007         0.035
 CX5            0.000         0.000         0.000         0.001         0.006
 CY1            0.000         0.000         0.174         0.028         0.004
 CY2            0.000         0.000         0.047         0.137         0.022
 CY3            0.000         0.000         0.010         0.034         0.064
 CY4            0.000         0.000         0.002         0.007         0.021
 CY5            0.000         0.000         0.000         0.001         0.005


           ESTIMATED COVARIANCE MATRIX FOR THE LATENT VARIABLES
              CX4           CX5           CY1           CY2           CY3
              ________      ________      ________      ________      ________
 CX4            0.721
 CX5            0.115         0.295
 CY1            0.001         0.000         0.875
 CY2            0.003         0.001         0.129         0.749
 CY3            0.010         0.002         0.019         0.110         0.592
 CY4            0.220         0.035         0.003         0.016         0.085
 CY5            0.069         0.020         0.000         0.002         0.012


           ESTIMATED COVARIANCE MATRIX FOR THE LATENT VARIABLES
              CY4           CY5
              ________      ________
 CY4            0.908
 CY5            0.136         0.757


           ESTIMATED CORRELATION MATRIX FOR THE LATENT VARIABLES
              RI_X          RI_Y          CX1           CX2           CX3
              ________      ________      ________      ________      ________
 RI_X           1.000
 RI_Y           0.680         1.000
 CX1            0.000         0.000         1.000
 CX2            0.000         0.000         0.196         1.000
 CX3            0.000         0.000         0.036         0.181         1.000
 CX4            0.000         0.000         0.003         0.016         0.088
 CX5            0.000         0.000         0.001         0.004         0.022
 CY1            0.000         0.000         0.281         0.055         0.010
 CY2            0.000         0.000         0.083         0.294         0.053
 CY3            0.000         0.000         0.020         0.083         0.176
 CY4            0.000         0.000         0.003         0.014         0.046
 CY5            0.000         0.000         0.001         0.003         0.011


           ESTIMATED CORRELATION MATRIX FOR THE LATENT VARIABLES
              CX4           CX5           CY1           CY2           CY3
              ________      ________      ________      ________      ________
 CX4            1.000
 CX5            0.248         1.000
 CY1            0.001         0.000         1.000
 CY2            0.005         0.001         0.160         1.000
 CY3            0.016         0.004         0.027         0.165         1.000
 CY4            0.272         0.068         0.003         0.020         0.115
 CY5            0.093         0.042         0.001         0.003         0.018


           ESTIMATED CORRELATION MATRIX FOR THE LATENT VARIABLES
              CY4           CY5
              ________      ________
 CY4            1.000
 CY5            0.164         1.000


     Beginning Time:  13:31:28
        Ending Time:  13:31:28
       Elapsed Time:  00:00:00



MUTHEN & MUTHEN
3463 Stoner Ave.
Los Angeles, CA  90066

Tel: (310) 391-9971
Fax: (310) 391-8971
Web: www.StatModel.com
Support: Support@StatModel.com

Copyright (c) 1998-2012 Muthen & Muthen
