Mplus VERSION 7
MUTHEN & MUTHEN
08/19/2021  11:58 AM

INPUT INSTRUCTIONS

  TITLE:
  RI CLPM - C2;
  DATA:
  FILE = "mplus/modelo_basico_0d9373767802af8792c779fb3d387dfb.dat";

  VARIABLE:
  NAMES = marchw01 marchw02 marchw03 marchw04 marchw05 redesw01 redesw02 redesw03
       redesw04 redesw05;
   MISSING=.;

  ANALYSIS:
  ESTIMATOR = mlr;
      ITERATIONS = 5000;
  MODEL:

      ! Crear los componentes between
        RI_x BY marchw01@1 marchw02@1 marchw03@1 marchw04@1 marchw05@1;
        RI_y BY redesw01@1 redesw02@1 redesw03@1 redesw04@1 redesw05@1;

      ! Crear los componentes within
        cx1 BY marchw01@1;
        cx2 BY marchw02@1;
        cx3 BY marchw03@1;
        cx4 BY marchw04@1;
        cx5 BY marchw05@1;

        cy1 BY redesw01@1;
        cy2 BY redesw02@1;
        cy3 BY redesw03@1;
        cy4 BY redesw04@1;
        cy5 BY redesw05@1;

      ! Constrenir las varianzas del error de medicion a cero
        marchw01 - redesw05@0;

      ! Estimar los efectos lagged
        cx2 ON cx1 cy1 (a d);
        cx3 ON cx2 cy2 (a d);
        cx4 ON cx3 cy3 (a d);
        cx5 ON cx4 cy4 (a d);
        cy2 ON cy1 (b);
        cy3 ON cy2 (b);
        cy4 ON cy3 (b);
        cy5 ON cy4 (b);

      ! Estimar la covarianza entre los componentes within t=1
        cx1 WITH cy1;

      ! Estimar las covarianzas entre los residuos del componente within (innovations)
        cx2 WITH cy2;
        cx3 WITH cy3;
        cx4 WITH cy4;
        cx5 WITH cy5;

      ! Estimar la covarianza entre los RI
        RI_x WITH RI_y;

      ! Fijar la correlacion entre los RI y componentes within t=1 a cero
        RI_x WITH cx1@0 cy1@0;
        RI_y WITH cx1@0 cy1@0;

  OUTPUT:
  CINTERVAL sampstat mod stdyx tech1 tech4;



*** WARNING
  Data set contains cases with missing on all variables.
  These cases were not included in the analysis.
  Number of cases with missing on all variables:  1
   1 WARNING(S) FOUND IN THE INPUT INSTRUCTIONS




RI CLPM - C2;

SUMMARY OF ANALYSIS

Number of groups                                                 1
Number of observations                                        2927

Number of dependent variables                                   10
Number of independent variables                                  0
Number of continuous latent variables                           12

Observed dependent variables

  Continuous
   MARCHW01    MARCHW02    MARCHW03    MARCHW04    MARCHW05    REDESW01
   REDESW02    REDESW03    REDESW04    REDESW05

Continuous latent variables
   RI_X        RI_Y        CX1         CX2         CX3         CX4
   CX5         CY1         CY2         CY3         CY4         CY5


Estimator                                                      MLR
Information matrix                                        OBSERVED
Maximum number of iterations                                  5000
Convergence criterion                                    0.500D-04
Maximum number of steepest descent iterations                   20
Maximum number of iterations for H1                           2000
Convergence criterion for H1                             0.100D-03

Input data file(s)
  mplus/modelo_basico_0d9373767802af8792c779fb3d387dfb.dat

Input data format  FREE


SUMMARY OF DATA

     Number of missing data patterns            23


COVARIANCE COVERAGE OF DATA

Minimum covariance coverage value   0.100


     PROPORTION OF DATA PRESENT


           Covariance Coverage
              MARCHW01      MARCHW02      MARCHW03      MARCHW04      MARCHW05
              ________      ________      ________      ________      ________
 MARCHW01       0.998
 MARCHW02       0.844         0.845
 MARCHW03       0.759         0.719         0.761
 MARCHW04       0.735         0.698         0.682         0.736
 MARCHW05       0.594         0.565         0.554         0.566         0.594
 REDESW01       0.997         0.843         0.758         0.734         0.593
 REDESW02       0.844         0.845         0.719         0.698         0.565
 REDESW03       0.758         0.718         0.760         0.681         0.554
 REDESW04       0.735         0.698         0.682         0.736         0.566
 REDESW05       0.594         0.565         0.554         0.566         0.594


           Covariance Coverage
              REDESW01      REDESW02      REDESW03      REDESW04      REDESW05
              ________      ________      ________      ________      ________
 REDESW01       0.997
 REDESW02       0.843         0.845
 REDESW03       0.757         0.718         0.760
 REDESW04       0.734         0.698         0.681         0.736
 REDESW05       0.593         0.565         0.554         0.566         0.594


SAMPLE STATISTICS


     ESTIMATED SAMPLE STATISTICS


           Means
              MARCHW01      MARCHW02      MARCHW03      MARCHW04      MARCHW05
              ________      ________      ________      ________      ________
      1         1.313         1.218         1.188         1.500         1.192


           Means
              REDESW01      REDESW02      REDESW03      REDESW04      REDESW05
              ________      ________      ________      ________      ________
      1         1.714         1.609         1.605         1.865         1.815


           Covariances
              MARCHW01      MARCHW02      MARCHW03      MARCHW04      MARCHW05
              ________      ________      ________      ________      ________
 MARCHW01       0.602
 MARCHW02       0.208         0.414
 MARCHW03       0.181         0.170         0.351
 MARCHW04       0.277         0.234         0.244         0.984
 MARCHW05       0.127         0.095         0.104         0.309         0.401
 REDESW01       0.374         0.194         0.181         0.346         0.157
 REDESW02       0.209         0.294         0.175         0.329         0.116
 REDESW03       0.229         0.219         0.238         0.360         0.114
 REDESW04       0.259         0.237         0.218         0.565         0.241
 REDESW05       0.248         0.232         0.209         0.442         0.214


           Covariances
              REDESW01      REDESW02      REDESW03      REDESW04      REDESW05
              ________      ________      ________      ________      ________
 REDESW01       1.386
 REDESW02       0.551         1.187
 REDESW03       0.553         0.598         1.131
 REDESW04       0.640         0.642         0.740         1.644
 REDESW05       0.590         0.571         0.622         0.939         1.464


           Correlations
              MARCHW01      MARCHW02      MARCHW03      MARCHW04      MARCHW05
              ________      ________      ________      ________      ________
 MARCHW01       1.000
 MARCHW02       0.417         1.000
 MARCHW03       0.394         0.447         1.000
 MARCHW04       0.360         0.367         0.414         1.000
 MARCHW05       0.258         0.232         0.276         0.492         1.000
 REDESW01       0.410         0.256         0.260         0.297         0.210
 REDESW02       0.247         0.419         0.271         0.304         0.168
 REDESW03       0.278         0.320         0.378         0.342         0.169
 REDESW04       0.261         0.288         0.287         0.445         0.297
 REDESW05       0.264         0.298         0.292         0.368         0.279


           Correlations
              REDESW01      REDESW02      REDESW03      REDESW04      REDESW05
              ________      ________      ________      ________      ________
 REDESW01       1.000
 REDESW02       0.430         1.000
 REDESW03       0.442         0.516         1.000
 REDESW04       0.424         0.460         0.543         1.000
 REDESW05       0.414         0.433         0.484         0.606         1.000


     MAXIMUM LOG-LIKELIHOOD VALUE FOR THE UNRESTRICTED (H1) MODEL IS  -27136.359


THE MODEL ESTIMATION TERMINATED NORMALLY



MODEL FIT INFORMATION

Number of Free Parameters                       31

Loglikelihood

          H0 Value                      -27319.877
          H0 Scaling Correction Factor      2.1576
            for MLR
          H1 Value                      -27136.359
          H1 Scaling Correction Factor      1.9847
            for MLR

Information Criteria

          Akaike (AIC)                   54701.754
          Bayesian (BIC)                 54887.187
          Sample-Size Adjusted BIC       54788.689
            (n* = (n + 2) / 24)

Chi-Square Test of Model Fit

          Value                            200.887*
          Degrees of Freedom                    34
          P-Value                           0.0000
          Scaling Correction Factor         1.8271
            for MLR

*   The chi-square value for MLM, MLMV, MLR, ULSMV, WLSM and WLSMV cannot be used
    for chi-square difference testing in the regular way.  MLM, MLR and WLSM
    chi-square difference testing is described on the Mplus website.  MLMV, WLSMV,
    and ULSMV difference testing is done using the DIFFTEST option.

RMSEA (Root Mean Square Error Of Approximation)

          Estimate                           0.041
          90 Percent C.I.                    0.036  0.047
          Probability RMSEA <= .05           0.997

CFI/TLI

          CFI                                0.953
          TLI                                0.938

Chi-Square Test of Model Fit for the Baseline Model

          Value                           3632.161
          Degrees of Freedom                    45
          P-Value                           0.0000

SRMR (Standardized Root Mean Square Residual)

          Value                              0.070



MODEL RESULTS

                                                    Two-Tailed
                    Estimate       S.E.  Est./S.E.    P-Value

 RI_X     BY
    MARCHW01           1.000      0.000    999.000    999.000
    MARCHW02           1.000      0.000    999.000    999.000
    MARCHW03           1.000      0.000    999.000    999.000
    MARCHW04           1.000      0.000    999.000    999.000
    MARCHW05           1.000      0.000    999.000    999.000

 RI_Y     BY
    REDESW01           1.000      0.000    999.000    999.000
    REDESW02           1.000      0.000    999.000    999.000
    REDESW03           1.000      0.000    999.000    999.000
    REDESW04           1.000      0.000    999.000    999.000
    REDESW05           1.000      0.000    999.000    999.000

 CX1      BY
    MARCHW01           1.000      0.000    999.000    999.000

 CX2      BY
    MARCHW02           1.000      0.000    999.000    999.000

 CX3      BY
    MARCHW03           1.000      0.000    999.000    999.000

 CX4      BY
    MARCHW04           1.000      0.000    999.000    999.000

 CX5      BY
    MARCHW05           1.000      0.000    999.000    999.000

 CY1      BY
    REDESW01           1.000      0.000    999.000    999.000

 CY2      BY
    REDESW02           1.000      0.000    999.000    999.000

 CY3      BY
    REDESW03           1.000      0.000    999.000    999.000

 CY4      BY
    REDESW04           1.000      0.000    999.000    999.000

 CY5      BY
    REDESW05           1.000      0.000    999.000    999.000

 CX2      ON
    CX1                0.148      0.024      6.205      0.000
    CY1                0.005      0.011      0.457      0.648

 CX3      ON
    CX2                0.148      0.024      6.205      0.000
    CY2                0.005      0.011      0.457      0.648

 CX4      ON
    CX3                0.148      0.024      6.205      0.000
    CY3                0.005      0.011      0.457      0.648

 CX5      ON
    CX4                0.148      0.024      6.205      0.000
    CY4                0.005      0.011      0.457      0.648

 CY2      ON
    CY1                0.150      0.023      6.540      0.000

 CY3      ON
    CY2                0.150      0.023      6.540      0.000

 CY4      ON
    CY3                0.150      0.023      6.540      0.000

 CY5      ON
    CY4                0.150      0.023      6.540      0.000

 CX1      WITH
    CY1                0.169      0.022      7.722      0.000

 CX2      WITH
    CY2                0.125      0.018      7.058      0.000

 CX3      WITH
    CY3                0.055      0.016      3.495      0.000

 CX4      WITH
    CY4                0.209      0.027      7.637      0.000

 CX5      WITH
    CY5                0.009      0.017      0.502      0.616

 RI_X     WITH
    RI_Y               0.196      0.016     12.126      0.000
    CX1                0.000      0.000    999.000    999.000
    CY1                0.000      0.000    999.000    999.000

 RI_Y     WITH
    CX1                0.000      0.000    999.000    999.000
    CY1                0.000      0.000    999.000    999.000

 Intercepts
    MARCHW01           1.313      0.014     91.513      0.000
    MARCHW02           1.218      0.013     95.380      0.000
    MARCHW03           1.189      0.012     96.287      0.000
    MARCHW04           1.500      0.021     72.033      0.000
    MARCHW05           1.189      0.014     82.252      0.000
    REDESW01           1.714      0.022     78.696      0.000
    REDESW02           1.610      0.022     74.621      0.000
    REDESW03           1.607      0.022     73.644      0.000
    REDESW04           1.864      0.027     70.104      0.000
    REDESW05           1.818      0.027     67.344      0.000

 Variances
    RI_X               0.144      0.017      8.558      0.000
    RI_Y               0.553      0.029     19.406      0.000
    CX1                0.436      0.028     15.649      0.000
    CY1                0.876      0.037     23.913      0.000

 Residual Variances
    MARCHW01           0.000      0.000    999.000    999.000
    MARCHW02           0.000      0.000    999.000    999.000
    MARCHW03           0.000      0.000    999.000    999.000
    MARCHW04           0.000      0.000    999.000    999.000
    MARCHW05           0.000      0.000    999.000    999.000
    REDESW01           0.000      0.000    999.000    999.000
    REDESW02           0.000      0.000    999.000    999.000
    REDESW03           0.000      0.000    999.000    999.000
    REDESW04           0.000      0.000    999.000    999.000
    REDESW05           0.000      0.000    999.000    999.000
    CX2                0.274      0.020     13.441      0.000
    CX3                0.213      0.020     10.603      0.000
    CX4                0.709      0.037     19.343      0.000
    CX5                0.279      0.024     11.604      0.000
    CY2                0.730      0.036     20.126      0.000
    CY3                0.577      0.032     18.101      0.000
    CY4                0.895      0.040     22.182      0.000
    CY5                0.737      0.038     19.452      0.000


STANDARDIZED MODEL RESULTS


STDYX Standardization

                                                    Two-Tailed
                    Estimate       S.E.  Est./S.E.    P-Value

 RI_X     BY
    MARCHW01           0.499      0.027     18.642      0.000
    MARCHW02           0.580      0.026     22.457      0.000
    MARCHW03           0.630      0.028     22.315      0.000
    MARCHW04           0.410      0.023     17.699      0.000
    MARCHW05           0.573      0.027     21.611      0.000

 RI_Y     BY
    REDESW01           0.622      0.014     45.651      0.000
    REDESW02           0.652      0.015     44.678      0.000
    REDESW03           0.694      0.015     46.952      0.000
    REDESW04           0.615      0.015     40.555      0.000
    REDESW05           0.650      0.015     43.459      0.000

 CX1      BY
    MARCHW01           0.867      0.015     56.280      0.000

 CX2      BY
    MARCHW02           0.814      0.018     44.207      0.000

 CX3      BY
    MARCHW03           0.776      0.023     33.846      0.000

 CX4      BY
    MARCHW04           0.912      0.010     87.575      0.000

 CX5      BY
    MARCHW05           0.819      0.019     44.117      0.000

 CY1      BY
    REDESW01           0.783      0.011     72.269      0.000

 CY2      BY
    REDESW02           0.758      0.013     60.513      0.000

 CY3      BY
    REDESW03           0.720      0.014     50.410      0.000

 CY4      BY
    REDESW04           0.788      0.012     66.572      0.000

 CY5      BY
    REDESW05           0.760      0.013     59.516      0.000

 CX2      ON
    CX1                0.183      0.030      6.064      0.000
    CY1                0.009      0.019      0.457      0.648

 CX3      ON
    CX2                0.168      0.028      6.051      0.000
    CY2                0.009      0.020      0.456      0.649

 CX4      ON
    CX3                0.082      0.014      5.712      0.000
    CY3                0.004      0.010      0.456      0.649

 CX5      ON
    CX4                0.230      0.036      6.386      0.000
    CY4                0.009      0.019      0.455      0.649

 CY2      ON
    CY1                0.162      0.023      6.923      0.000

 CY3      ON
    CY2                0.169      0.027      6.359      0.000

 CY4      ON
    CY3                0.121      0.019      6.300      0.000

 CY5      ON
    CY4                0.164      0.026      6.205      0.000

 CX1      WITH
    CY1                0.273      0.030      9.156      0.000

 CX2      WITH
    CY2                0.279      0.032      8.633      0.000

 CX3      WITH
    CY3                0.156      0.040      3.906      0.000

 CX4      WITH
    CY4                0.263      0.031      8.541      0.000

 CX5      WITH
    CY5                0.019      0.038      0.506      0.613

 RI_X     WITH
    RI_Y               0.695      0.029     24.218      0.000
    CX1                0.000      0.000    999.000    999.000
    CY1                0.000      0.000    999.000    999.000

 RI_Y     WITH
    CX1                0.000      0.000    999.000    999.000
    CY1                0.000      0.000    999.000    999.000

 Intercepts
    MARCHW01           1.724      0.029     58.485      0.000
    MARCHW02           1.860      0.045     41.412      0.000
    MARCHW03           1.973      0.056     35.420      0.000
    MARCHW04           1.619      0.021     78.807      0.000
    MARCHW05           1.795      0.052     34.810      0.000
    REDESW01           1.434      0.014    104.324      0.000
    REDESW02           1.410      0.016     86.102      0.000
    REDESW03           1.500      0.017     86.955      0.000
    REDESW04           1.542      0.016     97.654      0.000
    REDESW05           1.588      0.020     79.224      0.000

 Variances
    RI_X               1.000      0.000    999.000    999.000
    RI_Y               1.000      0.000    999.000    999.000
    CX1                1.000      0.000    999.000    999.000
    CY1                1.000      0.000    999.000    999.000

 Residual Variances
    MARCHW01           0.000    999.000    999.000    999.000
    MARCHW02           0.000    999.000    999.000    999.000
    MARCHW03           0.000    999.000    999.000    999.000
    MARCHW04           0.000    999.000    999.000    999.000
    MARCHW05           0.000    999.000    999.000    999.000
    REDESW01           0.000    999.000    999.000    999.000
    REDESW02           0.000    999.000    999.000    999.000
    REDESW03           0.000    999.000    999.000    999.000
    REDESW04           0.000    999.000    999.000    999.000
    REDESW05           0.000    999.000    999.000    999.000
    CX2                0.966      0.011     88.487      0.000
    CX3                0.971      0.009    103.715      0.000
    CX4                0.993      0.002    427.475      0.000
    CX5                0.946      0.016     57.474      0.000
    CY2                0.974      0.008    127.935      0.000
    CY3                0.972      0.009    108.654      0.000
    CY4                0.985      0.005    210.545      0.000
    CY5                0.973      0.009    111.747      0.000


R-SQUARE

    Observed                                        Two-Tailed
    Variable        Estimate       S.E.  Est./S.E.    P-Value

    MARCHW01           1.000    999.000    999.000    999.000
    MARCHW02           1.000    999.000    999.000    999.000
    MARCHW03           1.000    999.000    999.000    999.000
    MARCHW04           1.000    999.000    999.000    999.000
    MARCHW05           1.000    999.000    999.000    999.000
    REDESW01           1.000    999.000    999.000    999.000
    REDESW02           1.000    999.000    999.000    999.000
    REDESW03           1.000    999.000    999.000    999.000
    REDESW04           1.000    999.000    999.000    999.000
    REDESW05           1.000    999.000    999.000    999.000

     Latent                                         Two-Tailed
    Variable        Estimate       S.E.  Est./S.E.    P-Value

    CX2                0.034      0.011      3.146      0.002
    CX3                0.029      0.009      3.119      0.002
    CX4                0.007      0.002      2.932      0.003
    CX5                0.054      0.016      3.274      0.001
    CY2                0.026      0.008      3.461      0.001
    CY3                0.028      0.009      3.180      0.001
    CY4                0.015      0.005      3.150      0.002
    CY5                0.027      0.009      3.103      0.002


QUALITY OF NUMERICAL RESULTS

     Condition Number for the Information Matrix              0.882E-02
       (ratio of smallest to largest eigenvalue)


CONFIDENCE INTERVALS OF MODEL RESULTS

                  Lower .5%  Lower 2.5%    Lower 5%    Estimate    Upper 5%  Upper 2.5%   Upper .5%

 RI_X     BY
    MARCHW01         1.000       1.000       1.000       1.000       1.000       1.000       1.000
    MARCHW02         1.000       1.000       1.000       1.000       1.000       1.000       1.000
    MARCHW03         1.000       1.000       1.000       1.000       1.000       1.000       1.000
    MARCHW04         1.000       1.000       1.000       1.000       1.000       1.000       1.000
    MARCHW05         1.000       1.000       1.000       1.000       1.000       1.000       1.000

 RI_Y     BY
    REDESW01         1.000       1.000       1.000       1.000       1.000       1.000       1.000
    REDESW02         1.000       1.000       1.000       1.000       1.000       1.000       1.000
    REDESW03         1.000       1.000       1.000       1.000       1.000       1.000       1.000
    REDESW04         1.000       1.000       1.000       1.000       1.000       1.000       1.000
    REDESW05         1.000       1.000       1.000       1.000       1.000       1.000       1.000

 CX1      BY
    MARCHW01         1.000       1.000       1.000       1.000       1.000       1.000       1.000

 CX2      BY
    MARCHW02         1.000       1.000       1.000       1.000       1.000       1.000       1.000

 CX3      BY
    MARCHW03         1.000       1.000       1.000       1.000       1.000       1.000       1.000

 CX4      BY
    MARCHW04         1.000       1.000       1.000       1.000       1.000       1.000       1.000

 CX5      BY
    MARCHW05         1.000       1.000       1.000       1.000       1.000       1.000       1.000

 CY1      BY
    REDESW01         1.000       1.000       1.000       1.000       1.000       1.000       1.000

 CY2      BY
    REDESW02         1.000       1.000       1.000       1.000       1.000       1.000       1.000

 CY3      BY
    REDESW03         1.000       1.000       1.000       1.000       1.000       1.000       1.000

 CY4      BY
    REDESW04         1.000       1.000       1.000       1.000       1.000       1.000       1.000

 CY5      BY
    REDESW05         1.000       1.000       1.000       1.000       1.000       1.000       1.000

 CX2      ON
    CX1              0.086       0.101       0.108       0.148       0.187       0.194       0.209
    CY1             -0.023      -0.016      -0.013       0.005       0.022       0.026       0.032

 CX3      ON
    CX2              0.086       0.101       0.108       0.148       0.187       0.194       0.209
    CY2             -0.023      -0.016      -0.013       0.005       0.022       0.026       0.032

 CX4      ON
    CX3              0.086       0.101       0.108       0.148       0.187       0.194       0.209
    CY3             -0.023      -0.016      -0.013       0.005       0.022       0.026       0.032

 CX5      ON
    CX4              0.086       0.101       0.108       0.148       0.187       0.194       0.209
    CY4             -0.023      -0.016      -0.013       0.005       0.022       0.026       0.032

 CY2      ON
    CY1              0.091       0.105       0.112       0.150       0.188       0.195       0.209

 CY3      ON
    CY2              0.091       0.105       0.112       0.150       0.188       0.195       0.209

 CY4      ON
    CY3              0.091       0.105       0.112       0.150       0.188       0.195       0.209

 CY5      ON
    CY4              0.091       0.105       0.112       0.150       0.188       0.195       0.209

 CX1      WITH
    CY1              0.113       0.126       0.133       0.169       0.205       0.212       0.225

 CX2      WITH
    CY2              0.079       0.090       0.096       0.125       0.154       0.160       0.170

 CX3      WITH
    CY3              0.014       0.024       0.029       0.055       0.080       0.085       0.095

 CX4      WITH
    CY4              0.139       0.156       0.164       0.209       0.254       0.263       0.280

 CX5      WITH
    CY5             -0.036      -0.025      -0.020       0.009       0.037       0.043       0.053

 RI_X     WITH
    RI_Y             0.155       0.165       0.170       0.196       0.223       0.228       0.238
    CX1              0.000       0.000       0.000       0.000       0.000       0.000       0.000
    CY1              0.000       0.000       0.000       0.000       0.000       0.000       0.000

 RI_Y     WITH
    CX1              0.000       0.000       0.000       0.000       0.000       0.000       0.000
    CY1              0.000       0.000       0.000       0.000       0.000       0.000       0.000

 Intercepts
    MARCHW01         1.276       1.285       1.290       1.313       1.337       1.341       1.350
    MARCHW02         1.185       1.193       1.197       1.218       1.239       1.243       1.251
    MARCHW03         1.157       1.165       1.169       1.189       1.209       1.213       1.221
    MARCHW04         1.447       1.460       1.466       1.500       1.535       1.541       1.554
    MARCHW05         1.152       1.161       1.165       1.189       1.213       1.217       1.226
    REDESW01         1.658       1.671       1.678       1.714       1.750       1.757       1.770
    REDESW02         1.554       1.567       1.574       1.610       1.645       1.652       1.665
    REDESW03         1.551       1.564       1.571       1.607       1.643       1.650       1.663
    REDESW04         1.796       1.812       1.821       1.864       1.908       1.917       1.933
    REDESW05         1.748       1.765       1.773       1.818       1.862       1.871       1.887

 Variances
    RI_X             0.101       0.111       0.117       0.144       0.172       0.177       0.188
    RI_Y             0.480       0.497       0.506       0.553       0.600       0.609       0.627
    CX1              0.364       0.381       0.390       0.436       0.481       0.490       0.507
    CY1              0.781       0.804       0.816       0.876       0.936       0.948       0.970

 Residual Variances
    MARCHW01         0.000       0.000       0.000       0.000       0.000       0.000       0.000
    MARCHW02         0.000       0.000       0.000       0.000       0.000       0.000       0.000
    MARCHW03         0.000       0.000       0.000       0.000       0.000       0.000       0.000
    MARCHW04         0.000       0.000       0.000       0.000       0.000       0.000       0.000
    MARCHW05         0.000       0.000       0.000       0.000       0.000       0.000       0.000
    REDESW01         0.000       0.000       0.000       0.000       0.000       0.000       0.000
    REDESW02         0.000       0.000       0.000       0.000       0.000       0.000       0.000
    REDESW03         0.000       0.000       0.000       0.000       0.000       0.000       0.000
    REDESW04         0.000       0.000       0.000       0.000       0.000       0.000       0.000
    REDESW05         0.000       0.000       0.000       0.000       0.000       0.000       0.000
    CX2              0.222       0.234       0.241       0.274       0.308       0.314       0.327
    CX3              0.161       0.173       0.180       0.213       0.245       0.252       0.264
    CX4              0.615       0.637       0.649       0.709       0.770       0.781       0.804
    CX5              0.217       0.232       0.239       0.279       0.318       0.326       0.341
    CY2              0.636       0.659       0.670       0.730       0.789       0.801       0.823
    CY3              0.495       0.515       0.525       0.577       0.630       0.640       0.659
    CY4              0.791       0.816       0.828       0.895       0.961       0.974       0.999
    CY5              0.640       0.663       0.675       0.737       0.800       0.811       0.835


CONFIDENCE INTERVALS OF STANDARDIZED MODEL RESULTS


STDYX Standardization

                  Lower .5%  Lower 2.5%    Lower 5%    Estimate    Upper 5%  Upper 2.5%   Upper .5%

 RI_X     BY
    MARCHW01         0.430       0.446       0.455       0.499       0.543       0.551       0.568
    MARCHW02         0.514       0.530       0.538       0.580       0.623       0.631       0.647
    MARCHW03         0.558       0.575       0.584       0.630       0.677       0.686       0.703
    MARCHW04         0.350       0.365       0.372       0.410       0.448       0.455       0.470
    MARCHW05         0.505       0.521       0.530       0.573       0.617       0.625       0.642

 RI_Y     BY
    REDESW01         0.587       0.595       0.600       0.622       0.645       0.649       0.657
    REDESW02         0.614       0.623       0.628       0.652       0.676       0.680       0.689
    REDESW03         0.656       0.665       0.670       0.694       0.719       0.723       0.733
    REDESW04         0.576       0.586       0.590       0.615       0.640       0.645       0.654
    REDESW05         0.611       0.620       0.625       0.650       0.674       0.679       0.688

 CX1      BY
    MARCHW01         0.827       0.837       0.841       0.867       0.892       0.897       0.906

 CX2      BY
    MARCHW02         0.767       0.778       0.784       0.814       0.845       0.850       0.862

 CX3      BY
    MARCHW03         0.717       0.731       0.739       0.776       0.814       0.821       0.835

 CX4      BY
    MARCHW04         0.885       0.892       0.895       0.912       0.929       0.932       0.939

 CX5      BY
    MARCHW05         0.771       0.783       0.789       0.819       0.850       0.856       0.867

 CY1      BY
    REDESW01         0.755       0.762       0.765       0.783       0.801       0.804       0.811

 CY2      BY
    REDESW02         0.726       0.734       0.738       0.758       0.779       0.783       0.791

 CY3      BY
    REDESW03         0.683       0.692       0.696       0.720       0.743       0.748       0.756

 CY4      BY
    REDESW04         0.758       0.765       0.769       0.788       0.808       0.812       0.819

 CY5      BY
    REDESW05         0.727       0.735       0.739       0.760       0.781       0.785       0.793

 CX2      ON
    CX1              0.105       0.124       0.133       0.183       0.232       0.242       0.260
    CY1             -0.040      -0.028      -0.022       0.009       0.039       0.045       0.057

 CX3      ON
    CX2              0.097       0.114       0.122       0.168       0.214       0.223       0.240
    CY2             -0.042      -0.030      -0.023       0.009       0.041       0.048       0.060

 CX4      ON
    CX3              0.045       0.054       0.058       0.082       0.105       0.110       0.119
    CY3             -0.021      -0.015      -0.012       0.004       0.020       0.023       0.029

 CX5      ON
    CX4              0.137       0.159       0.171       0.230       0.289       0.300       0.322
    CY4             -0.040      -0.028      -0.022       0.009       0.039       0.045       0.057

 CY2      ON
    CY1              0.102       0.116       0.124       0.162       0.201       0.208       0.223

 CY3      ON
    CY2              0.100       0.117       0.125       0.169       0.212       0.221       0.237

 CY4      ON
    CY3              0.072       0.084       0.090       0.121       0.153       0.159       0.171

 CY5      ON
    CY4              0.096       0.112       0.121       0.164       0.208       0.216       0.233

 CX1      WITH
    CY1              0.197       0.215       0.224       0.273       0.323       0.332       0.350

 CX2      WITH
    CY2              0.196       0.216       0.226       0.279       0.332       0.343       0.362

 CX3      WITH
    CY3              0.053       0.078       0.090       0.156       0.222       0.234       0.259

 CX4      WITH
    CY4              0.183       0.202       0.212       0.263       0.313       0.323       0.342

 CX5      WITH
    CY5             -0.078      -0.055      -0.043       0.019       0.082       0.093       0.117

 RI_X     WITH
    RI_Y             0.621       0.639       0.648       0.695       0.742       0.751       0.769
    CX1              0.000       0.000       0.000       0.000       0.000       0.000       0.000
    CY1              0.000       0.000       0.000       0.000       0.000       0.000       0.000

 RI_Y     WITH
    CX1              0.000       0.000       0.000       0.000       0.000       0.000       0.000
    CY1              0.000       0.000       0.000       0.000       0.000       0.000       0.000

 Intercepts
    MARCHW01         1.648       1.667       1.676       1.724       1.773       1.782       1.800
    MARCHW02         1.745       1.772       1.786       1.860       1.934       1.948       1.976
    MARCHW03         1.829       1.864       1.881       1.973       2.064       2.082       2.116
    MARCHW04         1.566       1.579       1.586       1.619       1.653       1.660       1.672
    MARCHW05         1.662       1.693       1.710       1.795       1.879       1.896       1.927
    REDESW01         1.398       1.407       1.411       1.434       1.456       1.461       1.469
    REDESW02         1.368       1.378       1.383       1.410       1.437       1.442       1.453
    REDESW03         1.456       1.467       1.472       1.500       1.529       1.534       1.545
    REDESW04         1.502       1.511       1.516       1.542       1.568       1.573       1.583
    REDESW05         1.536       1.548       1.555       1.588       1.621       1.627       1.639

 Variances
    RI_X             1.000       1.000       1.000       1.000       1.000       1.000       1.000
    RI_Y             1.000       1.000       1.000       1.000       1.000       1.000       1.000
    CX1              1.000       1.000       1.000       1.000       1.000       1.000       1.000
    CY1              1.000       1.000       1.000       1.000       1.000       1.000       1.000

 Residual Variances
    MARCHW01       999.000     999.000     999.000       0.000     999.000     999.000     999.000
    MARCHW02       999.000     999.000     999.000       0.000     999.000     999.000     999.000
    MARCHW03       999.000     999.000     999.000       0.000     999.000     999.000     999.000
    MARCHW04       999.000     999.000     999.000       0.000     999.000     999.000     999.000
    MARCHW05       999.000     999.000     999.000       0.000     999.000     999.000     999.000
    REDESW01       999.000     999.000     999.000       0.000     999.000     999.000     999.000
    REDESW02       999.000     999.000     999.000       0.000     999.000     999.000     999.000
    REDESW03       999.000     999.000     999.000       0.000     999.000     999.000     999.000
    REDESW04       999.000     999.000     999.000       0.000     999.000     999.000     999.000
    REDESW05       999.000     999.000     999.000       0.000     999.000     999.000     999.000
    CX2              0.938       0.944       0.948       0.966       0.984       0.987       0.994
    CX3              0.947       0.952       0.955       0.971       0.986       0.989       0.995
    CX4              0.987       0.989       0.989       0.993       0.997       0.998       0.999
    CX5              0.904       0.914       0.919       0.946       0.973       0.978       0.989
    CY2              0.954       0.959       0.961       0.974       0.986       0.989       0.993
    CY3              0.949       0.954       0.957       0.972       0.986       0.989       0.995
    CY4              0.973       0.976       0.978       0.985       0.993       0.994       0.997
    CY5              0.951       0.956       0.959       0.973       0.987       0.990       0.995


MODEL MODIFICATION INDICES

NOTE:  Modification indices for direct effects of observed dependent variables
regressed on covariates may not be included.  To include these, request
MODINDICES (ALL).

Minimum M.I. value for printing the modification index    10.000

                            M.I.     E.P.C.  Std E.P.C.  StdYX E.P.C.

BY Statements

RI_X     BY MARCHW01       11.467     0.220      0.083        0.110
RI_X     BY MARCHW04       79.206     0.720      0.273        0.295
RI_X     BY MARCHW05       51.339    -0.485     -0.184       -0.278
RI_X     BY REDESW05       13.206     0.385      0.146        0.128
RI_Y     BY MARCHW04       63.168     0.305      0.227        0.245
RI_Y     BY MARCHW05       37.051    -0.188     -0.140       -0.212
RI_Y     BY REDESW02       12.398    -0.149     -0.111       -0.097
RI_Y     BY REDESW05       12.152     0.179      0.134        0.117
CX1      BY MARCHW04       18.781     0.170      0.112        0.121
CX2      BY MARCHW04       11.447     0.177      0.094        0.102
CX2      BY MARCHW05       14.535    -0.167     -0.089       -0.134
CX3      BY MARCHW01       10.156     0.154      0.072        0.095
CX3      BY MARCHW05       10.771    -0.168     -0.079       -0.119
CX4      BY MARCHW01       13.137     0.087      0.073        0.096
CX4      BY REDESW04       10.609    -0.744     -0.628       -0.520
CX5      BY REDESW05       10.779     0.857      0.465        0.406
CY1      BY REDESW01       16.392     1.006      0.941        0.787
CY1      BY REDESW02       16.193    -0.144     -0.135       -0.118
CY2      BY REDESW01       17.042    -0.181     -0.156       -0.131
CY3      BY MARCHW05       18.493    -0.127     -0.098       -0.148
CY4      BY REDESW05       25.764     0.221      0.210        0.184
CY5      BY REDESW04       16.449     0.207      0.180        0.149
CY5      BY REDESW05       25.744     1.469      1.279        1.117

ON/BY Statements

RI_X     ON CX4      /
CX4      BY RI_X           21.063     0.074      0.166        0.166
RI_Y     ON CX4      /
CX4      BY RI_Y           18.558     0.123      0.140        0.140
RI_Y     ON CY4      /
CY4      BY RI_Y           23.094     0.133      0.171        0.171
CX1      ON RI_X     /
RI_X     BY CX1            11.323     0.233      0.134        0.134
CX1      ON CX4      /
CX4      BY CX1            17.003     0.104      0.133        0.133
CX4      ON RI_X     /
RI_X     BY CX4            62.929     0.666      0.300        0.300
CX4      ON RI_Y     /
RI_Y     BY CX4            50.707     0.285      0.251        0.251
CX4      ON CX1      /
CX1      BY CX4            17.275     0.170      0.133        0.133
CX5      ON RI_X     /
RI_X     BY CX5            51.339    -0.485     -0.340       -0.340
CX5      ON RI_Y     /
RI_Y     BY CX5            37.051    -0.188     -0.258       -0.258
CX5      ON CX2      /
CX2      BY CX5            14.535    -0.167     -0.164       -0.164
CX5      ON CX3      /
CX3      BY CX5            10.771    -0.168     -0.145       -0.145
CX5      ON CY3      /
CY3      BY CX5            18.493    -0.127     -0.180       -0.180
CY1      ON CY2      /
CY2      BY CY1            17.099    -0.177     -0.163       -0.163
CY2      ON RI_Y     /
RI_Y     BY CY2            13.641    -0.165     -0.142       -0.142
CY2      ON CY1      /
CY1      BY CY2            15.646    -0.091     -0.098       -0.098
CY2      ON CY2      /
CY2      BY CY2            15.643    -0.970     -0.970       -0.970
CY4      ON RI_Y     /
RI_Y     BY CY4            12.439     0.170      0.133        0.133
CY4      ON CY5      /
CY5      BY CY4            16.735     0.204      0.186        0.186
CY5      ON RI_X     /
RI_X     BY CY5            13.206     0.385      0.168        0.168
CY5      ON RI_Y     /
RI_Y     BY CY5            12.152     0.179      0.153        0.153
CY5      ON CX5      /
CX5      BY CY5            10.779     0.857      0.534        0.534
CY5      ON CY4      /
CY4      BY CY5            25.764     0.146      0.160        0.160
CY5      ON CY5      /
CY5      BY CY5            25.744     1.469      1.469        1.469

WITH Statements

MARCHW04 WITH MARCHW01     12.158     0.054      0.054      999.000
REDESW02 WITH REDESW01     15.136    -0.114     -0.114      999.000
REDESW03 WITH MARCHW05     11.911    -0.054     -0.054      999.000
REDESW05 WITH REDESW04     16.126     0.146      0.146      999.000
CX4      WITH RI_X         21.469     0.051      0.160        0.160
CX4      WITH RI_Y         11.304     0.065      0.104        0.104
CX4      WITH CX1          14.898     0.066      0.118        0.118
CX5      WITH RI_X         19.247    -0.040     -0.199       -0.199
CY2      WITH CY1          14.487    -0.114     -0.142       -0.142
CY3      WITH CX5          11.839    -0.055     -0.138       -0.138
CY4      WITH RI_Y         13.588     0.087      0.124        0.124
CY5      WITH CY4          16.125     0.146      0.179        0.179

Variances/Residual Variances

REDESW01                   15.116     0.785      0.785        0.550
REDESW04                   16.766    -0.998     -0.998       -0.683


TECHNICAL 1 OUTPUT


     PARAMETER SPECIFICATION


           NU
              MARCHW01      MARCHW02      MARCHW03      MARCHW04      MARCHW05
              ________      ________      ________      ________      ________
      1           1             2             3             4             5


           NU
              REDESW01      REDESW02      REDESW03      REDESW04      REDESW05
              ________      ________      ________      ________      ________
      1           6             7             8             9            10


           LAMBDA
              RI_X          RI_Y          CX1           CX2           CX3
              ________      ________      ________      ________      ________
 MARCHW01           0             0             0             0             0
 MARCHW02           0             0             0             0             0
 MARCHW03           0             0             0             0             0
 MARCHW04           0             0             0             0             0
 MARCHW05           0             0             0             0             0
 REDESW01           0             0             0             0             0
 REDESW02           0             0             0             0             0
 REDESW03           0             0             0             0             0
 REDESW04           0             0             0             0             0
 REDESW05           0             0             0             0             0


           LAMBDA
              CX4           CX5           CY1           CY2           CY3
              ________      ________      ________      ________      ________
 MARCHW01           0             0             0             0             0
 MARCHW02           0             0             0             0             0
 MARCHW03           0             0             0             0             0
 MARCHW04           0             0             0             0             0
 MARCHW05           0             0             0             0             0
 REDESW01           0             0             0             0             0
 REDESW02           0             0             0             0             0
 REDESW03           0             0             0             0             0
 REDESW04           0             0             0             0             0
 REDESW05           0             0             0             0             0


           LAMBDA
              CY4           CY5
              ________      ________
 MARCHW01           0             0
 MARCHW02           0             0
 MARCHW03           0             0
 MARCHW04           0             0
 MARCHW05           0             0
 REDESW01           0             0
 REDESW02           0             0
 REDESW03           0             0
 REDESW04           0             0
 REDESW05           0             0


           THETA
              MARCHW01      MARCHW02      MARCHW03      MARCHW04      MARCHW05
              ________      ________      ________      ________      ________
 MARCHW01           0
 MARCHW02           0             0
 MARCHW03           0             0             0
 MARCHW04           0             0             0             0
 MARCHW05           0             0             0             0             0
 REDESW01           0             0             0             0             0
 REDESW02           0             0             0             0             0
 REDESW03           0             0             0             0             0
 REDESW04           0             0             0             0             0
 REDESW05           0             0             0             0             0


           THETA
              REDESW01      REDESW02      REDESW03      REDESW04      REDESW05
              ________      ________      ________      ________      ________
 REDESW01           0
 REDESW02           0             0
 REDESW03           0             0             0
 REDESW04           0             0             0             0
 REDESW05           0             0             0             0             0


           ALPHA
              RI_X          RI_Y          CX1           CX2           CX3
              ________      ________      ________      ________      ________
      1           0             0             0             0             0


           ALPHA
              CX4           CX5           CY1           CY2           CY3
              ________      ________      ________      ________      ________
      1           0             0             0             0             0


           ALPHA
              CY4           CY5
              ________      ________
      1           0             0


           BETA
              RI_X          RI_Y          CX1           CX2           CX3
              ________      ________      ________      ________      ________
 RI_X               0             0             0             0             0
 RI_Y               0             0             0             0             0
 CX1                0             0             0             0             0
 CX2                0             0            11             0             0
 CX3                0             0             0            11             0
 CX4                0             0             0             0            11
 CX5                0             0             0             0             0
 CY1                0             0             0             0             0
 CY2                0             0             0             0             0
 CY3                0             0             0             0             0
 CY4                0             0             0             0             0
 CY5                0             0             0             0             0


           BETA
              CX4           CX5           CY1           CY2           CY3
              ________      ________      ________      ________      ________
 RI_X               0             0             0             0             0
 RI_Y               0             0             0             0             0
 CX1                0             0             0             0             0
 CX2                0             0            12             0             0
 CX3                0             0             0            12             0
 CX4                0             0             0             0            12
 CX5               11             0             0             0             0
 CY1                0             0             0             0             0
 CY2                0             0            13             0             0
 CY3                0             0             0            13             0
 CY4                0             0             0             0            13
 CY5                0             0             0             0             0


           BETA
              CY4           CY5
              ________      ________
 RI_X               0             0
 RI_Y               0             0
 CX1                0             0
 CX2                0             0
 CX3                0             0
 CX4                0             0
 CX5               12             0
 CY1                0             0
 CY2                0             0
 CY3                0             0
 CY4                0             0
 CY5               13             0


           PSI
              RI_X          RI_Y          CX1           CX2           CX3
              ________      ________      ________      ________      ________
 RI_X              14
 RI_Y              15            16
 CX1                0             0            17
 CX2                0             0             0            18
 CX3                0             0             0             0            19
 CX4                0             0             0             0             0
 CX5                0             0             0             0             0
 CY1                0             0            22             0             0
 CY2                0             0             0            24             0
 CY3                0             0             0             0            26
 CY4                0             0             0             0             0
 CY5                0             0             0             0             0


           PSI
              CX4           CX5           CY1           CY2           CY3
              ________      ________      ________      ________      ________
 CX4               20
 CX5                0            21
 CY1                0             0            23
 CY2                0             0             0            25
 CY3                0             0             0             0            27
 CY4               28             0             0             0             0
 CY5                0            30             0             0             0


           PSI
              CY4           CY5
              ________      ________
 CY4               29
 CY5                0            31


     STARTING VALUES


           NU
              MARCHW01      MARCHW02      MARCHW03      MARCHW04      MARCHW05
              ________      ________      ________      ________      ________
      1         1.313         1.215         1.184         1.499         1.203


           NU
              REDESW01      REDESW02      REDESW03      REDESW04      REDESW05
              ________      ________      ________      ________      ________
      1         1.714         1.605         1.593         1.859         1.837


           LAMBDA
              RI_X          RI_Y          CX1           CX2           CX3
              ________      ________      ________      ________      ________
 MARCHW01       1.000         0.000         1.000         0.000         0.000
 MARCHW02       1.000         0.000         0.000         1.000         0.000
 MARCHW03       1.000         0.000         0.000         0.000         1.000
 MARCHW04       1.000         0.000         0.000         0.000         0.000
 MARCHW05       1.000         0.000         0.000         0.000         0.000
 REDESW01       0.000         1.000         0.000         0.000         0.000
 REDESW02       0.000         1.000         0.000         0.000         0.000
 REDESW03       0.000         1.000         0.000         0.000         0.000
 REDESW04       0.000         1.000         0.000         0.000         0.000
 REDESW05       0.000         1.000         0.000         0.000         0.000


           LAMBDA
              CX4           CX5           CY1           CY2           CY3
              ________      ________      ________      ________      ________
 MARCHW01       0.000         0.000         0.000         0.000         0.000
 MARCHW02       0.000         0.000         0.000         0.000         0.000
 MARCHW03       0.000         0.000         0.000         0.000         0.000
 MARCHW04       1.000         0.000         0.000         0.000         0.000
 MARCHW05       0.000         1.000         0.000         0.000         0.000
 REDESW01       0.000         0.000         1.000         0.000         0.000
 REDESW02       0.000         0.000         0.000         1.000         0.000
 REDESW03       0.000         0.000         0.000         0.000         1.000
 REDESW04       0.000         0.000         0.000         0.000         0.000
 REDESW05       0.000         0.000         0.000         0.000         0.000


           LAMBDA
              CY4           CY5
              ________      ________
 MARCHW01       0.000         0.000
 MARCHW02       0.000         0.000
 MARCHW03       0.000         0.000
 MARCHW04       0.000         0.000
 MARCHW05       0.000         0.000
 REDESW01       0.000         0.000
 REDESW02       0.000         0.000
 REDESW03       0.000         0.000
 REDESW04       1.000         0.000
 REDESW05       0.000         1.000


           THETA
              MARCHW01      MARCHW02      MARCHW03      MARCHW04      MARCHW05
              ________      ________      ________      ________      ________
 MARCHW01       0.000
 MARCHW02       0.000         0.000
 MARCHW03       0.000         0.000         0.000
 MARCHW04       0.000         0.000         0.000         0.000
 MARCHW05       0.000         0.000         0.000         0.000         0.000
 REDESW01       0.000         0.000         0.000         0.000         0.000
 REDESW02       0.000         0.000         0.000         0.000         0.000
 REDESW03       0.000         0.000         0.000         0.000         0.000
 REDESW04       0.000         0.000         0.000         0.000         0.000
 REDESW05       0.000         0.000         0.000         0.000         0.000


           THETA
              REDESW01      REDESW02      REDESW03      REDESW04      REDESW05
              ________      ________      ________      ________      ________
 REDESW01       0.000
 REDESW02       0.000         0.000
 REDESW03       0.000         0.000         0.000
 REDESW04       0.000         0.000         0.000         0.000
 REDESW05       0.000         0.000         0.000         0.000         0.000


           ALPHA
              RI_X          RI_Y          CX1           CX2           CX3
              ________      ________      ________      ________      ________
      1         0.000         0.000         0.000         0.000         0.000


           ALPHA
              CX4           CX5           CY1           CY2           CY3
              ________      ________      ________      ________      ________
      1         0.000         0.000         0.000         0.000         0.000


           ALPHA
              CY4           CY5
              ________      ________
      1         0.000         0.000


           BETA
              RI_X          RI_Y          CX1           CX2           CX3
              ________      ________      ________      ________      ________
 RI_X           0.000         0.000         0.000         0.000         0.000
 RI_Y           0.000         0.000         0.000         0.000         0.000
 CX1            0.000         0.000         0.000         0.000         0.000
 CX2            0.000         0.000         0.000         0.000         0.000
 CX3            0.000         0.000         0.000         0.000         0.000
 CX4            0.000         0.000         0.000         0.000         0.000
 CX5            0.000         0.000         0.000         0.000         0.000
 CY1            0.000         0.000         0.000         0.000         0.000
 CY2            0.000         0.000         0.000         0.000         0.000
 CY3            0.000         0.000         0.000         0.000         0.000
 CY4            0.000         0.000         0.000         0.000         0.000
 CY5            0.000         0.000         0.000         0.000         0.000


           BETA
              CX4           CX5           CY1           CY2           CY3
              ________      ________      ________      ________      ________
 RI_X           0.000         0.000         0.000         0.000         0.000
 RI_Y           0.000         0.000         0.000         0.000         0.000
 CX1            0.000         0.000         0.000         0.000         0.000
 CX2            0.000         0.000         0.000         0.000         0.000
 CX3            0.000         0.000         0.000         0.000         0.000
 CX4            0.000         0.000         0.000         0.000         0.000
 CX5            0.000         0.000         0.000         0.000         0.000
 CY1            0.000         0.000         0.000         0.000         0.000
 CY2            0.000         0.000         0.000         0.000         0.000
 CY3            0.000         0.000         0.000         0.000         0.000
 CY4            0.000         0.000         0.000         0.000         0.000
 CY5            0.000         0.000         0.000         0.000         0.000


           BETA
              CY4           CY5
              ________      ________
 RI_X           0.000         0.000
 RI_Y           0.000         0.000
 CX1            0.000         0.000
 CX2            0.000         0.000
 CX3            0.000         0.000
 CX4            0.000         0.000
 CX5            0.000         0.000
 CY1            0.000         0.000
 CY2            0.000         0.000
 CY3            0.000         0.000
 CY4            0.000         0.000
 CY5            0.000         0.000


           PSI
              RI_X          RI_Y          CX1           CX2           CX3
              ________      ________      ________      ________      ________
 RI_X           0.050
 RI_Y           0.000         0.050
 CX1            0.000         0.000         0.050
 CX2            0.000         0.000         0.000         0.050
 CX3            0.000         0.000         0.000         0.000         0.050
 CX4            0.000         0.000         0.000         0.000         0.000
 CX5            0.000         0.000         0.000         0.000         0.000
 CY1            0.000         0.000         0.000         0.000         0.000
 CY2            0.000         0.000         0.000         0.000         0.000
 CY3            0.000         0.000         0.000         0.000         0.000
 CY4            0.000         0.000         0.000         0.000         0.000
 CY5            0.000         0.000         0.000         0.000         0.000


           PSI
              CX4           CX5           CY1           CY2           CY3
              ________      ________      ________      ________      ________
 CX4            0.050
 CX5            0.000         0.050
 CY1            0.000         0.000         0.050
 CY2            0.000         0.000         0.000         0.050
 CY3            0.000         0.000         0.000         0.000         0.050
 CY4            0.000         0.000         0.000         0.000         0.000
 CY5            0.000         0.000         0.000         0.000         0.000


           PSI
              CY4           CY5
              ________      ________
 CY4            0.050
 CY5            0.000         0.050


TECHNICAL 4 OUTPUT


     ESTIMATES DERIVED FROM THE MODEL


           ESTIMATED MEANS FOR THE LATENT VARIABLES
              RI_X          RI_Y          CX1           CX2           CX3
              ________      ________      ________      ________      ________
      1         0.000         0.000         0.000         0.000         0.000


           ESTIMATED MEANS FOR THE LATENT VARIABLES
              CX4           CX5           CY1           CY2           CY3
              ________      ________      ________      ________      ________
      1         0.000         0.000         0.000         0.000         0.000


           ESTIMATED MEANS FOR THE LATENT VARIABLES
              CY4           CY5
              ________      ________
      1         0.000         0.000


           ESTIMATED COVARIANCE MATRIX FOR THE LATENT VARIABLES
              RI_X          RI_Y          CX1           CX2           CX3
              ________      ________      ________      ________      ________
 RI_X           0.144
 RI_Y           0.196         0.553
 CX1            0.000         0.000         0.436
 CX2            0.000         0.000         0.065         0.284
 CX3            0.000         0.000         0.010         0.043         0.219
 CX4            0.000         0.000         0.001         0.006         0.033
 CX5            0.000         0.000         0.000         0.001         0.005
 CY1            0.000         0.000         0.169         0.029         0.005
 CY2            0.000         0.000         0.025         0.129         0.023
 CY3            0.000         0.000         0.004         0.019         0.058
 CY4            0.000         0.000         0.001         0.003         0.009
 CY5            0.000         0.000         0.000         0.000         0.001


           ESTIMATED COVARIANCE MATRIX FOR THE LATENT VARIABLES
              CX4           CX5           CY1           CY2           CY3
              ________      ________      ________      ________      ________
 CX4            0.714
 CX5            0.106         0.295
 CY1            0.001         0.000         0.876
 CY2            0.004         0.001         0.131         0.749
 CY3            0.011         0.002         0.020         0.112         0.594
 CY4            0.211         0.036         0.003         0.017         0.089
 CY5            0.032         0.014         0.000         0.003         0.013


           ESTIMATED COVARIANCE MATRIX FOR THE LATENT VARIABLES
              CY4           CY5
              ________      ________
 CY4            0.908
 CY5            0.136         0.758


           ESTIMATED CORRELATION MATRIX FOR THE LATENT VARIABLES
              RI_X          RI_Y          CX1           CX2           CX3
              ________      ________      ________      ________      ________
 RI_X           1.000
 RI_Y           0.695         1.000
 CX1            0.000         0.000         1.000
 CX2            0.000         0.000         0.185         1.000
 CX3            0.000         0.000         0.032         0.171         1.000
 CX4            0.000         0.000         0.003         0.014         0.082
 CX5            0.000         0.000         0.001         0.003         0.019
 CY1            0.000         0.000         0.273         0.059         0.011
 CY2            0.000         0.000         0.044         0.280         0.056
 CY3            0.000         0.000         0.007         0.047         0.161
 CY4            0.000         0.000         0.001         0.006         0.020
 CY5            0.000         0.000         0.000         0.001         0.003


           ESTIMATED CORRELATION MATRIX FOR THE LATENT VARIABLES
              CX4           CX5           CY1           CY2           CY3
              ________      ________      ________      ________      ________
 CX4            1.000
 CX5            0.232         1.000
 CY1            0.001         0.000         1.000
 CY2            0.005         0.001         0.162         1.000
 CY3            0.018         0.005         0.027         0.169         1.000
 CY4            0.262         0.069         0.003         0.020         0.121
 CY5            0.043         0.030         0.001         0.003         0.020


           ESTIMATED CORRELATION MATRIX FOR THE LATENT VARIABLES
              CY4           CY5
              ________      ________
 CY4            1.000
 CY5            0.164         1.000


     Beginning Time:  11:58:03
        Ending Time:  11:58:03
       Elapsed Time:  00:00:00



MUTHEN & MUTHEN
3463 Stoner Ave.
Los Angeles, CA  90066

Tel: (310) 391-9971
Fax: (310) 391-8971
Web: www.StatModel.com
Support: Support@StatModel.com

Copyright (c) 1998-2012 Muthen & Muthen
