Mplus VERSION 7
MUTHEN & MUTHEN
08/19/2021   1:31 PM

INPUT INSTRUCTIONS

  TITLE:
  RI CLPM;
  DATA:
  FILE = "mplus/modelo_basico_0d9373767802af8792c779fb3d387dfb.dat";

  VARIABLE:
  NAMES = marchw01 marchw02 marchw03 marchw04 marchw05 redesw01 redesw02 redesw03
       redesw04 redesw05;
   MISSING=.;

  ANALYSIS:
  ESTIMATOR IS ML ;
      ITERATIONS = 5000;
  MODEL:

      ! Crear los componentes between
        RI_x BY marchw01@1 marchw02@1 marchw03@1 marchw04@1 marchw05@1;
        RI_y BY redesw01@1 redesw02@1 redesw03@1 redesw04@1 redesw05@1;

      ! Crear los componentes within
        cx1 BY marchw01@1;
        cx2 BY marchw02@1;
        cx3 BY marchw03@1;
        cx4 BY marchw04@1;
        cx5 BY marchw05@1;

        cy1 BY redesw01@1;
        cy2 BY redesw02@1;
        cy3 BY redesw03@1;
        cy4 BY redesw04@1;
        cy5 BY redesw05@1;

      ! Constrenir las varianzas del error de medicion a cero
        marchw01 - redesw05@0;

      ! Estimar los efectos lagged
        cx2 ON cx1 cy1;
        cx3 ON cx2 cy2;
        cx4 ON cx3 cy3;
        cx5 ON cx4 cy4;
        cy2 ON cx1 cy1;
        cy3 ON cx2 cy2;
        cy4 ON cx3 cy3;
        cy5 ON cx4 cy4;

      ! Estimar la covarianza entre los componentes within t=1
        cx1 WITH cy1;

      ! Estimar las covarianzas entre los residuos del componente within (innovations)
        cx2 WITH cy2;
        cx3 WITH cy3;
        cx4 WITH cy4;
        cx5 WITH cy5;

      ! Estimar la covarianza entre los RI
        RI_x WITH RI_y;

      ! Fijar la correlacion entre los RI y componentes within t=1 a cero
        RI_x WITH cx1@0 cy1@0;
        RI_y WITH cx1@0 cy1@0;

  OUTPUT:
  CINTERVAL sampstat mod stdyx tech1 tech4;



*** WARNING
  Data set contains cases with missing on all variables.
  These cases were not included in the analysis.
  Number of cases with missing on all variables:  1
   1 WARNING(S) FOUND IN THE INPUT INSTRUCTIONS




RI CLPM;

SUMMARY OF ANALYSIS

Number of groups                                                 1
Number of observations                                        2927

Number of dependent variables                                   10
Number of independent variables                                  0
Number of continuous latent variables                           12

Observed dependent variables

  Continuous
   MARCHW01    MARCHW02    MARCHW03    MARCHW04    MARCHW05    REDESW01
   REDESW02    REDESW03    REDESW04    REDESW05

Continuous latent variables
   RI_X        RI_Y        CX1         CX2         CX3         CX4
   CX5         CY1         CY2         CY3         CY4         CY5


Estimator                                                       ML
Information matrix                                        OBSERVED
Maximum number of iterations                                  5000
Convergence criterion                                    0.500D-04
Maximum number of steepest descent iterations                   20
Maximum number of iterations for H1                           2000
Convergence criterion for H1                             0.100D-03

Input data file(s)
  mplus/modelo_basico_0d9373767802af8792c779fb3d387dfb.dat

Input data format  FREE


SUMMARY OF DATA

     Number of missing data patterns            23


COVARIANCE COVERAGE OF DATA

Minimum covariance coverage value   0.100


     PROPORTION OF DATA PRESENT


           Covariance Coverage
              MARCHW01      MARCHW02      MARCHW03      MARCHW04      MARCHW05
              ________      ________      ________      ________      ________
 MARCHW01       0.998
 MARCHW02       0.844         0.845
 MARCHW03       0.759         0.719         0.761
 MARCHW04       0.735         0.698         0.682         0.736
 MARCHW05       0.594         0.565         0.554         0.566         0.594
 REDESW01       0.997         0.843         0.758         0.734         0.593
 REDESW02       0.844         0.845         0.719         0.698         0.565
 REDESW03       0.758         0.718         0.760         0.681         0.554
 REDESW04       0.735         0.698         0.682         0.736         0.566
 REDESW05       0.594         0.565         0.554         0.566         0.594


           Covariance Coverage
              REDESW01      REDESW02      REDESW03      REDESW04      REDESW05
              ________      ________      ________      ________      ________
 REDESW01       0.997
 REDESW02       0.843         0.845
 REDESW03       0.757         0.718         0.760
 REDESW04       0.734         0.698         0.681         0.736
 REDESW05       0.593         0.565         0.554         0.566         0.594


SAMPLE STATISTICS


     ESTIMATED SAMPLE STATISTICS


           Means
              MARCHW01      MARCHW02      MARCHW03      MARCHW04      MARCHW05
              ________      ________      ________      ________      ________
      1         1.313         1.218         1.188         1.500         1.192


           Means
              REDESW01      REDESW02      REDESW03      REDESW04      REDESW05
              ________      ________      ________      ________      ________
      1         1.714         1.609         1.605         1.865         1.815


           Covariances
              MARCHW01      MARCHW02      MARCHW03      MARCHW04      MARCHW05
              ________      ________      ________      ________      ________
 MARCHW01       0.602
 MARCHW02       0.208         0.414
 MARCHW03       0.181         0.170         0.351
 MARCHW04       0.277         0.234         0.244         0.984
 MARCHW05       0.127         0.095         0.104         0.309         0.401
 REDESW01       0.374         0.194         0.181         0.346         0.157
 REDESW02       0.209         0.294         0.175         0.329         0.116
 REDESW03       0.229         0.219         0.238         0.360         0.114
 REDESW04       0.259         0.237         0.218         0.565         0.241
 REDESW05       0.248         0.232         0.209         0.442         0.214


           Covariances
              REDESW01      REDESW02      REDESW03      REDESW04      REDESW05
              ________      ________      ________      ________      ________
 REDESW01       1.386
 REDESW02       0.551         1.187
 REDESW03       0.553         0.598         1.131
 REDESW04       0.640         0.642         0.740         1.644
 REDESW05       0.590         0.571         0.622         0.939         1.464


           Correlations
              MARCHW01      MARCHW02      MARCHW03      MARCHW04      MARCHW05
              ________      ________      ________      ________      ________
 MARCHW01       1.000
 MARCHW02       0.417         1.000
 MARCHW03       0.394         0.447         1.000
 MARCHW04       0.360         0.367         0.414         1.000
 MARCHW05       0.258         0.232         0.276         0.492         1.000
 REDESW01       0.410         0.256         0.260         0.297         0.210
 REDESW02       0.247         0.419         0.271         0.304         0.168
 REDESW03       0.278         0.320         0.378         0.342         0.169
 REDESW04       0.261         0.288         0.287         0.445         0.297
 REDESW05       0.264         0.298         0.292         0.368         0.279


           Correlations
              REDESW01      REDESW02      REDESW03      REDESW04      REDESW05
              ________      ________      ________      ________      ________
 REDESW01       1.000
 REDESW02       0.430         1.000
 REDESW03       0.442         0.516         1.000
 REDESW04       0.424         0.460         0.543         1.000
 REDESW05       0.414         0.433         0.484         0.606         1.000


     MAXIMUM LOG-LIKELIHOOD VALUE FOR THE UNRESTRICTED (H1) MODEL IS  -27136.359


THE MODEL ESTIMATION TERMINATED NORMALLY



MODEL FIT INFORMATION

Number of Free Parameters                       44

Loglikelihood

          H0 Value                      -27263.651
          H1 Value                      -27136.359

Information Criteria

          Akaike (AIC)                   54615.302
          Bayesian (BIC)                 54878.498
          Sample-Size Adjusted BIC       54738.694
            (n* = (n + 2) / 24)

Chi-Square Test of Model Fit

          Value                            254.584
          Degrees of Freedom                    21
          P-Value                           0.0000

RMSEA (Root Mean Square Error Of Approximation)

          Estimate                           0.062
          90 Percent C.I.                    0.055  0.069
          Probability RMSEA <= .05           0.002

CFI/TLI

          CFI                                0.966
          TLI                                0.927

Chi-Square Test of Model Fit for the Baseline Model

          Value                           6865.547
          Degrees of Freedom                    45
          P-Value                           0.0000

SRMR (Standardized Root Mean Square Residual)

          Value                              0.057



MODEL RESULTS

                                                    Two-Tailed
                    Estimate       S.E.  Est./S.E.    P-Value

 RI_X     BY
    MARCHW01           1.000      0.000    999.000    999.000
    MARCHW02           1.000      0.000    999.000    999.000
    MARCHW03           1.000      0.000    999.000    999.000
    MARCHW04           1.000      0.000    999.000    999.000
    MARCHW05           1.000      0.000    999.000    999.000

 RI_Y     BY
    REDESW01           1.000      0.000    999.000    999.000
    REDESW02           1.000      0.000    999.000    999.000
    REDESW03           1.000      0.000    999.000    999.000
    REDESW04           1.000      0.000    999.000    999.000
    REDESW05           1.000      0.000    999.000    999.000

 CX1      BY
    MARCHW01           1.000      0.000    999.000    999.000

 CX2      BY
    MARCHW02           1.000      0.000    999.000    999.000

 CX3      BY
    MARCHW03           1.000      0.000    999.000    999.000

 CX4      BY
    MARCHW04           1.000      0.000    999.000    999.000

 CX5      BY
    MARCHW05           1.000      0.000    999.000    999.000

 CY1      BY
    REDESW01           1.000      0.000    999.000    999.000

 CY2      BY
    REDESW02           1.000      0.000    999.000    999.000

 CY3      BY
    REDESW03           1.000      0.000    999.000    999.000

 CY4      BY
    REDESW04           1.000      0.000    999.000    999.000

 CY5      BY
    REDESW05           1.000      0.000    999.000    999.000

 CX2      ON
    CX1                0.138      0.023      5.944      0.000
    CY1               -0.023      0.016     -1.418      0.156

 CX3      ON
    CX2                0.138      0.031      4.422      0.000
    CY2               -0.024      0.019     -1.292      0.196

 CX4      ON
    CX3                0.241      0.055      4.413      0.000
    CY3                0.134      0.031      4.328      0.000

 CX5      ON
    CX4                0.175      0.018      9.686      0.000
    CY4                0.029      0.016      1.775      0.076

 CY2      ON
    CX1                0.007      0.035      0.196      0.845
    CY1               -0.002      0.028     -0.056      0.955

 CY3      ON
    CX2                0.113      0.048      2.359      0.018
    CY2                0.075      0.033      2.256      0.024

 CY4      ON
    CX3                0.006      0.062      0.095      0.924
    CY3                0.252      0.037      6.763      0.000

 CY5      ON
    CX4                0.097      0.028      3.408      0.001
    CY4                0.297      0.026     11.327      0.000

 CX1      WITH
    CY1                0.162      0.015     10.483      0.000

 CX2      WITH
    CY2                0.111      0.014      8.089      0.000

 CX3      WITH
    CY3                0.062      0.011      5.628      0.000

 CX4      WITH
    CY4                0.244      0.021     11.724      0.000

 CX5      WITH
    CY5                0.022      0.013      1.693      0.091

 RI_X     WITH
    RI_Y               0.183      0.011     16.314      0.000
    CX1                0.000      0.000    999.000    999.000
    CY1                0.000      0.000    999.000    999.000

 RI_Y     WITH
    CX1                0.000      0.000    999.000    999.000
    CY1                0.000      0.000    999.000    999.000

 Intercepts
    MARCHW01           1.313      0.014     93.761      0.000
    MARCHW02           1.217      0.013     95.360      0.000
    MARCHW03           1.189      0.012     96.626      0.000
    MARCHW04           1.501      0.020     75.015      0.000
    MARCHW05           1.189      0.015     77.733      0.000
    REDESW01           1.714      0.022     79.128      0.000
    REDESW02           1.609      0.022     74.657      0.000
    REDESW03           1.607      0.022     73.702      0.000
    REDESW04           1.865      0.026     72.139      0.000
    REDESW05           1.815      0.027     68.183      0.000

 Variances
    RI_X               0.139      0.009     15.795      0.000
    RI_Y               0.546      0.023     23.315      0.000
    CX1                0.435      0.015     29.593      0.000
    CY1                0.824      0.030     27.648      0.000

 Residual Variances
    MARCHW01           0.000      0.000    999.000    999.000
    MARCHW02           0.000      0.000    999.000    999.000
    MARCHW03           0.000      0.000    999.000    999.000
    MARCHW04           0.000      0.000    999.000    999.000
    MARCHW05           0.000      0.000    999.000    999.000
    REDESW01           0.000      0.000    999.000    999.000
    REDESW02           0.000      0.000    999.000    999.000
    REDESW03           0.000      0.000    999.000    999.000
    REDESW04           0.000      0.000    999.000    999.000
    REDESW05           0.000      0.000    999.000    999.000
    CX2                0.270      0.011     24.875      0.000
    CX3                0.212      0.009     23.091      0.000
    CX4                0.723      0.024     30.476      0.000
    CX5                0.282      0.011     24.954      0.000
    CY2                0.647      0.030     21.436      0.000
    CY3                0.587      0.025     23.458      0.000
    CY4                0.958      0.033     28.670      0.000
    CY5                0.765      0.029     26.373      0.000


STANDARDIZED MODEL RESULTS


STDYX Standardization

                                                    Two-Tailed
                    Estimate       S.E.  Est./S.E.    P-Value

 RI_X     BY
    MARCHW01           0.492      0.015     32.048      0.000
    MARCHW02           0.577      0.018     32.659      0.000
    MARCHW03           0.625      0.018     34.488      0.000
    MARCHW04           0.395      0.014     28.966      0.000
    MARCHW05           0.557      0.014     38.506      0.000

 RI_Y     BY
    REDESW01           0.631      0.012     53.754      0.000
    REDESW02           0.676      0.013     50.811      0.000
    REDESW03           0.691      0.013     54.888      0.000
    REDESW04           0.595      0.012     50.162      0.000
    REDESW05           0.620      0.012     52.904      0.000

 CX1      BY
    MARCHW01           0.871      0.009    100.386      0.000

 CX2      BY
    MARCHW02           0.817      0.012     65.434      0.000

 CX3      BY
    MARCHW03           0.781      0.014     53.852      0.000

 CX4      BY
    MARCHW04           0.919      0.006    156.585      0.000

 CX5      BY
    MARCHW05           0.830      0.010     85.506      0.000

 CY1      BY
    REDESW01           0.776      0.010     81.190      0.000

 CY2      BY
    REDESW02           0.737      0.012     60.238      0.000

 CY3      BY
    REDESW03           0.723      0.012     59.958      0.000

 CY4      BY
    REDESW04           0.804      0.009     91.539      0.000

 CY5      BY
    REDESW05           0.785      0.009     84.812      0.000

 CX2      ON
    CX1                0.172      0.028      6.117      0.000
    CY1               -0.040      0.028     -1.417      0.156

 CX3      ON
    CX2                0.156      0.035      4.465      0.000
    CY2               -0.042      0.032     -1.298      0.194

 CX4      ON
    CX3                0.130      0.030      4.376      0.000
    CY3                0.119      0.028      4.327      0.000

 CX5      ON
    CX4                0.273      0.028      9.812      0.000
    CY4                0.052      0.029      1.777      0.076

 CY2      ON
    CX1                0.006      0.029      0.196      0.845
    CY1               -0.002      0.031     -0.056      0.955

 CY3      ON
    CX2                0.077      0.033      2.346      0.019
    CY2                0.078      0.035      2.253      0.024

 CY4      ON
    CX3                0.003      0.029      0.095      0.924
    CY3                0.195      0.029      6.759      0.000

 CY5      ON
    CX4                0.090      0.026      3.398      0.001
    CY4                0.316      0.027     11.885      0.000

 CX1      WITH
    CY1                0.271      0.022     12.114      0.000

 CX2      WITH
    CY2                0.265      0.028      9.519      0.000

 CX3      WITH
    CY3                0.176      0.029      6.071      0.000

 CX4      WITH
    CY4                0.293      0.022     13.338      0.000

 CX5      WITH
    CY5                0.047      0.027      1.706      0.088

 RI_X     WITH
    RI_Y               0.664      0.025     26.219      0.000
    CX1                0.000      0.000    999.000    999.000
    CY1                0.000      0.000    999.000    999.000

 RI_Y     WITH
    CX1                0.000      0.000    999.000    999.000
    CY1                0.000      0.000    999.000    999.000

 Intercepts
    MARCHW01           1.734      0.028     61.804      0.000
    MARCHW02           1.886      0.032     58.116      0.000
    MARCHW03           1.994      0.035     56.926      0.000
    MARCHW04           1.592      0.031     51.222      0.000
    MARCHW05           1.778      0.039     45.844      0.000
    REDESW01           1.464      0.026     56.739      0.000
    REDESW02           1.473      0.028     52.926      0.000
    REDESW03           1.503      0.029     51.852      0.000
    REDESW04           1.502      0.029     51.923      0.000
    REDESW05           1.523      0.032     48.058      0.000

 Variances
    RI_X               1.000      0.000    999.000    999.000
    RI_Y               1.000      0.000    999.000    999.000
    CX1                1.000      0.000    999.000    999.000
    CY1                1.000      0.000    999.000    999.000

 Residual Variances
    MARCHW01           0.000    999.000    999.000    999.000
    MARCHW02           0.000    999.000    999.000    999.000
    MARCHW03           0.000    999.000    999.000    999.000
    MARCHW04           0.000    999.000    999.000    999.000
    MARCHW05           0.000    999.000    999.000    999.000
    REDESW01           0.000    999.000    999.000    999.000
    REDESW02           0.000    999.000    999.000    999.000
    REDESW03           0.000    999.000    999.000    999.000
    REDESW04           0.000    999.000    999.000    999.000
    REDESW05           0.000    999.000    999.000    999.000
    CX2                0.973      0.009    108.149      0.000
    CX3                0.977      0.010     96.997      0.000
    CX4                0.963      0.012     83.163      0.000
    CX5                0.914      0.015     59.571      0.000
    CY2                1.000      0.000   3321.741      0.000
    CY3                0.985      0.009    114.881      0.000
    CY4                0.962      0.011     84.666      0.000
    CY5                0.874      0.018     49.627      0.000


R-SQUARE

    Observed                                        Two-Tailed
    Variable        Estimate       S.E.  Est./S.E.    P-Value

    MARCHW01           1.000    999.000    999.000    999.000
    MARCHW02           1.000    999.000    999.000    999.000
    MARCHW03           1.000    999.000    999.000    999.000
    MARCHW04           1.000    999.000    999.000    999.000
    MARCHW05           1.000    999.000    999.000    999.000
    REDESW01           1.000    999.000    999.000    999.000
    REDESW02           1.000    999.000    999.000    999.000
    REDESW03           1.000    999.000    999.000    999.000
    REDESW04           1.000    999.000    999.000    999.000
    REDESW05           1.000    999.000    999.000    999.000

     Latent                                         Two-Tailed
    Variable        Estimate       S.E.  Est./S.E.    P-Value

    CX2                0.027      0.009      3.052      0.002
    CX3                0.023      0.010      2.248      0.025
    CX4                0.037      0.012      3.167      0.002
    CX5                0.086      0.015      5.613      0.000
    CY2                0.000      0.000      0.098      0.922
    CY3                0.015      0.009      1.767      0.077
    CY4                0.038      0.011      3.378      0.001
    CY5                0.126      0.018      7.149      0.000


QUALITY OF NUMERICAL RESULTS

     Condition Number for the Information Matrix              0.287E-02
       (ratio of smallest to largest eigenvalue)


CONFIDENCE INTERVALS OF MODEL RESULTS

                  Lower .5%  Lower 2.5%    Lower 5%    Estimate    Upper 5%  Upper 2.5%   Upper .5%

 RI_X     BY
    MARCHW01         1.000       1.000       1.000       1.000       1.000       1.000       1.000
    MARCHW02         1.000       1.000       1.000       1.000       1.000       1.000       1.000
    MARCHW03         1.000       1.000       1.000       1.000       1.000       1.000       1.000
    MARCHW04         1.000       1.000       1.000       1.000       1.000       1.000       1.000
    MARCHW05         1.000       1.000       1.000       1.000       1.000       1.000       1.000

 RI_Y     BY
    REDESW01         1.000       1.000       1.000       1.000       1.000       1.000       1.000
    REDESW02         1.000       1.000       1.000       1.000       1.000       1.000       1.000
    REDESW03         1.000       1.000       1.000       1.000       1.000       1.000       1.000
    REDESW04         1.000       1.000       1.000       1.000       1.000       1.000       1.000
    REDESW05         1.000       1.000       1.000       1.000       1.000       1.000       1.000

 CX1      BY
    MARCHW01         1.000       1.000       1.000       1.000       1.000       1.000       1.000

 CX2      BY
    MARCHW02         1.000       1.000       1.000       1.000       1.000       1.000       1.000

 CX3      BY
    MARCHW03         1.000       1.000       1.000       1.000       1.000       1.000       1.000

 CX4      BY
    MARCHW04         1.000       1.000       1.000       1.000       1.000       1.000       1.000

 CX5      BY
    MARCHW05         1.000       1.000       1.000       1.000       1.000       1.000       1.000

 CY1      BY
    REDESW01         1.000       1.000       1.000       1.000       1.000       1.000       1.000

 CY2      BY
    REDESW02         1.000       1.000       1.000       1.000       1.000       1.000       1.000

 CY3      BY
    REDESW03         1.000       1.000       1.000       1.000       1.000       1.000       1.000

 CY4      BY
    REDESW04         1.000       1.000       1.000       1.000       1.000       1.000       1.000

 CY5      BY
    REDESW05         1.000       1.000       1.000       1.000       1.000       1.000       1.000

 CX2      ON
    CX1              0.078       0.092       0.099       0.138       0.176       0.183       0.197
    CY1             -0.065      -0.055      -0.050      -0.023       0.004       0.009       0.019

 CX3      ON
    CX2              0.057       0.077       0.086       0.138       0.189       0.199       0.218
    CY2             -0.073      -0.061      -0.055      -0.024       0.007       0.013       0.024

 CX4      ON
    CX3              0.100       0.134       0.151       0.241       0.331       0.349       0.382
    CY3              0.054       0.073       0.083       0.134       0.184       0.194       0.213

 CX5      ON
    CX4              0.128       0.140       0.145       0.175       0.205       0.210       0.221
    CY4             -0.013      -0.003       0.002       0.029       0.056       0.061       0.071

 CY2      ON
    CX1             -0.084      -0.062      -0.051       0.007       0.065       0.076       0.098
    CY1             -0.073      -0.056      -0.047      -0.002       0.044       0.053       0.070

 CY3      ON
    CX2             -0.010       0.019       0.034       0.113       0.191       0.206       0.235
    CY2             -0.011       0.010       0.020       0.075       0.130       0.140       0.160

 CY4      ON
    CX3             -0.153      -0.115      -0.095       0.006       0.107       0.126       0.164
    CY3              0.156       0.179       0.191       0.252       0.314       0.326       0.349

 CY5      ON
    CX4              0.024       0.041       0.050       0.097       0.144       0.153       0.171
    CY4              0.229       0.245       0.254       0.297       0.340       0.348       0.364

 CX1      WITH
    CY1              0.123       0.132       0.137       0.162       0.188       0.193       0.202

 CX2      WITH
    CY2              0.076       0.084       0.088       0.111       0.134       0.138       0.146

 CX3      WITH
    CY3              0.034       0.041       0.044       0.062       0.080       0.084       0.091

 CX4      WITH
    CY4              0.190       0.203       0.209       0.244       0.278       0.284       0.297

 CX5      WITH
    CY5             -0.011      -0.003       0.001       0.022       0.043       0.047       0.055

 RI_X     WITH
    RI_Y             0.154       0.161       0.164       0.183       0.201       0.205       0.211
    CX1              0.000       0.000       0.000       0.000       0.000       0.000       0.000
    CY1              0.000       0.000       0.000       0.000       0.000       0.000       0.000

 RI_Y     WITH
    CX1              0.000       0.000       0.000       0.000       0.000       0.000       0.000
    CY1              0.000       0.000       0.000       0.000       0.000       0.000       0.000

 Intercepts
    MARCHW01         1.277       1.286       1.290       1.313       1.336       1.341       1.349
    MARCHW02         1.185       1.192       1.196       1.217       1.238       1.243       1.250
    MARCHW03         1.157       1.165       1.168       1.189       1.209       1.213       1.220
    MARCHW04         1.449       1.462       1.468       1.501       1.534       1.540       1.552
    MARCHW05         1.149       1.159       1.163       1.189       1.214       1.219       1.228
    REDESW01         1.658       1.671       1.678       1.714       1.749       1.756       1.770
    REDESW02         1.553       1.566       1.573       1.609       1.644       1.651       1.664
    REDESW03         1.550       1.564       1.571       1.607       1.642       1.649       1.663
    REDESW04         1.798       1.814       1.822       1.865       1.907       1.916       1.932
    REDESW05         1.747       1.763       1.772       1.815       1.859       1.868       1.884

 Variances
    RI_X             0.116       0.122       0.124       0.139       0.153       0.156       0.161
    RI_Y             0.485       0.500       0.507       0.546       0.584       0.592       0.606
    CX1              0.397       0.406       0.410       0.435       0.459       0.463       0.472
    CY1              0.747       0.766       0.775       0.824       0.873       0.883       0.901

 Residual Variances
    MARCHW01         0.000       0.000       0.000       0.000       0.000       0.000       0.000
    MARCHW02         0.000       0.000       0.000       0.000       0.000       0.000       0.000
    MARCHW03         0.000       0.000       0.000       0.000       0.000       0.000       0.000
    MARCHW04         0.000       0.000       0.000       0.000       0.000       0.000       0.000
    MARCHW05         0.000       0.000       0.000       0.000       0.000       0.000       0.000
    REDESW01         0.000       0.000       0.000       0.000       0.000       0.000       0.000
    REDESW02         0.000       0.000       0.000       0.000       0.000       0.000       0.000
    REDESW03         0.000       0.000       0.000       0.000       0.000       0.000       0.000
    REDESW04         0.000       0.000       0.000       0.000       0.000       0.000       0.000
    REDESW05         0.000       0.000       0.000       0.000       0.000       0.000       0.000
    CX2              0.242       0.249       0.253       0.270       0.288       0.292       0.298
    CX3              0.188       0.194       0.197       0.212       0.227       0.230       0.235
    CX4              0.662       0.676       0.684       0.723       0.762       0.769       0.784
    CX5              0.253       0.259       0.263       0.282       0.300       0.304       0.311
    CY2              0.569       0.588       0.597       0.647       0.697       0.706       0.725
    CY3              0.523       0.538       0.546       0.587       0.628       0.636       0.652
    CY4              0.872       0.892       0.903       0.958       1.013       1.023       1.044
    CY5              0.690       0.708       0.717       0.765       0.812       0.821       0.839


CONFIDENCE INTERVALS OF STANDARDIZED MODEL RESULTS


STDYX Standardization

                  Lower .5%  Lower 2.5%    Lower 5%    Estimate    Upper 5%  Upper 2.5%   Upper .5%

 RI_X     BY
    MARCHW01         0.452       0.462       0.467       0.492       0.517       0.522       0.531
    MARCHW02         0.531       0.542       0.548       0.577       0.606       0.612       0.623
    MARCHW03         0.578       0.589       0.595       0.625       0.655       0.660       0.671
    MARCHW04         0.360       0.368       0.373       0.395       0.418       0.422       0.430
    MARCHW05         0.520       0.529       0.533       0.557       0.581       0.586       0.595

 RI_Y     BY
    REDESW01         0.601       0.608       0.612       0.631       0.650       0.654       0.661
    REDESW02         0.642       0.650       0.655       0.676       0.698       0.703       0.711
    REDESW03         0.659       0.667       0.671       0.691       0.712       0.716       0.724
    REDESW04         0.564       0.572       0.575       0.595       0.614       0.618       0.626
    REDESW05         0.590       0.597       0.601       0.620       0.639       0.643       0.650

 CX1      BY
    MARCHW01         0.848       0.854       0.856       0.871       0.885       0.888       0.893

 CX2      BY
    MARCHW02         0.785       0.792       0.796       0.817       0.837       0.841       0.849

 CX3      BY
    MARCHW03         0.743       0.752       0.757       0.781       0.805       0.809       0.818

 CX4      BY
    MARCHW04         0.904       0.907       0.909       0.919       0.928       0.930       0.934

 CX5      BY
    MARCHW05         0.805       0.811       0.814       0.830       0.846       0.849       0.855

 CY1      BY
    REDESW01         0.751       0.757       0.760       0.776       0.791       0.794       0.800

 CY2      BY
    REDESW02         0.705       0.713       0.716       0.737       0.757       0.760       0.768

 CY3      BY
    REDESW03         0.692       0.699       0.703       0.723       0.742       0.746       0.754

 CY4      BY
    REDESW04         0.781       0.787       0.789       0.804       0.818       0.821       0.826

 CY5      BY
    REDESW05         0.761       0.767       0.770       0.785       0.800       0.803       0.809

 CX2      ON
    CX1              0.100       0.117       0.126       0.172       0.218       0.227       0.244
    CY1             -0.111      -0.094      -0.085      -0.040       0.006       0.015       0.032

 CX3      ON
    CX2              0.066       0.088       0.099       0.156       0.213       0.224       0.246
    CY2             -0.126      -0.106      -0.095      -0.042       0.011       0.021       0.041

 CX4      ON
    CX3              0.053       0.072       0.081       0.130       0.178       0.188       0.206
    CY3              0.048       0.065       0.074       0.119       0.164       0.173       0.190

 CX5      ON
    CX4              0.201       0.218       0.227       0.273       0.319       0.327       0.345
    CY4             -0.024      -0.005       0.004       0.052       0.101       0.110       0.128

 CY2      ON
    CX1             -0.069      -0.051      -0.042       0.006       0.053       0.062       0.080
    CY1             -0.083      -0.063      -0.053      -0.002       0.050       0.060       0.079

 CY3      ON
    CX2             -0.008       0.013       0.023       0.077       0.131       0.141       0.161
    CY2             -0.011       0.010       0.021       0.078       0.135       0.146       0.167

 CY4      ON
    CX3             -0.071      -0.054      -0.044       0.003       0.050       0.059       0.077
    CY3              0.121       0.139       0.148       0.195       0.243       0.252       0.270

 CY5      ON
    CX4              0.022       0.038       0.046       0.090       0.133       0.142       0.158
    CY4              0.248       0.264       0.273       0.316       0.360       0.369       0.385

 CX1      WITH
    CY1              0.214       0.228       0.235       0.271       0.308       0.315       0.329

 CX2      WITH
    CY2              0.194       0.211       0.220       0.265       0.311       0.320       0.337

 CX3      WITH
    CY3              0.101       0.119       0.128       0.176       0.224       0.233       0.251

 CX4      WITH
    CY4              0.236       0.250       0.257       0.293       0.329       0.336       0.349

 CX5      WITH
    CY5             -0.024      -0.007       0.002       0.047       0.092       0.101       0.118

 RI_X     WITH
    RI_Y             0.599       0.614       0.622       0.664       0.705       0.713       0.729
    CX1              0.000       0.000       0.000       0.000       0.000       0.000       0.000
    CY1              0.000       0.000       0.000       0.000       0.000       0.000       0.000

 RI_Y     WITH
    CX1              0.000       0.000       0.000       0.000       0.000       0.000       0.000
    CY1              0.000       0.000       0.000       0.000       0.000       0.000       0.000

 Intercepts
    MARCHW01         1.662       1.679       1.688       1.734       1.780       1.789       1.807
    MARCHW02         1.802       1.822       1.832       1.886       1.939       1.949       1.969
    MARCHW03         1.904       1.925       1.936       1.994       2.051       2.062       2.084
    MARCHW04         1.512       1.531       1.541       1.592       1.643       1.653       1.672
    MARCHW05         1.678       1.702       1.714       1.778       1.842       1.854       1.878
    REDESW01         1.398       1.414       1.422       1.464       1.507       1.515       1.531
    REDESW02         1.401       1.419       1.427       1.473       1.519       1.528       1.545
    REDESW03         1.429       1.447       1.456       1.503       1.551       1.560       1.578
    REDESW04         1.428       1.445       1.454       1.502       1.550       1.559       1.577
    REDESW05         1.441       1.461       1.471       1.523       1.575       1.585       1.605

 Variances
    RI_X             1.000       1.000       1.000       1.000       1.000       1.000       1.000
    RI_Y             1.000       1.000       1.000       1.000       1.000       1.000       1.000
    CX1              1.000       1.000       1.000       1.000       1.000       1.000       1.000
    CY1              1.000       1.000       1.000       1.000       1.000       1.000       1.000

 Residual Variances
    MARCHW01       999.000     999.000     999.000       0.000     999.000     999.000     999.000
    MARCHW02       999.000     999.000     999.000       0.000     999.000     999.000     999.000
    MARCHW03       999.000     999.000     999.000       0.000     999.000     999.000     999.000
    MARCHW04       999.000     999.000     999.000       0.000     999.000     999.000     999.000
    MARCHW05       999.000     999.000     999.000       0.000     999.000     999.000     999.000
    REDESW01       999.000     999.000     999.000       0.000     999.000     999.000     999.000
    REDESW02       999.000     999.000     999.000       0.000     999.000     999.000     999.000
    REDESW03       999.000     999.000     999.000       0.000     999.000     999.000     999.000
    REDESW04       999.000     999.000     999.000       0.000     999.000     999.000     999.000
    REDESW05       999.000     999.000     999.000       0.000     999.000     999.000     999.000
    CX2              0.949       0.955       0.958       0.973       0.987       0.990       0.996
    CX3              0.951       0.958       0.961       0.977       0.994       0.997       1.003
    CX4              0.933       0.941       0.944       0.963       0.982       0.986       0.993
    CX5              0.874       0.884       0.889       0.914       0.939       0.944       0.953
    CY2              0.999       0.999       0.999       1.000       1.000       1.001       1.001
    CY3              0.963       0.968       0.971       0.985       0.999       1.002       1.007
    CY4              0.932       0.939       0.943       0.962       0.980       0.984       0.991
    CY5              0.829       0.840       0.845       0.874       0.903       0.909       0.919


MODEL MODIFICATION INDICES

NOTE:  Modification indices for direct effects of observed dependent variables
regressed on covariates may not be included.  To include these, request
MODINDICES (ALL).

Minimum M.I. value for printing the modification index    10.000

                            M.I.     E.P.C.  Std E.P.C.  StdYX E.P.C.

BY Statements

RI_X     BY MARCHW01       32.290     0.324      0.121        0.159
RI_X     BY MARCHW04      143.272     0.853      0.318        0.337
RI_X     BY MARCHW05      155.801    -0.768     -0.286       -0.428
RI_Y     BY MARCHW01       16.681     0.102      0.076        0.100
RI_Y     BY MARCHW04      102.129     0.319      0.235        0.250
RI_Y     BY MARCHW05       92.761    -0.242     -0.178       -0.267
CX1      BY MARCHW02       28.420    -0.790     -0.521       -0.807
CX1      BY MARCHW04       42.577     0.191      0.126        0.134
CX2      BY MARCHW03       18.480    -0.743     -0.392       -0.657
CX2      BY MARCHW04       24.840     0.195      0.103        0.109
CX2      BY MARCHW05       31.895    -0.190     -0.100       -0.150
CX2      BY REDESW03       11.943    -0.673     -0.355       -0.332
CX3      BY MARCHW01       24.983     0.195      0.091        0.120
CX3      BY MARCHW02       24.885    -0.920     -0.428       -0.663
CX3      BY MARCHW04       17.833     0.930      0.433        0.459
CX3      BY MARCHW05       21.551    -0.184     -0.085       -0.128
CX3      BY REDESW02       24.856     6.048      2.815        2.578
CX4      BY MARCHW01       31.314     0.098      0.085        0.112
CX4      BY MARCHW03       10.128    -0.312     -0.270       -0.453
CX4      BY REDESW03       27.879    -1.161     -1.005       -0.941
CX5      BY MARCHW03       10.256    -0.087     -0.048       -0.081
CX5      BY MARCHW04       36.065     1.982      1.100        1.167
CX5      BY REDESW03       13.306    -0.155     -0.086       -0.080
CX5      BY REDESW04       14.425     1.261      0.700        0.564
CY1      BY MARCHW04       17.225     0.094      0.086        0.091
CY2      BY MARCHW03       11.882    -0.400     -0.322       -0.540
CY2      BY MARCHW04       16.887     0.110      0.088        0.094
CY2      BY MARCHW05       12.869    -0.076     -0.061       -0.092
CY2      BY REDESW03       12.923    -0.488     -0.392       -0.367
CY3      BY MARCHW04       19.332     0.544      0.420        0.445
CY3      BY MARCHW05       22.506    -0.104     -0.081       -0.121

ON/BY Statements

RI_X     ON CX1      /
CX1      BY RI_X           24.038     0.103      0.182        0.182
RI_X     ON CX4      /
CX4      BY RI_X           53.001     0.115      0.268        0.268
RI_X     ON CX5      /
CX5      BY RI_X           40.328    -0.225     -0.335       -0.335
RI_X     ON CY5      /
CY5      BY RI_X           13.107     0.053      0.132        0.132
RI_Y     ON CX4      /
CX4      BY RI_Y           22.863     0.114      0.134        0.134
RI_Y     ON CY4      /
CY4      BY RI_Y           12.293     0.086      0.117        0.117
CX1      ON RI_X     /
RI_X     BY CX1            34.303     0.359      0.203        0.203
CX1      ON RI_Y     /
RI_Y     BY CX1            18.538     0.114      0.128        0.128
CX1      ON CX3      /
CX3      BY CX1            24.985     0.201      0.142        0.142
CX1      ON CX4      /
CX4      BY CX1            39.969     0.116      0.153        0.153
CX2      ON CX3      /
CX3      BY CX2            24.889    -0.920     -0.812       -0.812
CX3      ON CX1      /
CX1      BY CX3            18.358     0.086      0.122        0.122
CX3      ON CX4      /
CX4      BY CX3            10.132    -0.312     -0.581       -0.581
CX4      ON RI_X     /
RI_X     BY CX4           107.485     0.798      0.343        0.343
CX4      ON RI_Y     /
RI_Y     BY CX4            72.076     0.283      0.242        0.242
CX4      ON CX1      /
CX1      BY CX4            39.702     0.194      0.148        0.148
CX4      ON CX2      /
CX2      BY CX4            18.147     0.177      0.108        0.108
CX4      ON CX5      /
CX5      BY CX4            36.080     1.982      1.271        1.271
CX4      ON CY1      /
CY1      BY CX4            18.284     0.101      0.106        0.106
CX4      ON CY2      /
CY2      BY CX4            11.575     0.095      0.088        0.088
CX5      ON RI_X     /
RI_X     BY CX5           155.801    -0.768     -0.515       -0.515
CX5      ON RI_Y     /
RI_Y     BY CX5            92.761    -0.242     -0.322       -0.322
CX5      ON CX2      /
CX2      BY CX5            31.895    -0.190     -0.181       -0.181
CX5      ON CX3      /
CX3      BY CX5            21.551    -0.184     -0.154       -0.154
CX5      ON CY2      /
CY2      BY CX5            12.869    -0.076     -0.110       -0.110
CX5      ON CY3      /
CY3      BY CX5            22.506    -0.104     -0.145       -0.145
CY2      ON CX3      /
CX3      BY CY2            24.859     6.048      3.500        3.500
CY3      ON CX4      /
CX4      BY CY3            27.881    -1.161     -1.302       -1.302
CY3      ON CX5      /
CX5      BY CY3            12.690    -0.157     -0.113       -0.113
CY4      ON CX5      /
CX5      BY CY4            14.422     1.261      0.702        0.702

WITH Statements

MARCHW02 WITH MARCHW01     29.459    -0.315     -0.315      999.000
MARCHW03 WITH MARCHW01     13.120     0.028      0.028      999.000
MARCHW03 WITH MARCHW02     28.111    -0.159     -0.159      999.000
MARCHW04 WITH MARCHW01     23.689     0.056      0.056      999.000
MARCHW05 WITH MARCHW02     10.351    -0.026     -0.026      999.000
MARCHW05 WITH MARCHW04     36.303     0.557      0.557      999.000
REDESW03 WITH MARCHW03     15.296     1.082      1.082      999.000
REDESW03 WITH MARCHW05     12.012    -0.041     -0.041      999.000
REDESW04 WITH MARCHW05     14.534     0.355      0.355      999.000
CX1      WITH RI_X         22.657     0.043      0.173        0.173
CX3      WITH CX1          20.443     0.037      0.123        0.123
CX3      WITH CX2          20.279    -0.170     -0.712       -0.712
CX4      WITH RI_X         47.819     0.075      0.237        0.237
CX4      WITH RI_Y         17.938     0.071      0.113        0.113
CX4      WITH CX1          28.442     0.068      0.121        0.121
CX5      WITH RI_X         70.839    -0.074     -0.374       -0.374
CX5      WITH RI_Y         22.201    -0.058     -0.148       -0.148
CX5      WITH CX2          16.853    -0.034     -0.125       -0.125
CX5      WITH CX4          36.320     0.557      1.235        1.235
CY2      WITH CX3          20.223     1.120      3.025        3.025
CY3      WITH CX4          21.608    -0.706     -1.085       -1.085
CY3      WITH CX5          11.370    -0.042     -0.103       -0.103
CY4      WITH CX5          14.530     0.355      0.684        0.684

Variances/Residual Variances

MARCHW02                   29.549     1.494      1.494        3.585
MARCHW04                   31.065    -2.899     -2.899       -3.261
REDESW03                   20.204     3.328      3.328        2.915


TECHNICAL 1 OUTPUT


     PARAMETER SPECIFICATION


           NU
              MARCHW01      MARCHW02      MARCHW03      MARCHW04      MARCHW05
              ________      ________      ________      ________      ________
      1           1             2             3             4             5


           NU
              REDESW01      REDESW02      REDESW03      REDESW04      REDESW05
              ________      ________      ________      ________      ________
      1           6             7             8             9            10


           LAMBDA
              RI_X          RI_Y          CX1           CX2           CX3
              ________      ________      ________      ________      ________
 MARCHW01           0             0             0             0             0
 MARCHW02           0             0             0             0             0
 MARCHW03           0             0             0             0             0
 MARCHW04           0             0             0             0             0
 MARCHW05           0             0             0             0             0
 REDESW01           0             0             0             0             0
 REDESW02           0             0             0             0             0
 REDESW03           0             0             0             0             0
 REDESW04           0             0             0             0             0
 REDESW05           0             0             0             0             0


           LAMBDA
              CX4           CX5           CY1           CY2           CY3
              ________      ________      ________      ________      ________
 MARCHW01           0             0             0             0             0
 MARCHW02           0             0             0             0             0
 MARCHW03           0             0             0             0             0
 MARCHW04           0             0             0             0             0
 MARCHW05           0             0             0             0             0
 REDESW01           0             0             0             0             0
 REDESW02           0             0             0             0             0
 REDESW03           0             0             0             0             0
 REDESW04           0             0             0             0             0
 REDESW05           0             0             0             0             0


           LAMBDA
              CY4           CY5
              ________      ________
 MARCHW01           0             0
 MARCHW02           0             0
 MARCHW03           0             0
 MARCHW04           0             0
 MARCHW05           0             0
 REDESW01           0             0
 REDESW02           0             0
 REDESW03           0             0
 REDESW04           0             0
 REDESW05           0             0


           THETA
              MARCHW01      MARCHW02      MARCHW03      MARCHW04      MARCHW05
              ________      ________      ________      ________      ________
 MARCHW01           0
 MARCHW02           0             0
 MARCHW03           0             0             0
 MARCHW04           0             0             0             0
 MARCHW05           0             0             0             0             0
 REDESW01           0             0             0             0             0
 REDESW02           0             0             0             0             0
 REDESW03           0             0             0             0             0
 REDESW04           0             0             0             0             0
 REDESW05           0             0             0             0             0


           THETA
              REDESW01      REDESW02      REDESW03      REDESW04      REDESW05
              ________      ________      ________      ________      ________
 REDESW01           0
 REDESW02           0             0
 REDESW03           0             0             0
 REDESW04           0             0             0             0
 REDESW05           0             0             0             0             0


           ALPHA
              RI_X          RI_Y          CX1           CX2           CX3
              ________      ________      ________      ________      ________
      1           0             0             0             0             0


           ALPHA
              CX4           CX5           CY1           CY2           CY3
              ________      ________      ________      ________      ________
      1           0             0             0             0             0


           ALPHA
              CY4           CY5
              ________      ________
      1           0             0


           BETA
              RI_X          RI_Y          CX1           CX2           CX3
              ________      ________      ________      ________      ________
 RI_X               0             0             0             0             0
 RI_Y               0             0             0             0             0
 CX1                0             0             0             0             0
 CX2                0             0            11             0             0
 CX3                0             0             0            13             0
 CX4                0             0             0             0            15
 CX5                0             0             0             0             0
 CY1                0             0             0             0             0
 CY2                0             0            19             0             0
 CY3                0             0             0            21             0
 CY4                0             0             0             0            23
 CY5                0             0             0             0             0


           BETA
              CX4           CX5           CY1           CY2           CY3
              ________      ________      ________      ________      ________
 RI_X               0             0             0             0             0
 RI_Y               0             0             0             0             0
 CX1                0             0             0             0             0
 CX2                0             0            12             0             0
 CX3                0             0             0            14             0
 CX4                0             0             0             0            16
 CX5               17             0             0             0             0
 CY1                0             0             0             0             0
 CY2                0             0            20             0             0
 CY3                0             0             0            22             0
 CY4                0             0             0             0            24
 CY5               25             0             0             0             0


           BETA
              CY4           CY5
              ________      ________
 RI_X               0             0
 RI_Y               0             0
 CX1                0             0
 CX2                0             0
 CX3                0             0
 CX4                0             0
 CX5               18             0
 CY1                0             0
 CY2                0             0
 CY3                0             0
 CY4                0             0
 CY5               26             0


           PSI
              RI_X          RI_Y          CX1           CX2           CX3
              ________      ________      ________      ________      ________
 RI_X              27
 RI_Y              28            29
 CX1                0             0            30
 CX2                0             0             0            31
 CX3                0             0             0             0            32
 CX4                0             0             0             0             0
 CX5                0             0             0             0             0
 CY1                0             0            35             0             0
 CY2                0             0             0            37             0
 CY3                0             0             0             0            39
 CY4                0             0             0             0             0
 CY5                0             0             0             0             0


           PSI
              CX4           CX5           CY1           CY2           CY3
              ________      ________      ________      ________      ________
 CX4               33
 CX5                0            34
 CY1                0             0            36
 CY2                0             0             0            38
 CY3                0             0             0             0            40
 CY4               41             0             0             0             0
 CY5                0            43             0             0             0


           PSI
              CY4           CY5
              ________      ________
 CY4               42
 CY5                0            44


     STARTING VALUES


           NU
              MARCHW01      MARCHW02      MARCHW03      MARCHW04      MARCHW05
              ________      ________      ________      ________      ________
      1         1.313         1.215         1.184         1.499         1.203


           NU
              REDESW01      REDESW02      REDESW03      REDESW04      REDESW05
              ________      ________      ________      ________      ________
      1         1.714         1.605         1.593         1.859         1.837


           LAMBDA
              RI_X          RI_Y          CX1           CX2           CX3
              ________      ________      ________      ________      ________
 MARCHW01       1.000         0.000         1.000         0.000         0.000
 MARCHW02       1.000         0.000         0.000         1.000         0.000
 MARCHW03       1.000         0.000         0.000         0.000         1.000
 MARCHW04       1.000         0.000         0.000         0.000         0.000
 MARCHW05       1.000         0.000         0.000         0.000         0.000
 REDESW01       0.000         1.000         0.000         0.000         0.000
 REDESW02       0.000         1.000         0.000         0.000         0.000
 REDESW03       0.000         1.000         0.000         0.000         0.000
 REDESW04       0.000         1.000         0.000         0.000         0.000
 REDESW05       0.000         1.000         0.000         0.000         0.000


           LAMBDA
              CX4           CX5           CY1           CY2           CY3
              ________      ________      ________      ________      ________
 MARCHW01       0.000         0.000         0.000         0.000         0.000
 MARCHW02       0.000         0.000         0.000         0.000         0.000
 MARCHW03       0.000         0.000         0.000         0.000         0.000
 MARCHW04       1.000         0.000         0.000         0.000         0.000
 MARCHW05       0.000         1.000         0.000         0.000         0.000
 REDESW01       0.000         0.000         1.000         0.000         0.000
 REDESW02       0.000         0.000         0.000         1.000         0.000
 REDESW03       0.000         0.000         0.000         0.000         1.000
 REDESW04       0.000         0.000         0.000         0.000         0.000
 REDESW05       0.000         0.000         0.000         0.000         0.000


           LAMBDA
              CY4           CY5
              ________      ________
 MARCHW01       0.000         0.000
 MARCHW02       0.000         0.000
 MARCHW03       0.000         0.000
 MARCHW04       0.000         0.000
 MARCHW05       0.000         0.000
 REDESW01       0.000         0.000
 REDESW02       0.000         0.000
 REDESW03       0.000         0.000
 REDESW04       1.000         0.000
 REDESW05       0.000         1.000


           THETA
              MARCHW01      MARCHW02      MARCHW03      MARCHW04      MARCHW05
              ________      ________      ________      ________      ________
 MARCHW01       0.000
 MARCHW02       0.000         0.000
 MARCHW03       0.000         0.000         0.000
 MARCHW04       0.000         0.000         0.000         0.000
 MARCHW05       0.000         0.000         0.000         0.000         0.000
 REDESW01       0.000         0.000         0.000         0.000         0.000
 REDESW02       0.000         0.000         0.000         0.000         0.000
 REDESW03       0.000         0.000         0.000         0.000         0.000
 REDESW04       0.000         0.000         0.000         0.000         0.000
 REDESW05       0.000         0.000         0.000         0.000         0.000


           THETA
              REDESW01      REDESW02      REDESW03      REDESW04      REDESW05
              ________      ________      ________      ________      ________
 REDESW01       0.000
 REDESW02       0.000         0.000
 REDESW03       0.000         0.000         0.000
 REDESW04       0.000         0.000         0.000         0.000
 REDESW05       0.000         0.000         0.000         0.000         0.000


           ALPHA
              RI_X          RI_Y          CX1           CX2           CX3
              ________      ________      ________      ________      ________
      1         0.000         0.000         0.000         0.000         0.000


           ALPHA
              CX4           CX5           CY1           CY2           CY3
              ________      ________      ________      ________      ________
      1         0.000         0.000         0.000         0.000         0.000


           ALPHA
              CY4           CY5
              ________      ________
      1         0.000         0.000


           BETA
              RI_X          RI_Y          CX1           CX2           CX3
              ________      ________      ________      ________      ________
 RI_X           0.000         0.000         0.000         0.000         0.000
 RI_Y           0.000         0.000         0.000         0.000         0.000
 CX1            0.000         0.000         0.000         0.000         0.000
 CX2            0.000         0.000         0.000         0.000         0.000
 CX3            0.000         0.000         0.000         0.000         0.000
 CX4            0.000         0.000         0.000         0.000         0.000
 CX5            0.000         0.000         0.000         0.000         0.000
 CY1            0.000         0.000         0.000         0.000         0.000
 CY2            0.000         0.000         0.000         0.000         0.000
 CY3            0.000         0.000         0.000         0.000         0.000
 CY4            0.000         0.000         0.000         0.000         0.000
 CY5            0.000         0.000         0.000         0.000         0.000


           BETA
              CX4           CX5           CY1           CY2           CY3
              ________      ________      ________      ________      ________
 RI_X           0.000         0.000         0.000         0.000         0.000
 RI_Y           0.000         0.000         0.000         0.000         0.000
 CX1            0.000         0.000         0.000         0.000         0.000
 CX2            0.000         0.000         0.000         0.000         0.000
 CX3            0.000         0.000         0.000         0.000         0.000
 CX4            0.000         0.000         0.000         0.000         0.000
 CX5            0.000         0.000         0.000         0.000         0.000
 CY1            0.000         0.000         0.000         0.000         0.000
 CY2            0.000         0.000         0.000         0.000         0.000
 CY3            0.000         0.000         0.000         0.000         0.000
 CY4            0.000         0.000         0.000         0.000         0.000
 CY5            0.000         0.000         0.000         0.000         0.000


           BETA
              CY4           CY5
              ________      ________
 RI_X           0.000         0.000
 RI_Y           0.000         0.000
 CX1            0.000         0.000
 CX2            0.000         0.000
 CX3            0.000         0.000
 CX4            0.000         0.000
 CX5            0.000         0.000
 CY1            0.000         0.000
 CY2            0.000         0.000
 CY3            0.000         0.000
 CY4            0.000         0.000
 CY5            0.000         0.000


           PSI
              RI_X          RI_Y          CX1           CX2           CX3
              ________      ________      ________      ________      ________
 RI_X           0.050
 RI_Y           0.000         0.050
 CX1            0.000         0.000         0.050
 CX2            0.000         0.000         0.000         0.050
 CX3            0.000         0.000         0.000         0.000         0.050
 CX4            0.000         0.000         0.000         0.000         0.000
 CX5            0.000         0.000         0.000         0.000         0.000
 CY1            0.000         0.000         0.000         0.000         0.000
 CY2            0.000         0.000         0.000         0.000         0.000
 CY3            0.000         0.000         0.000         0.000         0.000
 CY4            0.000         0.000         0.000         0.000         0.000
 CY5            0.000         0.000         0.000         0.000         0.000


           PSI
              CX4           CX5           CY1           CY2           CY3
              ________      ________      ________      ________      ________
 CX4            0.050
 CX5            0.000         0.050
 CY1            0.000         0.000         0.050
 CY2            0.000         0.000         0.000         0.050
 CY3            0.000         0.000         0.000         0.000         0.050
 CY4            0.000         0.000         0.000         0.000         0.000
 CY5            0.000         0.000         0.000         0.000         0.000


           PSI
              CY4           CY5
              ________      ________
 CY4            0.050
 CY5            0.000         0.050


TECHNICAL 4 OUTPUT


     ESTIMATES DERIVED FROM THE MODEL


           ESTIMATED MEANS FOR THE LATENT VARIABLES
              RI_X          RI_Y          CX1           CX2           CX3
              ________      ________      ________      ________      ________
      1         0.000         0.000         0.000         0.000         0.000


           ESTIMATED MEANS FOR THE LATENT VARIABLES
              CX4           CX5           CY1           CY2           CY3
              ________      ________      ________      ________      ________
      1         0.000         0.000         0.000         0.000         0.000


           ESTIMATED MEANS FOR THE LATENT VARIABLES
              CY4           CY5
              ________      ________
      1         0.000         0.000


           ESTIMATED COVARIANCE MATRIX FOR THE LATENT VARIABLES
              RI_X          RI_Y          CX1           CX2           CX3
              ________      ________      ________      ________      ________
 RI_X           0.139
 RI_Y           0.183         0.546
 CX1            0.000         0.000         0.435
 CX2            0.000         0.000         0.056         0.278
 CX3            0.000         0.000         0.008         0.036         0.217
 CX4            0.000         0.000         0.003         0.014         0.061
 CX5            0.000         0.000         0.001         0.003         0.011
 CY1            0.000         0.000         0.162         0.003         0.000
 CY2            0.000         0.000         0.003         0.111         0.000
 CY3            0.000         0.000         0.007         0.040         0.066
 CY4            0.000         0.000         0.002         0.010         0.018
 CY5            0.000         0.000         0.001         0.004         0.011


           ESTIMATED COVARIANCE MATRIX FOR THE LATENT VARIABLES
              CX4           CX5           CY1           CY2           CY3
              ________      ________      ________      ________      ________
 CX4            0.750
 CX5            0.139         0.308
 CY1            0.000         0.000         0.824
 CY2            0.008         0.002         0.000         0.647
 CY3            0.096         0.021         0.000         0.061         0.596
 CY4            0.268         0.076         0.000         0.015         0.151
 CY5            0.152         0.058         0.000         0.005         0.054


           ESTIMATED COVARIANCE MATRIX FOR THE LATENT VARIABLES
              CY4           CY5
              ________      ________
 CY4            0.996
 CY5            0.321         0.875


           ESTIMATED CORRELATION MATRIX FOR THE LATENT VARIABLES
              RI_X          RI_Y          CX1           CX2           CX3
              ________      ________      ________      ________      ________
 RI_X           1.000
 RI_Y           0.664         1.000
 CX1            0.000         0.000         1.000
 CX2            0.000         0.000         0.161         1.000
 CX3            0.000         0.000         0.025         0.145         1.000
 CX4            0.000         0.000         0.005         0.030         0.152
 CX5            0.000         0.000         0.001         0.009         0.043
 CY1            0.000         0.000         0.271         0.007         0.001
 CY2            0.000         0.000         0.005         0.263        -0.001
 CY3            0.000         0.000         0.013         0.097         0.184
 CY4            0.000         0.000         0.003         0.019         0.039
 CY5            0.000         0.000         0.001         0.009         0.026


           ESTIMATED CORRELATION MATRIX FOR THE LATENT VARIABLES
              CX4           CX5           CY1           CY2           CY3
              ________      ________      ________      ________      ________
 CX4            1.000
 CX5            0.289         1.000
 CY1            0.000         0.000         1.000
 CY2            0.012         0.004         0.000         1.000
 CY3            0.143         0.049         0.001         0.098         1.000
 CY4            0.310         0.137         0.000         0.019         0.196
 CY5            0.188         0.111         0.000         0.007         0.075


           ESTIMATED CORRELATION MATRIX FOR THE LATENT VARIABLES
              CY4           CY5
              ________      ________
 CY4            1.000
 CY5            0.344         1.000


     Beginning Time:  13:31:21
        Ending Time:  13:31:21
       Elapsed Time:  00:00:00



MUTHEN & MUTHEN
3463 Stoner Ave.
Los Angeles, CA  90066

Tel: (310) 391-9971
Fax: (310) 391-8971
Web: www.StatModel.com
Support: Support@StatModel.com

Copyright (c) 1998-2012 Muthen & Muthen
